{"numTotalTestSuites":721,"numPassedTestSuites":666,"numFailedTestSuites":55,"numPendingTestSuites":0,"numTotalTests":2145,"numPassedTests":2026,"numFailedTests":64,"numPendingTests":52,"numTodoTests":3,"snapshot":{"added":0,"failure":false,"filesAdded":0,"filesRemoved":0,"filesRemovedList":[],"filesUnmatched":0,"filesUpdated":0,"matched":0,"total":0,"unchecked":0,"uncheckedKeysByFile":[],"unmatched":0,"updated":0,"didUpdate":false},"startTime":1789589683250,"success":false,"testResults":[{"assertionResults":[{"ancestorTitles":["AuditTrailFooter — Branch 1: full two-line render"],"fullName":"AuditTrailFooter — Branch 1: full two-line render shows both Created and Last updated lines for different actors with >60s gap","status":"passed","title":"shows both Created and Last updated lines for different actors with >60s gap","duration":2.1423999999999523,"failureMessages":[],"meta":{}},{"ancestorTitles":["AuditTrailFooter — Branch 2: collapse when updatedAt === createdAt"],"fullName":"AuditTrailFooter — Branch 2: collapse when updatedAt === createdAt shows only Created line when updatedAt is identical to createdAt","status":"passed","title":"shows only Created line when updatedAt is identical to createdAt","duration":0.337099999999964,"failureMessages":[],"meta":{}},{"ancestorTitles":["AuditTrailFooter — Branch 2: collapse when updatedAt === createdAt"],"fullName":"AuditTrailFooter — Branch 2: collapse when updatedAt === createdAt shows only Created when updatedAt is exactly equal even with different actor names","status":"passed","title":"shows only Created when updatedAt is exactly equal even with different actor names","duration":0.19700000000000273,"failureMessages":[],"meta":{}},{"ancestorTitles":["AuditTrailFooter — Branch 3: null name/email renders as Unknown"],"fullName":"AuditTrailFooter — Branch 3: null name/email renders as Unknown falls back to Unknown when both createdByName and createdByEmail are null","status":"passed","title":"falls back to Unknown when both createdByName and createdByEmail are null","duration":0.471300000000042,"failureMessages":[],"meta":{}},{"ancestorTitles":["AuditTrailFooter — Branch 3: null name/email renders as Unknown"],"fullName":"AuditTrailFooter — Branch 3: null name/email renders as Unknown uses email as fallback when name is null but email is set","status":"passed","title":"uses email as fallback when name is null but email is set","duration":0.21890000000007603,"failureMessages":[],"meta":{}},{"ancestorTitles":["AuditTrailFooter — Branch 4: collapse when same actor and <60s gap"],"fullName":"AuditTrailFooter — Branch 4: collapse when same actor and <60s gap shows only Created when same actor updated within 60 seconds","status":"passed","title":"shows only Created when same actor updated within 60 seconds","duration":0.17470000000002983,"failureMessages":[],"meta":{}},{"ancestorTitles":["AuditTrailFooter — Branch 4: collapse when same actor and <60s gap"],"fullName":"AuditTrailFooter — Branch 4: collapse when same actor and <60s gap shows both lines when different actors even with <60s gap","status":"passed","title":"shows both lines when different actors even with <60s gap","duration":0.15689999999995052,"failureMessages":[],"meta":{}},{"ancestorTitles":["AuditTrailFooter — Branch 4: collapse when same actor and <60s gap"],"fullName":"AuditTrailFooter — Branch 4: collapse when same actor and <60s gap shows both lines when same actor but >60s gap","status":"passed","title":"shows both lines when same actor but >60s gap","duration":0.17679999999995744,"failureMessages":[],"meta":{}},{"ancestorTitles":["AuditTrailFooter — Branch 5: absolute tooltip content"],"fullName":"AuditTrailFooter — Branch 5: absolute tooltip content formatAbsoluteTime returns a non-empty string containing the year","status":"passed","title":"formatAbsoluteTime returns a non-empty string containing the year","duration":26.29239999999993,"failureMessages":[],"meta":{}},{"ancestorTitles":["AuditTrailFooter — Branch 5: absolute tooltip content"],"fullName":"AuditTrailFooter — Branch 5: absolute tooltip content formatAbsoluteTime handles a string input","status":"passed","title":"formatAbsoluteTime handles a string input","duration":0.6323999999999614,"failureMessages":[],"meta":{}},{"ancestorTitles":["AuditTrailFooter — Branch 5: absolute tooltip content"],"fullName":"AuditTrailFooter — Branch 5: absolute tooltip content formatAbsoluteTime returns empty string for invalid date","status":"passed","title":"formatAbsoluteTime returns empty string for invalid date","duration":0.16820000000006985,"failureMessages":[],"meta":{}},{"ancestorTitles":["AuditTrailFooter — Branch 6: dark-mode class application"],"fullName":"AuditTrailFooter — Branch 6: dark-mode class application component renders paragraphs with text-muted-foreground class (verified by component source)","status":"passed","title":"component renders paragraphs with text-muted-foreground class (verified by component source)","duration":0.13819999999998345,"failureMessages":[],"meta":{}},{"ancestorTitles":["AuditTrailFooter — Branch 6: dark-mode class application"],"fullName":"AuditTrailFooter — Branch 6: dark-mode class application outer container uses mt-8 pt-6 spacing classes (no border — design locked)","status":"passed","title":"outer container uses mt-8 pt-6 spacing classes (no border — design locked)","duration":0.33749999999997726,"failureMessages":[],"meta":{}},{"ancestorTitles":["formatRelativeTime — time bucket coverage"],"fullName":"formatRelativeTime — time bucket coverage returns \"just now\" for 0ms diff","status":"passed","title":"returns \"just now\" for 0ms diff","duration":0.13570000000004256,"failureMessages":[],"meta":{}},{"ancestorTitles":["formatRelativeTime — time bucket coverage"],"fullName":"formatRelativeTime — time bucket coverage returns \"just now\" for 3 seconds diff","status":"passed","title":"returns \"just now\" for 3 seconds diff","duration":0.15250000000003183,"failureMessages":[],"meta":{}},{"ancestorTitles":["formatRelativeTime — time bucket coverage"],"fullName":"formatRelativeTime — time bucket coverage returns \"N seconds ago\" for 10 seconds","status":"passed","title":"returns \"N seconds ago\" for 10 seconds","duration":0.09960000000000946,"failureMessages":[],"meta":{}},{"ancestorTitles":["formatRelativeTime — time bucket coverage"],"fullName":"formatRelativeTime — time bucket coverage returns \"1 minute ago\" for 61 seconds","status":"passed","title":"returns \"1 minute ago\" for 61 seconds","duration":0.08899999999994179,"failureMessages":[],"meta":{}},{"ancestorTitles":["formatRelativeTime — time bucket coverage"],"fullName":"formatRelativeTime — time bucket coverage returns \"5 minutes ago\" for 5 minutes","status":"passed","title":"returns \"5 minutes ago\" for 5 minutes","duration":0.09800000000007003,"failureMessages":[],"meta":{}},{"ancestorTitles":["formatRelativeTime — time bucket coverage"],"fullName":"formatRelativeTime — time bucket coverage returns \"1 hour ago\" for 61 minutes","status":"passed","title":"returns \"1 hour ago\" for 61 minutes","duration":0.09530000000006567,"failureMessages":[],"meta":{}},{"ancestorTitles":["formatRelativeTime — time bucket coverage"],"fullName":"formatRelativeTime — time bucket coverage returns \"3 hours ago\" for 3 hours","status":"passed","title":"returns \"3 hours ago\" for 3 hours","duration":0.09119999999995798,"failureMessages":[],"meta":{}},{"ancestorTitles":["formatRelativeTime — time bucket coverage"],"fullName":"formatRelativeTime — time bucket coverage returns \"1 day ago\" for 25 hours","status":"passed","title":"returns \"1 day ago\" for 25 hours","duration":0.11959999999999127,"failureMessages":[],"meta":{}},{"ancestorTitles":["formatRelativeTime — time bucket coverage"],"fullName":"formatRelativeTime — time bucket coverage returns \"3 days ago\" for 3 days","status":"passed","title":"returns \"3 days ago\" for 3 days","duration":0.1030999999999267,"failureMessages":[],"meta":{}},{"ancestorTitles":["formatRelativeTime — time bucket coverage"],"fullName":"formatRelativeTime — time bucket coverage returns \"1 week ago\" for 8 days","status":"passed","title":"returns \"1 week ago\" for 8 days","duration":0.08830000000000382,"failureMessages":[],"meta":{}},{"ancestorTitles":["formatRelativeTime — time bucket coverage"],"fullName":"formatRelativeTime — time bucket coverage returns \"2 weeks ago\" for 15 days","status":"passed","title":"returns \"2 weeks ago\" for 15 days","duration":0.08910000000003038,"failureMessages":[],"meta":{}},{"ancestorTitles":["formatRelativeTime — time bucket coverage"],"fullName":"formatRelativeTime — time bucket coverage returns \"1 month ago\" for 31 days","status":"passed","title":"returns \"1 month ago\" for 31 days","duration":0.09659999999996671,"failureMessages":[],"meta":{}},{"ancestorTitles":["formatRelativeTime — time bucket coverage"],"fullName":"formatRelativeTime — time bucket coverage returns \"3 months ago\" for 95 days","status":"passed","title":"returns \"3 months ago\" for 95 days","duration":0.08650000000000091,"failureMessages":[],"meta":{}},{"ancestorTitles":["formatRelativeTime — time bucket coverage"],"fullName":"formatRelativeTime — time bucket coverage returns \"1 year ago\" for 366 days","status":"passed","title":"returns \"1 year ago\" for 366 days","duration":0.08699999999998909,"failureMessages":[],"meta":{}},{"ancestorTitles":["formatRelativeTime — time bucket coverage"],"fullName":"formatRelativeTime — time bucket coverage returns \"2 years ago\" for 730 days","status":"passed","title":"returns \"2 years ago\" for 730 days","duration":0.07690000000002328,"failureMessages":[],"meta":{}},{"ancestorTitles":["formatRelativeTime — time bucket coverage"],"fullName":"formatRelativeTime — time bucket coverage returns \"just now\" for future timestamps (defensive)","status":"passed","title":"returns \"just now\" for future timestamps (defensive)","duration":0.07380000000000564,"failureMessages":[],"meta":{}},{"ancestorTitles":["formatRelativeTime — time bucket coverage"],"fullName":"formatRelativeTime — time bucket coverage returns empty string for invalid date","status":"passed","title":"returns empty string for invalid date","duration":0.07330000000001746,"failureMessages":[],"meta":{}},{"ancestorTitles":["formatRelativeTime — time bucket coverage"],"fullName":"formatRelativeTime — time bucket coverage accepts string input","status":"passed","title":"accepts string input","duration":0.09810000000004493,"failureMessages":[],"meta":{}}],"startTime":1789589698781,"endTime":1789589698815.0981,"status":"passed","message":"","name":"C:/Users/sammy/Projects/DriveCommand/apps/web/src/__tests__/audit-trail-footer.test.ts"},{"assertionResults":[{"ancestorTitles":["formatDateOnly","the reported CDL defect — 2027-01-14 is the fourteenth everywhere"],"fullName":"formatDateOnly the reported CDL defect — 2027-01-14 is the fourteenth everywhere renders \"January 14, 2027\" in America/Chicago","status":"passed","title":"renders \"January 14, 2027\" in America/Chicago","duration":31.189000000000078,"failureMessages":[],"meta":{}},{"ancestorTitles":["formatDateOnly","the reported CDL defect — 2027-01-14 is the fourteenth everywhere"],"fullName":"formatDateOnly the reported CDL defect — 2027-01-14 is the fourteenth everywhere renders \"January 14, 2027\" in America/Los_Angeles","status":"passed","title":"renders \"January 14, 2027\" in America/Los_Angeles","duration":1.0231999999999744,"failureMessages":[],"meta":{}},{"ancestorTitles":["formatDateOnly","the reported CDL defect — 2027-01-14 is the fourteenth everywhere"],"fullName":"formatDateOnly the reported CDL defect — 2027-01-14 is the fourteenth everywhere renders \"January 14, 2027\" in America/New_York","status":"passed","title":"renders \"January 14, 2027\" in America/New_York","duration":0.8556999999999562,"failureMessages":[],"meta":{}},{"ancestorTitles":["formatDateOnly","the reported CDL defect — 2027-01-14 is the fourteenth everywhere"],"fullName":"formatDateOnly the reported CDL defect — 2027-01-14 is the fourteenth everywhere renders \"January 14, 2027\" in UTC","status":"passed","title":"renders \"January 14, 2027\" in UTC","duration":0.7871000000000095,"failureMessages":[],"meta":{}},{"ancestorTitles":["formatDateOnly","the reported CDL defect — 2027-01-14 is the fourteenth everywhere"],"fullName":"formatDateOnly the reported CDL defect — 2027-01-14 is the fourteenth everywhere renders \"January 14, 2027\" in Australia/Sydney","status":"passed","title":"renders \"January 14, 2027\" in Australia/Sydney","duration":0.8522000000000389,"failureMessages":[],"meta":{}},{"ancestorTitles":["formatDateOnly"],"fullName":"formatDateOnly handles a Prisma Date object, not just the serialised string","status":"passed","title":"handles a Prisma Date object, not just the serialised string","duration":0.6645999999999503,"failureMessages":[],"meta":{}},{"ancestorTitles":["formatDateOnly"],"fullName":"formatDateOnly respects Intl options","status":"passed","title":"respects Intl options","duration":0.5003000000000384,"failureMessages":[],"meta":{}},{"ancestorTitles":["formatDateOnly"],"fullName":"formatDateOnly survives a DST boundary in both directions","status":"passed","title":"survives a DST boundary in both directions","duration":0.595299999999952,"failureMessages":[],"meta":{}},{"ancestorTitles":["formatDateOnly"],"fullName":"formatDateOnly returns an em dash for null, undefined, empty and unparseable input","status":"passed","title":"returns an em dash for null, undefined, empty and unparseable input","duration":0.3834000000000515,"failureMessages":[],"meta":{}},{"ancestorTitles":["daysUntilDateOnly"],"fullName":"daysUntilDateOnly a licence expiring today is 0 days out, not -1","status":"passed","title":"a licence expiring today is 0 days out, not -1","duration":0.45029999999997017,"failureMessages":[],"meta":{}},{"ancestorTitles":["daysUntilDateOnly"],"fullName":"daysUntilDateOnly yesterday is -1 and genuinely expired","status":"passed","title":"yesterday is -1 and genuinely expired","duration":0.2922999999999547,"failureMessages":[],"meta":{}},{"ancestorTitles":["daysUntilDateOnly"],"fullName":"daysUntilDateOnly counts forward in whole days regardless of the time of day","status":"passed","title":"counts forward in whole days regardless of the time of day","duration":0.23929999999995744,"failureMessages":[],"meta":{}},{"ancestorTitles":["daysUntilDateOnly"],"fullName":"daysUntilDateOnly gives the same answer in every zone for a given local day","status":"passed","title":"gives the same answer in every zone for a given local day","duration":0.5928000000000111,"failureMessages":[],"meta":{}},{"ancestorTitles":["daysUntilDateOnly"],"fullName":"daysUntilDateOnly returns null for null, undefined, empty and unparseable input","status":"passed","title":"returns null for null, undefined, empty and unparseable input","duration":0.28100000000006276,"failureMessages":[],"meta":{}}],"startTime":1789589698006,"endTime":1789589698045.5928,"status":"passed","message":"","name":"C:/Users/sammy/Projects/DriveCommand/apps/web/src/__tests__/date-only.test.ts"},{"assertionResults":[{"ancestorTitles":["(driver-fullscreen) — one shell"],"fullName":"(driver-fullscreen) — one shell the layout string lives in exactly one file, and it is the shell","status":"passed","title":"the layout string lives in exactly one file, and it is the shell","duration":487.1941999999999,"failureMessages":[],"meta":{}},{"ancestorTitles":["(driver-fullscreen) — one shell"],"fullName":"(driver-fullscreen) — one shell feedback is rendered above the actions in both shells","status":"passed","title":"feedback is rendered above the actions in both shells","duration":2.3035999999999603,"failureMessages":[],"meta":{}},{"ancestorTitles":["(driver-fullscreen) — one shell"],"fullName":"(driver-fullscreen) — one shell renders its error through the shell — 'InspectionClient — BeginScreen and Ou…'","status":"passed","title":"renders its error through the shell — 'InspectionClient — BeginScreen and Ou…'","duration":1.7024999999998727,"failureMessages":[],"meta":{}},{"ancestorTitles":["(driver-fullscreen) — one shell"],"fullName":"(driver-fullscreen) — one shell renders its error through the shell — 'InspectionRunner — the walkaround and…'","status":"passed","title":"renders its error through the shell — 'InspectionRunner — the walkaround and…'","duration":1.2573999999999614,"failureMessages":[],"meta":{}},{"ancestorTitles":["(driver-fullscreen) — one shell"],"fullName":"(driver-fullscreen) — one shell the shell is actually reached — the screens still exist and still guard","status":"passed","title":"the shell is actually reached — the screens still exist and still guard","duration":2.340599999999995,"failureMessages":[],"meta":{}},{"ancestorTitles":["(driver-fullscreen) — one shell"],"fullName":"(driver-fullscreen) — one shell no touch target in the group falls below 44px","status":"passed","title":"no touch target in the group falls below 44px","duration":5.091200000000072,"failureMessages":[],"meta":{}}],"startTime":1789589693023,"endTime":1789589693523.0913,"status":"passed","message":"","name":"C:/Users/sammy/Projects/DriveCommand/apps/web/src/__tests__/driver-fullscreen-shell.test.ts"},{"assertionResults":[{"ancestorTitles":["formatPayPeriodDate","raw 'YYYY-MM-DD' string — stable across all US timezones"],"fullName":"formatPayPeriodDate raw 'YYYY-MM-DD' string — stable across all US timezones renders '2026-05-11' as 'May 11, 2026' in America/Los_Angeles","status":"passed","title":"renders '2026-05-11' as 'May 11, 2026' in America/Los_Angeles","duration":28.932399999999916,"failureMessages":[],"meta":{}},{"ancestorTitles":["formatPayPeriodDate","raw 'YYYY-MM-DD' string — stable across all US timezones"],"fullName":"formatPayPeriodDate raw 'YYYY-MM-DD' string — stable across all US timezones renders '2026-05-11' as 'May 11, 2026' in America/Chicago","status":"passed","title":"renders '2026-05-11' as 'May 11, 2026' in America/Chicago","duration":1.0867999999999256,"failureMessages":[],"meta":{}},{"ancestorTitles":["formatPayPeriodDate","raw 'YYYY-MM-DD' string — stable across all US timezones"],"fullName":"formatPayPeriodDate raw 'YYYY-MM-DD' string — stable across all US timezones renders '2026-05-11' as 'May 11, 2026' in America/New_York","status":"passed","title":"renders '2026-05-11' as 'May 11, 2026' in America/New_York","duration":0.7542999999999438,"failureMessages":[],"meta":{}},{"ancestorTitles":["formatPayPeriodDate","raw 'YYYY-MM-DD' string — stable across all US timezones"],"fullName":"formatPayPeriodDate raw 'YYYY-MM-DD' string — stable across all US timezones renders '2026-05-11' as 'May 11, 2026' in UTC","status":"passed","title":"renders '2026-05-11' as 'May 11, 2026' in UTC","duration":0.600400000000036,"failureMessages":[],"meta":{}},{"ancestorTitles":["formatPayPeriodDate","raw 'YYYY-MM-DD' string — stable across all US timezones"],"fullName":"formatPayPeriodDate raw 'YYYY-MM-DD' string — stable across all US timezones produces identical output across all 4 timezones for raw date string","status":"passed","title":"produces identical output across all 4 timezones for raw date string","duration":1.4739999999999327,"failureMessages":[],"meta":{}},{"ancestorTitles":["formatPayPeriodDate","UTC midnight ISO string ('YYYY-MM-DDT00:00:00.000Z') — the production bug shape"],"fullName":"formatPayPeriodDate UTC midnight ISO string ('YYYY-MM-DDT00:00:00.000Z') — the production bug shape renders '2026-05-11T00:00:00.000Z' as 'May 11, 2026' in America/Los_Angeles","status":"passed","title":"renders '2026-05-11T00:00:00.000Z' as 'May 11, 2026' in America/Los_Angeles","duration":0.8836999999999762,"failureMessages":[],"meta":{}},{"ancestorTitles":["formatPayPeriodDate","UTC midnight ISO string ('YYYY-MM-DDT00:00:00.000Z') — the production bug shape"],"fullName":"formatPayPeriodDate UTC midnight ISO string ('YYYY-MM-DDT00:00:00.000Z') — the production bug shape renders '2026-05-11T00:00:00.000Z' as 'May 11, 2026' in America/Chicago","status":"passed","title":"renders '2026-05-11T00:00:00.000Z' as 'May 11, 2026' in America/Chicago","duration":0.6735999999999649,"failureMessages":[],"meta":{}},{"ancestorTitles":["formatPayPeriodDate","UTC midnight ISO string ('YYYY-MM-DDT00:00:00.000Z') — the production bug shape"],"fullName":"formatPayPeriodDate UTC midnight ISO string ('YYYY-MM-DDT00:00:00.000Z') — the production bug shape renders '2026-05-11T00:00:00.000Z' as 'May 11, 2026' in America/New_York","status":"passed","title":"renders '2026-05-11T00:00:00.000Z' as 'May 11, 2026' in America/New_York","duration":0.6583000000000538,"failureMessages":[],"meta":{}},{"ancestorTitles":["formatPayPeriodDate","UTC midnight ISO string ('YYYY-MM-DDT00:00:00.000Z') — the production bug shape"],"fullName":"formatPayPeriodDate UTC midnight ISO string ('YYYY-MM-DDT00:00:00.000Z') — the production bug shape renders '2026-05-11T00:00:00.000Z' as 'May 11, 2026' in UTC","status":"passed","title":"renders '2026-05-11T00:00:00.000Z' as 'May 11, 2026' in UTC","duration":0.6225999999999203,"failureMessages":[],"meta":{}},{"ancestorTitles":["formatPayPeriodDate","UTC midnight ISO string ('YYYY-MM-DDT00:00:00.000Z') — the production bug shape"],"fullName":"formatPayPeriodDate UTC midnight ISO string ('YYYY-MM-DDT00:00:00.000Z') — the production bug shape produces identical output across all 4 timezones for UTC midnight ISO string","status":"passed","title":"produces identical output across all 4 timezones for UTC midnight ISO string","duration":1.5366999999999962,"failureMessages":[],"meta":{}},{"ancestorTitles":["formatPayPeriodDate","UTC midnight ISO without ms ('YYYY-MM-DDT00:00:00Z')"],"fullName":"formatPayPeriodDate UTC midnight ISO without ms ('YYYY-MM-DDT00:00:00Z') renders '2026-05-11T00:00:00Z' as 'May 11, 2026' in America/Los_Angeles","status":"passed","title":"renders '2026-05-11T00:00:00Z' as 'May 11, 2026' in America/Los_Angeles","duration":0.6554999999999609,"failureMessages":[],"meta":{}},{"ancestorTitles":["formatPayPeriodDate","UTC midnight ISO without ms ('YYYY-MM-DDT00:00:00Z')"],"fullName":"formatPayPeriodDate UTC midnight ISO without ms ('YYYY-MM-DDT00:00:00Z') renders '2026-05-11T00:00:00Z' as 'May 11, 2026' in America/Chicago","status":"passed","title":"renders '2026-05-11T00:00:00Z' as 'May 11, 2026' in America/Chicago","duration":0.3935999999999922,"failureMessages":[],"meta":{}},{"ancestorTitles":["formatPayPeriodDate","UTC midnight ISO without ms ('YYYY-MM-DDT00:00:00Z')"],"fullName":"formatPayPeriodDate UTC midnight ISO without ms ('YYYY-MM-DDT00:00:00Z') renders '2026-05-11T00:00:00Z' as 'May 11, 2026' in America/New_York","status":"passed","title":"renders '2026-05-11T00:00:00Z' as 'May 11, 2026' in America/New_York","duration":0.37570000000005166,"failureMessages":[],"meta":{}},{"ancestorTitles":["formatPayPeriodDate","UTC midnight ISO without ms ('YYYY-MM-DDT00:00:00Z')"],"fullName":"formatPayPeriodDate UTC midnight ISO without ms ('YYYY-MM-DDT00:00:00Z') renders '2026-05-11T00:00:00Z' as 'May 11, 2026' in UTC","status":"passed","title":"renders '2026-05-11T00:00:00Z' as 'May 11, 2026' in UTC","duration":0.5888999999999669,"failureMessages":[],"meta":{}},{"ancestorTitles":["formatPayPeriodDate","real timestamp strings — pass through standard Date parsing (NOT date-only branch)"],"fullName":"formatPayPeriodDate real timestamp strings — pass through standard Date parsing (NOT date-only branch) '2026-05-11T05:00:00.000Z' renders differently in UTC vs America/Los_Angeles (day-boundary proof)","status":"passed","title":"'2026-05-11T05:00:00.000Z' renders differently in UTC vs America/Los_Angeles (day-boundary proof)","duration":4.590000000000032,"failureMessages":[],"meta":{}},{"ancestorTitles":["formatPayPeriodDate","real timestamp strings — pass through standard Date parsing (NOT date-only branch)"],"fullName":"formatPayPeriodDate real timestamp strings — pass through standard Date parsing (NOT date-only branch) '2026-05-11T18:30:00.000Z' is not caught by the date-only regex","status":"passed","title":"'2026-05-11T18:30:00.000Z' is not caught by the date-only regex","duration":1.6977999999999156,"failureMessages":[],"meta":{}},{"ancestorTitles":["formatPayPeriodDate","custom Intl.DateTimeFormatOptions"],"fullName":"formatPayPeriodDate custom Intl.DateTimeFormatOptions renders with short month when opts override is passed","status":"passed","title":"renders with short month when opts override is passed","duration":8.378600000000006,"failureMessages":[],"meta":{}},{"ancestorTitles":["formatPayPeriodDate","custom Intl.DateTimeFormatOptions"],"fullName":"formatPayPeriodDate custom Intl.DateTimeFormatOptions renders with month + day only (no year) when opts override is passed","status":"passed","title":"renders with month + day only (no year) when opts override is passed","duration":0.7824999999999136,"failureMessages":[],"meta":{}},{"ancestorTitles":["formatPayPeriodDate","Date instance input"],"fullName":"formatPayPeriodDate Date instance input formats a Date object via the standard branch","status":"passed","title":"formats a Date object via the standard branch","duration":0.5231999999999744,"failureMessages":[],"meta":{}}],"startTime":1789589694787,"endTime":1789589694844.5232,"status":"passed","message":"","name":"C:/Users/sammy/Projects/DriveCommand/apps/web/src/__tests__/format-date.test.ts"},{"assertionResults":[{"ancestorTitles":["no control characters in source"],"fullName":"no control characters in source actually found files to scan","status":"passed","title":"actually found files to scan","duration":2.7998999999999796,"failureMessages":[],"meta":{}},{"ancestorTitles":["no control characters in source"],"fullName":"no control characters in source detects a control character when one is present","status":"passed","title":"detects a control character when one is present","duration":0.8535000000000537,"failureMessages":[],"meta":{}},{"ancestorTitles":["no control characters in source"],"fullName":"no control characters in source finds no control characters in any scanned file","status":"passed","title":"finds no control characters in any scanned file","duration":625.8081000000001,"failureMessages":[],"meta":{}}],"startTime":1789589688710,"endTime":1789589689338.808,"status":"passed","message":"","name":"C:/Users/sammy/Projects/DriveCommand/apps/web/src/__tests__/no-control-characters.test.ts"},{"assertionResults":[{"ancestorTitles":["nuqs adapter coverage — the scan found something"],"fullName":"nuqs adapter coverage — the scan found something walked a real number of source files","status":"passed","title":"walked a real number of source files","duration":7.259500000000116,"failureMessages":[],"meta":{}},{"ancestorTitles":["nuqs adapter coverage — the scan found something"],"fullName":"nuqs adapter coverage — the scan found something found at least one module importing a hook from bare `nuqs`","status":"passed","title":"found at least one module importing a hook from bare `nuqs`","duration":1.014299999999821,"failureMessages":[],"meta":{}},{"ancestorTitles":["nuqs adapter coverage — the scan found something"],"fullName":"nuqs adapter coverage — the scan found something read that module as non-empty after CRLF normalisation","status":"passed","title":"read that module as non-empty after CRLF normalisation","duration":1.9660000000003492,"failureMessages":[],"meta":{}},{"ancestorTitles":["nuqs adapter coverage — the scan found something"],"fullName":"nuqs adapter coverage — the scan found something found at least one NuqsAdapter mount","status":"passed","title":"found at least one NuqsAdapter mount","duration":0.3745000000003529,"failureMessages":[],"meta":{}},{"ancestorTitles":["nuqs adapter coverage — the scan found something"],"fullName":"nuqs adapter coverage — the scan found something traced the consumer set to at least the seven pages quick-605 measured","status":"passed","title":"traced the consumer set to at least the seven pages quick-605 measured","duration":0.21509999999989304,"failureMessages":[],"meta":{}},{"ancestorTitles":["nuqs adapter coverage — the scan found something"],"fullName":"nuqs adapter coverage — the scan found something assertScanIntegrity agrees, and is the single gate the CLI uses too","status":"passed","title":"assertScanIntegrity agrees, and is the single gate the CLI uses too","duration":1.6369000000004235,"failureMessages":[],"meta":{}},{"ancestorTitles":["nuqs adapter coverage — the scan found something"],"fullName":"nuqs adapter coverage — the scan found something COUNTER-ASSERTION: an empty page set is rejected, not passed over","status":"passed","title":"COUNTER-ASSERTION: an empty page set is rejected, not passed over","duration":0.7321999999999207,"failureMessages":[],"meta":{}},{"ancestorTitles":["nuqs adapter coverage — the scan found something"],"fullName":"nuqs adapter coverage — the scan found something COUNTER-ASSERTION: a missing mount is rejected","status":"passed","title":"COUNTER-ASSERTION: a missing mount is rejected","duration":0.5522999999998319,"failureMessages":[],"meta":{}},{"ancestorTitles":["nuqs adapter coverage — every consumer page is covered"],"fullName":"nuqs adapter coverage — every consumer page is covered every page that transitively renders a nuqs hook has an adapter above it","status":"passed","title":"every page that transitively renders a nuqs hook has an adapter above it","duration":0.840900000000147,"failureMessages":[],"meta":{}},{"ancestorTitles":["nuqs adapter coverage — every consumer page is covered"],"fullName":"nuqs adapter coverage — every consumer page is covered the mount that covers them is the ROOT layout, not a route-group one","status":"passed","title":"the mount that covers them is the ROOT layout, not a route-group one","duration":0.3140000000003056,"failureMessages":[],"meta":{}},{"ancestorTitles":["nuqs adapter coverage — every consumer page is covered"],"fullName":"nuqs adapter coverage — every consumer page is covered both route groups that hold consumers are represented, so this is not a one-group scan","status":"passed","title":"both route groups that hold consumers are represented, so this is not a one-group scan","duration":0.20980000000008658,"failureMessages":[],"meta":{}}],"startTime":1789589700444,"endTime":1789589700467.314,"status":"passed","message":"","name":"C:/Users/sammy/Projects/DriveCommand/apps/web/src/__tests__/nuqs-adapter-coverage.test.ts"},{"assertionResults":[{"ancestorTitles":["SidebarFooter toggle label"],"fullName":"SidebarFooter toggle label shows 'Collapse' when sidebar is expanded","status":"passed","title":"shows 'Collapse' when sidebar is expanded","duration":1.9943999999999278,"failureMessages":[],"meta":{}},{"ancestorTitles":["SidebarFooter toggle label"],"fullName":"SidebarFooter toggle label shows 'Expand' when sidebar is collapsed","status":"passed","title":"shows 'Expand' when sidebar is collapsed","duration":0.31949999999994816,"failureMessages":[],"meta":{}},{"ancestorTitles":["SidebarFooter toggle label"],"fullName":"SidebarFooter toggle label correctly flips labels on state change","status":"passed","title":"correctly flips labels on state change","duration":0.29349999999999454,"failureMessages":[],"meta":{}},{"ancestorTitles":["SidebarFooter toggle label"],"fullName":"SidebarFooter toggle label 10 consecutive toggles all produce correct labels","status":"passed","title":"10 consecutive toggles all produce correct labels","duration":0.8719999999999573,"failureMessages":[],"meta":{}},{"ancestorTitles":["SidebarFooter toggle label"],"fullName":"SidebarFooter toggle label peek overlay scenario: visual expanded but sidebar collapsed shows Expand","status":"passed","title":"peek overlay scenario: visual expanded but sidebar collapsed shows Expand","duration":0.2857999999999947,"failureMessages":[],"meta":{}}],"startTime":1789589712249,"endTime":1789589712252.286,"status":"passed","message":"","name":"C:/Users/sammy/Projects/DriveCommand/apps/web/src/__tests__/sidebar-footer-toggle.test.ts"},{"assertionResults":[{"ancestorTitles":["completeStep — type-specific validation"],"fullName":"completeStep — type-specific validation DOCUMENT_UPLOAD: rejects with MISSING_FILES when fileUrls is empty","status":"failed","title":"DOCUMENT_UPLOAD: rejects with MISSING_FILES when fileUrls is empty","duration":3157.7815,"failureMessages":["AssertionError: expected error to match asymmetric matcher\n    at file:///C:/Users/sammy/Projects/DriveCommand/node_modules/@vitest/expect/dist/index.js:1704:20\n    at processTicksAndRejections (node:internal/process/task_queues:103:5)\n    at C:/Users/sammy/Projects/DriveCommand/apps/web/src/__tests__/workflows-complete-step.test.ts:101:5\n    at file:///C:/Users/sammy/Projects/DriveCommand/node_modules/@vitest/runner/dist/index.js:915:20"],"meta":{}},{"ancestorTitles":["completeStep — type-specific validation"],"fullName":"completeStep — type-specific validation SIGNATURE: rejects with MISSING_SIGNATURE when signatureUrl is absent","status":"failed","title":"SIGNATURE: rejects with MISSING_SIGNATURE when signatureUrl is absent","duration":2.949899999999616,"failureMessages":["AssertionError: expected error to match asymmetric matcher\n    at file:///C:/Users/sammy/Projects/DriveCommand/node_modules/@vitest/expect/dist/index.js:1704:20\n    at processTicksAndRejections (node:internal/process/task_queues:103:5)\n    at C:/Users/sammy/Projects/DriveCommand/apps/web/src/__tests__/workflows-complete-step.test.ts:113:5\n    at file:///C:/Users/sammy/Projects/DriveCommand/node_modules/@vitest/runner/dist/index.js:915:20"],"meta":{}},{"ancestorTitles":["completeStep — type-specific validation"],"fullName":"completeStep — type-specific validation FORM_FILL: rejects with INVALID_FORM when formData is absent","status":"failed","title":"FORM_FILL: rejects with INVALID_FORM when formData is absent","duration":2.20029999999997,"failureMessages":["AssertionError: expected error to match asymmetric matcher\n    at file:///C:/Users/sammy/Projects/DriveCommand/node_modules/@vitest/expect/dist/index.js:1704:20\n    at processTicksAndRejections (node:internal/process/task_queues:103:5)\n    at C:/Users/sammy/Projects/DriveCommand/apps/web/src/__tests__/workflows-complete-step.test.ts:125:5\n    at file:///C:/Users/sammy/Projects/DriveCommand/node_modules/@vitest/runner/dist/index.js:915:20"],"meta":{}},{"ancestorTitles":["completeStep — type-specific validation"],"fullName":"completeStep — type-specific validation FORM_FILL: rejects with INVALID_FORM when a required formSchema field is missing","status":"failed","title":"FORM_FILL: rejects with INVALID_FORM when a required formSchema field is missing","duration":2.304200000000037,"failureMessages":["AssertionError: expected error to match asymmetric matcher\n    at file:///C:/Users/sammy/Projects/DriveCommand/node_modules/@vitest/expect/dist/index.js:1704:20\n    at processTicksAndRejections (node:internal/process/task_queues:103:5)\n    at C:/Users/sammy/Projects/DriveCommand/apps/web/src/__tests__/workflows-complete-step.test.ts:137:5\n    at file:///C:/Users/sammy/Projects/DriveCommand/node_modules/@vitest/runner/dist/index.js:915:20"],"meta":{}},{"ancestorTitles":["completeStep — type-specific validation"],"fullName":"completeStep — type-specific validation FORM_FILL: completes successfully when all required formSchema fields are present","status":"failed","title":"FORM_FILL: completes successfully when all required formSchema fields are present","duration":5.704600000000028,"failureMessages":["Error: promise rejected \"Error: `cookies` was called outside a req… { __NEXT_ERROR_CODE: '…' }\" instead of resolving\n    at _Assertion.__VITEST_RESOLVES__ (file:///C:/Users/sammy/Projects/DriveCommand/node_modules/@vitest/expect/dist/index.js:1642:17)\n    at _Assertion.propertyGetter (file:///C:/Users/sammy/Projects/DriveCommand/node_modules/chai/index.js:1570:27)\n    at Reflect.get (<anonymous>)\n    at Object.proxyGetter [as get] (file:///C:/Users/sammy/Projects/DriveCommand/node_modules/chai/index.js:1659:22)\n    at C:/Users/sammy/Projects/DriveCommand/apps/web/src/__tests__/workflows-complete-step.test.ts:153:5\n    at processTicksAndRejections (node:internal/process/task_queues:103:5)\n    at file:///C:/Users/sammy/Projects/DriveCommand/node_modules/@vitest/runner/dist/index.js:915:20"],"meta":{}},{"ancestorTitles":["completeStep — type-specific validation"],"fullName":"completeStep — type-specific validation INSPECTION_ITEM: rejects with USE_FAIL_ENDPOINT when passOrFail is fail or missing","status":"failed","title":"INSPECTION_ITEM: rejects with USE_FAIL_ENDPOINT when passOrFail is fail or missing","duration":1.6895999999997002,"failureMessages":["AssertionError: expected error to match asymmetric matcher\n    at file:///C:/Users/sammy/Projects/DriveCommand/node_modules/@vitest/expect/dist/index.js:1704:20\n    at processTicksAndRejections (node:internal/process/task_queues:103:5)\n    at C:/Users/sammy/Projects/DriveCommand/apps/web/src/__tests__/workflows-complete-step.test.ts:168:5\n    at file:///C:/Users/sammy/Projects/DriveCommand/node_modules/@vitest/runner/dist/index.js:915:20"],"meta":{}},{"ancestorTitles":["completeStep — type-specific validation"],"fullName":"completeStep — type-specific validation TRAINING_ACK: rejects with MISSING_ACK when neither acknowledged nor note provided","status":"failed","title":"TRAINING_ACK: rejects with MISSING_ACK when neither acknowledged nor note provided","duration":1.4692999999997483,"failureMessages":["AssertionError: expected error to match asymmetric matcher\n    at file:///C:/Users/sammy/Projects/DriveCommand/node_modules/@vitest/expect/dist/index.js:1704:20\n    at processTicksAndRejections (node:internal/process/task_queues:103:5)\n    at C:/Users/sammy/Projects/DriveCommand/apps/web/src/__tests__/workflows-complete-step.test.ts:184:5\n    at file:///C:/Users/sammy/Projects/DriveCommand/node_modules/@vitest/runner/dist/index.js:915:20"],"meta":{}},{"ancestorTitles":["completeStep — type-specific validation"],"fullName":"completeStep — type-specific validation THIRD_PARTY: rejects with MISSING_EVIDENCE when no note and no fileUrls","status":"failed","title":"THIRD_PARTY: rejects with MISSING_EVIDENCE when no note and no fileUrls","duration":1.4157999999997628,"failureMessages":["AssertionError: expected error to match asymmetric matcher\n    at file:///C:/Users/sammy/Projects/DriveCommand/node_modules/@vitest/expect/dist/index.js:1704:20\n    at processTicksAndRejections (node:internal/process/task_queues:103:5)\n    at C:/Users/sammy/Projects/DriveCommand/apps/web/src/__tests__/workflows-complete-step.test.ts:196:5\n    at file:///C:/Users/sammy/Projects/DriveCommand/node_modules/@vitest/runner/dist/index.js:915:20"],"meta":{}},{"ancestorTitles":["completeStep — type-specific validation"],"fullName":"completeStep — type-specific validation CUSTOM_NOTE: rejects with MISSING_NOTE when note is empty (whitespace only)","status":"failed","title":"CUSTOM_NOTE: rejects with MISSING_NOTE when note is empty (whitespace only)","duration":1.5524999999997817,"failureMessages":["AssertionError: expected error to match asymmetric matcher\n    at file:///C:/Users/sammy/Projects/DriveCommand/node_modules/@vitest/expect/dist/index.js:1704:20\n    at processTicksAndRejections (node:internal/process/task_queues:103:5)\n    at C:/Users/sammy/Projects/DriveCommand/apps/web/src/__tests__/workflows-complete-step.test.ts:208:5\n    at file:///C:/Users/sammy/Projects/DriveCommand/node_modules/@vitest/runner/dist/index.js:915:20"],"meta":{}}],"startTime":1789589684157,"endTime":1789589687334.5525,"status":"failed","message":"","name":"C:/Users/sammy/Projects/DriveCommand/apps/web/src/__tests__/workflows-complete-step.test.ts"},{"assertionResults":[{"ancestorTitles":["dispatch enforcement + override audit (Phase 4 DoD tests 3 + 4)"],"fullName":"dispatch enforcement + override audit (Phase 4 DoD tests 3 + 4) DoD test 4: throws DRIVER_NOT_DISPATCH_READY and does NOT create dispatch when driver is not ready","status":"failed","title":"DoD test 4: throws DRIVER_NOT_DISPATCH_READY and does NOT create dispatch when driver is not ready","duration":111.13879999999972,"failureMessages":["AssertionError: expected [Function] to throw error including 'DRIVER_NOT_DISPATCH_READY' but got '`cookies` was called outside a reques…'\n    at _Assertion.<anonymous> (file:///C:/Users/sammy/Projects/DriveCommand/node_modules/@vitest/expect/dist/index.js:1485:16)\n    at _Assertion.<anonymous> (file:///C:/Users/sammy/Projects/DriveCommand/node_modules/@vitest/expect/dist/index.js:1090:14)\n    at _Assertion.methodWrapper (file:///C:/Users/sammy/Projects/DriveCommand/node_modules/chai/index.js:1700:25)\n    at file:///C:/Users/sammy/Projects/DriveCommand/node_modules/@vitest/expect/dist/index.js:1704:20\n    at processTicksAndRejections (node:internal/process/task_queues:103:5)\n    at C:/Users/sammy/Projects/DriveCommand/apps/web/src/__tests__/workflows-dispatch-enforcement.test.ts:122:5\n    at file:///C:/Users/sammy/Projects/DriveCommand/node_modules/@vitest/runner/dist/index.js:915:20"],"meta":{}},{"ancestorTitles":["dispatch enforcement + override audit (Phase 4 DoD tests 3 + 4)"],"fullName":"dispatch enforcement + override audit (Phase 4 DoD tests 3 + 4) DoD test 3: admin override creates dispatch and writes DispatchOverrideAudit with all 5 required fields","status":"failed","title":"DoD test 3: admin override creates dispatch and writes DispatchOverrideAudit with all 5 required fields","duration":4.34880000000021,"failureMessages":["Error: `cookies` was called outside a request scope. Read more: https://nextjs.org/docs/messages/next-dynamic-api-wrong-context\n    at throwForMissingRequestStore (C:\\Users\\sammy\\Projects\\DriveCommand\\node_modules\\next\\dist\\server\\app-render\\work-unit-async-storage.external.js:75:33)\n    at cookies (C:\\Users\\sammy\\Projects\\DriveCommand\\node_modules\\next\\dist\\server\\request\\cookies.js:126:67)\n    at createSupabaseServerClient (C:/Users/sammy/Projects/DriveCommand/apps/web/src/lib/supabase/server.ts:5:29)\n    at getSession2 (C:/Users/sammy/Projects/DriveCommand/apps/web/src/lib/auth/supabase.ts:45:26)\n    at processTicksAndRejections (node:internal/process/task_queues:103:5)\n    at resolveSessionTenantId (C:/Users/sammy/Projects/DriveCommand/apps/web/src/lib/context/tenant-context.ts:85:19)\n    at getTenantPrisma (C:/Users/sammy/Projects/DriveCommand/apps/web/src/lib/context/tenant-context.ts:173:20)\n    at Module.createTrip (C:/Users/sammy/Projects/DriveCommand/apps/web/src/lib/carrier/trips.ts:186:24)\n    at C:/Users/sammy/Projects/DriveCommand/apps/web/src/__tests__/workflows-dispatch-enforcement.test.ts:150:5\n    at file:///C:/Users/sammy/Projects/DriveCommand/node_modules/@vitest/runner/dist/index.js:915:20"],"meta":{}},{"ancestorTitles":["dispatch enforcement + override audit (Phase 4 DoD tests 3 + 4)"],"fullName":"dispatch enforcement + override audit (Phase 4 DoD tests 3 + 4) throws OVERRIDE_REQUIRES_ADMIN when a non-admin attempts to override dispatch readiness","status":"failed","title":"throws OVERRIDE_REQUIRES_ADMIN when a non-admin attempts to override dispatch readiness","duration":2.512300000000323,"failureMessages":["AssertionError: expected [Function] to throw error including 'OVERRIDE_REQUIRES_ADMIN' but got '`cookies` was called outside a reques…'\n    at _Assertion.<anonymous> (file:///C:/Users/sammy/Projects/DriveCommand/node_modules/@vitest/expect/dist/index.js:1485:16)\n    at _Assertion.<anonymous> (file:///C:/Users/sammy/Projects/DriveCommand/node_modules/@vitest/expect/dist/index.js:1090:14)\n    at _Assertion.methodWrapper (file:///C:/Users/sammy/Projects/DriveCommand/node_modules/chai/index.js:1700:25)\n    at file:///C:/Users/sammy/Projects/DriveCommand/node_modules/@vitest/expect/dist/index.js:1704:20\n    at processTicksAndRejections (node:internal/process/task_queues:103:5)\n    at C:/Users/sammy/Projects/DriveCommand/apps/web/src/__tests__/workflows-dispatch-enforcement.test.ts:191:5\n    at file:///C:/Users/sammy/Projects/DriveCommand/node_modules/@vitest/runner/dist/index.js:915:20"],"meta":{}},{"ancestorTitles":["dispatch enforcement + override audit (Phase 4 DoD tests 3 + 4)"],"fullName":"dispatch enforcement + override audit (Phase 4 DoD tests 3 + 4) creates dispatch normally for a dispatch-ready driver without writing any audit row","status":"failed","title":"creates dispatch normally for a dispatch-ready driver without writing any audit row","duration":1.1743999999998778,"failureMessages":["Error: `cookies` was called outside a request scope. Read more: https://nextjs.org/docs/messages/next-dynamic-api-wrong-context\n    at throwForMissingRequestStore (C:\\Users\\sammy\\Projects\\DriveCommand\\node_modules\\next\\dist\\server\\app-render\\work-unit-async-storage.external.js:75:33)\n    at cookies (C:\\Users\\sammy\\Projects\\DriveCommand\\node_modules\\next\\dist\\server\\request\\cookies.js:126:67)\n    at createSupabaseServerClient (C:/Users/sammy/Projects/DriveCommand/apps/web/src/lib/supabase/server.ts:5:29)\n    at getSession2 (C:/Users/sammy/Projects/DriveCommand/apps/web/src/lib/auth/supabase.ts:45:26)\n    at processTicksAndRejections (node:internal/process/task_queues:103:5)\n    at resolveSessionTenantId (C:/Users/sammy/Projects/DriveCommand/apps/web/src/lib/context/tenant-context.ts:85:19)\n    at getTenantPrisma (C:/Users/sammy/Projects/DriveCommand/apps/web/src/lib/context/tenant-context.ts:173:20)\n    at Module.createTrip (C:/Users/sammy/Projects/DriveCommand/apps/web/src/lib/carrier/trips.ts:186:24)\n    at C:/Users/sammy/Projects/DriveCommand/apps/web/src/__tests__/workflows-dispatch-enforcement.test.ts:212:5\n    at file:///C:/Users/sammy/Projects/DriveCommand/node_modules/@vitest/runner/dist/index.js:915:20"],"meta":{}},{"ancestorTitles":["dispatch enforcement + override audit (Phase 4 DoD tests 3 + 4)"],"fullName":"dispatch enforcement + override audit (Phase 4 DoD tests 3 + 4) audit row tenantId equals the dispatch orgId — prevents cross-tenant audit bugs","status":"failed","title":"audit row tenantId equals the dispatch orgId — prevents cross-tenant audit bugs","duration":0.9893999999999323,"failureMessages":["Error: `cookies` was called outside a request scope. Read more: https://nextjs.org/docs/messages/next-dynamic-api-wrong-context\n    at throwForMissingRequestStore (C:\\Users\\sammy\\Projects\\DriveCommand\\node_modules\\next\\dist\\server\\app-render\\work-unit-async-storage.external.js:75:33)\n    at cookies (C:\\Users\\sammy\\Projects\\DriveCommand\\node_modules\\next\\dist\\server\\request\\cookies.js:126:67)\n    at createSupabaseServerClient (C:/Users/sammy/Projects/DriveCommand/apps/web/src/lib/supabase/server.ts:5:29)\n    at getSession2 (C:/Users/sammy/Projects/DriveCommand/apps/web/src/lib/auth/supabase.ts:45:26)\n    at processTicksAndRejections (node:internal/process/task_queues:103:5)\n    at resolveSessionTenantId (C:/Users/sammy/Projects/DriveCommand/apps/web/src/lib/context/tenant-context.ts:85:19)\n    at getTenantPrisma (C:/Users/sammy/Projects/DriveCommand/apps/web/src/lib/context/tenant-context.ts:173:20)\n    at Module.createTrip (C:/Users/sammy/Projects/DriveCommand/apps/web/src/lib/carrier/trips.ts:186:24)\n    at C:/Users/sammy/Projects/DriveCommand/apps/web/src/__tests__/workflows-dispatch-enforcement.test.ts:235:5\n    at file:///C:/Users/sammy/Projects/DriveCommand/node_modules/@vitest/runner/dist/index.js:915:20"],"meta":{}}],"startTime":1789589687304,"endTime":1789589687423.9895,"status":"failed","message":"","name":"C:/Users/sammy/Projects/DriveCommand/apps/web/src/__tests__/workflows-dispatch-enforcement.test.ts"},{"assertionResults":[{"ancestorTitles":["failInspectionItem"],"fullName":"failInspectionItem creates exactly one mechanic APPROVAL step when category is VEHICLE_INSPECTION","status":"failed","title":"creates exactly one mechanic APPROVAL step when category is VEHICLE_INSPECTION","duration":92.0623999999998,"failureMessages":["Error: `cookies` was called outside a request scope. Read more: https://nextjs.org/docs/messages/next-dynamic-api-wrong-context\n    at throwForMissingRequestStore (C:\\Users\\sammy\\Projects\\DriveCommand\\node_modules\\next\\dist\\server\\app-render\\work-unit-async-storage.external.js:75:33)\n    at cookies (C:\\Users\\sammy\\Projects\\DriveCommand\\node_modules\\next\\dist\\server\\request\\cookies.js:126:67)\n    at createSupabaseServerClient (C:/Users/sammy/Projects/DriveCommand/apps/web/src/lib/supabase/server.ts:5:29)\n    at getSession2 (C:/Users/sammy/Projects/DriveCommand/apps/web/src/lib/auth/supabase.ts:45:26)\n    at processTicksAndRejections (node:internal/process/task_queues:103:5)\n    at resolveSessionTenantId (C:/Users/sammy/Projects/DriveCommand/apps/web/src/lib/context/tenant-context.ts:85:19)\n    at getTenantPrisma (C:/Users/sammy/Projects/DriveCommand/apps/web/src/lib/context/tenant-context.ts:173:20)\n    at Module.failInspectionItem (C:/Users/sammy/Projects/DriveCommand/apps/web/src/server/services/workflows/failInspectionItem.ts:26:24)\n    at C:/Users/sammy/Projects/DriveCommand/apps/web/src/__tests__/workflows-fail-inspection.test.ts:91:5\n    at file:///C:/Users/sammy/Projects/DriveCommand/node_modules/@vitest/runner/dist/index.js:915:20"],"meta":{}},{"ancestorTitles":["failInspectionItem"],"fullName":"failInspectionItem creates zero mechanic steps when category is ONBOARDING","status":"failed","title":"creates zero mechanic steps when category is ONBOARDING","duration":1.3330999999998312,"failureMessages":["Error: `cookies` was called outside a request scope. Read more: https://nextjs.org/docs/messages/next-dynamic-api-wrong-context\n    at throwForMissingRequestStore (C:\\Users\\sammy\\Projects\\DriveCommand\\node_modules\\next\\dist\\server\\app-render\\work-unit-async-storage.external.js:75:33)\n    at cookies (C:\\Users\\sammy\\Projects\\DriveCommand\\node_modules\\next\\dist\\server\\request\\cookies.js:126:67)\n    at createSupabaseServerClient (C:/Users/sammy/Projects/DriveCommand/apps/web/src/lib/supabase/server.ts:5:29)\n    at getSession2 (C:/Users/sammy/Projects/DriveCommand/apps/web/src/lib/auth/supabase.ts:45:26)\n    at processTicksAndRejections (node:internal/process/task_queues:103:5)\n    at resolveSessionTenantId (C:/Users/sammy/Projects/DriveCommand/apps/web/src/lib/context/tenant-context.ts:85:19)\n    at getTenantPrisma (C:/Users/sammy/Projects/DriveCommand/apps/web/src/lib/context/tenant-context.ts:173:20)\n    at Module.failInspectionItem (C:/Users/sammy/Projects/DriveCommand/apps/web/src/server/services/workflows/failInspectionItem.ts:26:24)\n    at C:/Users/sammy/Projects/DriveCommand/apps/web/src/__tests__/workflows-fail-inspection.test.ts:107:5\n    at file:///C:/Users/sammy/Projects/DriveCommand/node_modules/@vitest/runner/dist/index.js:915:20"],"meta":{}},{"ancestorTitles":["failInspectionItem"],"fullName":"failInspectionItem calls computeDispatchReadiness — readiness flips after fail","status":"failed","title":"calls computeDispatchReadiness — readiness flips after fail","duration":1.1268999999997504,"failureMessages":["Error: `cookies` was called outside a request scope. Read more: https://nextjs.org/docs/messages/next-dynamic-api-wrong-context\n    at throwForMissingRequestStore (C:\\Users\\sammy\\Projects\\DriveCommand\\node_modules\\next\\dist\\server\\app-render\\work-unit-async-storage.external.js:75:33)\n    at cookies (C:\\Users\\sammy\\Projects\\DriveCommand\\node_modules\\next\\dist\\server\\request\\cookies.js:126:67)\n    at createSupabaseServerClient (C:/Users/sammy/Projects/DriveCommand/apps/web/src/lib/supabase/server.ts:5:29)\n    at getSession2 (C:/Users/sammy/Projects/DriveCommand/apps/web/src/lib/auth/supabase.ts:45:26)\n    at processTicksAndRejections (node:internal/process/task_queues:103:5)\n    at resolveSessionTenantId (C:/Users/sammy/Projects/DriveCommand/apps/web/src/lib/context/tenant-context.ts:85:19)\n    at getTenantPrisma (C:/Users/sammy/Projects/DriveCommand/apps/web/src/lib/context/tenant-context.ts:173:20)\n    at Module.failInspectionItem (C:/Users/sammy/Projects/DriveCommand/apps/web/src/server/services/workflows/failInspectionItem.ts:26:24)\n    at C:/Users/sammy/Projects/DriveCommand/apps/web/src/__tests__/workflows-fail-inspection.test.ts:117:5\n    at file:///C:/Users/sammy/Projects/DriveCommand/node_modules/@vitest/runner/dist/index.js:915:20"],"meta":{}},{"ancestorTitles":["failInspectionItem"],"fullName":"failInspectionItem throws PHOTO_REQUIRED when requiresPhoto=true and photoUrls is empty","status":"failed","title":"throws PHOTO_REQUIRED when requiresPhoto=true and photoUrls is empty","duration":28.947200000000066,"failureMessages":["AssertionError: expected error to match asymmetric matcher\n    at file:///C:/Users/sammy/Projects/DriveCommand/node_modules/@vitest/expect/dist/index.js:1704:20\n    at processTicksAndRejections (node:internal/process/task_queues:103:5)\n    at C:/Users/sammy/Projects/DriveCommand/apps/web/src/__tests__/workflows-fail-inspection.test.ts:127:5\n    at file:///C:/Users/sammy/Projects/DriveCommand/node_modules/@vitest/runner/dist/index.js:915:20"],"meta":{}},{"ancestorTitles":["failInspectionItem"],"fullName":"failInspectionItem succeeds when requiresPhoto=true and photoUrls has one item","status":"failed","title":"succeeds when requiresPhoto=true and photoUrls has one item","duration":3.3800999999998567,"failureMessages":["Error: promise rejected \"Error: `cookies` was called outside a req… { __NEXT_ERROR_CODE: '…' }\" instead of resolving\n    at _Assertion.__VITEST_RESOLVES__ (file:///C:/Users/sammy/Projects/DriveCommand/node_modules/@vitest/expect/dist/index.js:1642:17)\n    at _Assertion.propertyGetter (file:///C:/Users/sammy/Projects/DriveCommand/node_modules/chai/index.js:1570:27)\n    at Reflect.get (<anonymous>)\n    at Object.proxyGetter [as get] (file:///C:/Users/sammy/Projects/DriveCommand/node_modules/chai/index.js:1659:22)\n    at C:/Users/sammy/Projects/DriveCommand/apps/web/src/__tests__/workflows-fail-inspection.test.ts:145:5\n    at file:///C:/Users/sammy/Projects/DriveCommand/node_modules/@vitest/runner/dist/index.js:145:11\n    at file:///C:/Users/sammy/Projects/DriveCommand/node_modules/@vitest/runner/dist/index.js:915:26\n    at file:///C:/Users/sammy/Projects/DriveCommand/node_modules/@vitest/runner/dist/index.js:1243:20\n    at new Promise (<anonymous>)\n    at runWithTimeout (file:///C:/Users/sammy/Projects/DriveCommand/node_modules/@vitest/runner/dist/index.js:1209:10)"],"meta":{}}],"startTime":1789589687220,"endTime":1789589687347.3801,"status":"failed","message":"","name":"C:/Users/sammy/Projects/DriveCommand/apps/web/src/__tests__/workflows-fail-inspection.test.ts"},{"assertionResults":[{"ancestorTitles":["fireEvent — match/skip behavior (Phase 4 DoD test 1)"],"fullName":"fireEvent — match/skip behavior (Phase 4 DoD test 1) calls generatePlaybookInstance exactly once when entityData matches conditions","status":"failed","title":"calls generatePlaybookInstance exactly once when entityData matches conditions","duration":112.61059999999998,"failureMessages":["AssertionError: expected \"vi.fn()\" to be called 1 times, but got 0 times\n    at C:/Users/sammy/Projects/DriveCommand/apps/web/src/__tests__/workflows-fire-event.test.ts:82:38\n    at processTicksAndRejections (node:internal/process/task_queues:103:5)\n    at file:///C:/Users/sammy/Projects/DriveCommand/node_modules/@vitest/runner/dist/index.js:915:20"],"meta":{}},{"ancestorTitles":["fireEvent — match/skip behavior (Phase 4 DoD test 1)"],"fullName":"fireEvent — match/skip behavior (Phase 4 DoD test 1) does NOT call generatePlaybookInstance when entityData does not match conditions","status":"passed","title":"does NOT call generatePlaybookInstance when entityData does not match conditions","duration":1.9553000000000793,"failureMessages":[],"meta":{}},{"ancestorTitles":["fireEvent — match/skip behavior (Phase 4 DoD test 1)"],"fullName":"fireEvent — match/skip behavior (Phase 4 DoD test 1) matches when conditions is an empty object (always-match rule)","status":"failed","title":"matches when conditions is an empty object (always-match rule)","duration":1.7853000000000065,"failureMessages":["AssertionError: expected \"vi.fn()\" to be called 1 times, but got 0 times\n    at C:/Users/sammy/Projects/DriveCommand/apps/web/src/__tests__/workflows-fire-event.test.ts:125:38\n    at processTicksAndRejections (node:internal/process/task_queues:103:5)\n    at file:///C:/Users/sammy/Projects/DriveCommand/node_modules/@vitest/runner/dist/index.js:915:20"],"meta":{}},{"ancestorTitles":["fireEvent — match/skip behavior (Phase 4 DoD test 1)"],"fullName":"fireEvent — match/skip behavior (Phase 4 DoD test 1) queries DB with isActive: true — inactive triggers are never loaded","status":"failed","title":"queries DB with isActive: true — inactive triggers are never loaded","duration":3.844500000000153,"failureMessages":["AssertionError: expected \"vi.fn()\" to be called with arguments: [ ObjectContaining{…} ]\u001b[90m\n\nNumber of calls: \u001b[1m0\u001b[22m\n\u001b[39m\n    at Proxy.<anonymous> (file:///C:/Users/sammy/Projects/DriveCommand/node_modules/@vitest/expect/dist/index.js:1420:10)\n    at Proxy.<anonymous> (file:///C:/Users/sammy/Projects/DriveCommand/node_modules/@vitest/expect/dist/index.js:1090:14)\n    at Proxy.methodWrapper (file:///C:/Users/sammy/Projects/DriveCommand/node_modules/chai/index.js:1700:25)\n    at C:/Users/sammy/Projects/DriveCommand/apps/web/src/__tests__/workflows-fire-event.test.ts:145:45\n    at processTicksAndRejections (node:internal/process/task_queues:103:5)\n    at file:///C:/Users/sammy/Projects/DriveCommand/node_modules/@vitest/runner/dist/index.js:915:20"],"meta":{}},{"ancestorTitles":["fireEvent — match/skip behavior (Phase 4 DoD test 1)"],"fullName":"fireEvent — match/skip behavior (Phase 4 DoD test 1) does not throw when generatePlaybookInstance fails, and continues processing subsequent triggers","status":"failed","title":"does not throw when generatePlaybookInstance fails, and continues processing subsequent triggers","duration":2.947900000000118,"failureMessages":["AssertionError: expected \"vi.fn()\" to be called 2 times, but got 0 times\n    at C:/Users/sammy/Projects/DriveCommand/apps/web/src/__tests__/workflows-fire-event.test.ts:174:38\n    at processTicksAndRejections (node:internal/process/task_queues:103:5)\n    at file:///C:/Users/sammy/Projects/DriveCommand/node_modules/@vitest/runner/dist/index.js:915:20"],"meta":{}},{"ancestorTitles":["fireEvent — match/skip behavior (Phase 4 DoD test 1)"],"fullName":"fireEvent — match/skip behavior (Phase 4 DoD test 1) treats null conditions as an empty object — always matches","status":"failed","title":"treats null conditions as an empty object — always matches","duration":1.9139000000000124,"failureMessages":["AssertionError: expected \"vi.fn()\" to be called 1 times, but got 0 times\n    at C:/Users/sammy/Projects/DriveCommand/apps/web/src/__tests__/workflows-fire-event.test.ts:193:38\n    at processTicksAndRejections (node:internal/process/task_queues:103:5)\n    at file:///C:/Users/sammy/Projects/DriveCommand/node_modules/@vitest/runner/dist/index.js:915:20"],"meta":{}},{"ancestorTitles":["fireEvent — match/skip behavior (Phase 4 DoD test 1)"],"fullName":"fireEvent — match/skip behavior (Phase 4 DoD test 1) is a no-op for MANUAL_ONLY events — does not query DB","status":"passed","title":"is a no-op for MANUAL_ONLY events — does not query DB","duration":0.5279000000000451,"failureMessages":[],"meta":{}}],"startTime":1789589687208,"endTime":1789589687333.5278,"status":"failed","message":"","name":"C:/Users/sammy/Projects/DriveCommand/apps/web/src/__tests__/workflows-fire-event.test.ts"},{"assertionResults":[{"ancestorTitles":["generatePlaybookInstance — snapshot immutability"],"fullName":"generatePlaybookInstance — snapshot immutability playbookSnapshot is a deep copy — mutating the source Playbook does not change the snapshot","status":"failed","title":"playbookSnapshot is a deep copy — mutating the source Playbook does not change the snapshot","duration":3150.9102999999996,"failureMessages":["Error: `cookies` was called outside a request scope. Read more: https://nextjs.org/docs/messages/next-dynamic-api-wrong-context\n    at throwForMissingRequestStore (C:\\Users\\sammy\\Projects\\DriveCommand\\node_modules\\next\\dist\\server\\app-render\\work-unit-async-storage.external.js:75:33)\n    at cookies (C:\\Users\\sammy\\Projects\\DriveCommand\\node_modules\\next\\dist\\server\\request\\cookies.js:126:67)\n    at createSupabaseServerClient (C:/Users/sammy/Projects/DriveCommand/apps/web/src/lib/supabase/server.ts:5:29)\n    at getSession2 (C:/Users/sammy/Projects/DriveCommand/apps/web/src/lib/auth/supabase.ts:45:26)\n    at processTicksAndRejections (node:internal/process/task_queues:103:5)\n    at resolveSessionTenantId (C:/Users/sammy/Projects/DriveCommand/apps/web/src/lib/context/tenant-context.ts:85:19)\n    at getTenantPrisma (C:/Users/sammy/Projects/DriveCommand/apps/web/src/lib/context/tenant-context.ts:173:20)\n    at generatePlaybookInstance (C:/Users/sammy/Projects/DriveCommand/apps/web/src/server/services/workflows/generatePlaybookInstance.ts:32:46)\n    at C:/Users/sammy/Projects/DriveCommand/apps/web/src/__tests__/workflows-instance.test.ts:126:5\n    at file:///C:/Users/sammy/Projects/DriveCommand/node_modules/@vitest/runner/dist/index.js:915:20"],"meta":{}},{"ancestorTitles":["computeDispatchReadiness — zero dispatch blockers"],"fullName":"computeDispatchReadiness — zero dispatch blockers returns isReady=true when no steps have isDispatchBlocker=true","status":"failed","title":"returns isReady=true when no steps have isDispatchBlocker=true","duration":19.66710000000012,"failureMessages":["Error: `cookies` was called outside a request scope. Read more: https://nextjs.org/docs/messages/next-dynamic-api-wrong-context\n    at throwForMissingRequestStore (C:\\Users\\sammy\\Projects\\DriveCommand\\node_modules\\next\\dist\\server\\app-render\\work-unit-async-storage.external.js:75:33)\n    at cookies (C:\\Users\\sammy\\Projects\\DriveCommand\\node_modules\\next\\dist\\server\\request\\cookies.js:126:67)\n    at createSupabaseServerClient (C:/Users/sammy/Projects/DriveCommand/apps/web/src/lib/supabase/server.ts:5:29)\n    at getSession2 (C:/Users/sammy/Projects/DriveCommand/apps/web/src/lib/auth/supabase.ts:45:26)\n    at processTicksAndRejections (node:internal/process/task_queues:103:5)\n    at resolveSessionTenantId (C:/Users/sammy/Projects/DriveCommand/apps/web/src/lib/context/tenant-context.ts:85:19)\n    at getTenantPrisma (C:/Users/sammy/Projects/DriveCommand/apps/web/src/lib/context/tenant-context.ts:173:20)\n    at computeDispatchReadiness (C:/Users/sammy/Projects/DriveCommand/apps/web/src/server/services/workflows/computeDispatchReadiness.ts:35:49)\n    at C:/Users/sammy/Projects/DriveCommand/apps/web/src/__tests__/workflows-instance.test.ts:186:20\n    at file:///C:/Users/sammy/Projects/DriveCommand/node_modules/@vitest/runner/dist/index.js:915:20"],"meta":{}}],"startTime":1789589684152,"endTime":1789589687322.667,"status":"failed","message":"","name":"C:/Users/sammy/Projects/DriveCommand/apps/web/src/__tests__/workflows-instance.test.ts"},{"assertionResults":[{"ancestorTitles":["Workflows naming lint (spec Section 3)"],"fullName":"Workflows naming lint (spec Section 3) does not surface internal names in rendered JSX of the owner checklists route","status":"passed","title":"does not surface internal names in rendered JSX of the owner checklists route","duration":18.317999999999984,"failureMessages":[],"meta":{}}],"startTime":1789589702853,"endTime":1789589702871.318,"status":"passed","message":"","name":"C:/Users/sammy/Projects/DriveCommand/apps/web/src/__tests__/workflows-naming-lint.test.ts"},{"assertionResults":[{"ancestorTitles":["trigger router — enableRecipe / disableRecipe (Phase 4 DoD test 2)"],"fullName":"trigger router — enableRecipe / disableRecipe (Phase 4 DoD test 2) enableRecipe creates a new PlaybookTrigger with isActive: true and correct triggerEvent","status":"failed","title":"enableRecipe creates a new PlaybookTrigger with isActive: true and correct triggerEvent","duration":104.64010000000053,"failureMessages":["Error: `cookies` was called outside a request scope. Read more: https://nextjs.org/docs/messages/next-dynamic-api-wrong-context\n    at throwForMissingRequestStore (C:\\Users\\sammy\\Projects\\DriveCommand\\node_modules\\next\\dist\\server\\app-render\\work-unit-async-storage.external.js:75:33)\n    at cookies (C:\\Users\\sammy\\Projects\\DriveCommand\\node_modules\\next\\dist\\server\\request\\cookies.js:126:67)\n    at createSupabaseServerClient (C:/Users/sammy/Projects/DriveCommand/apps/web/src/lib/supabase/server.ts:5:29)\n    at getSession2 (C:/Users/sammy/Projects/DriveCommand/apps/web/src/lib/auth/supabase.ts:45:26)\n    at processTicksAndRejections (node:internal/process/task_queues:103:5)\n    at resolveSessionTenantId (C:/Users/sammy/Projects/DriveCommand/apps/web/src/lib/context/tenant-context.ts:85:19)\n    at getTenantPrisma (C:/Users/sammy/Projects/DriveCommand/apps/web/src/lib/context/tenant-context.ts:173:20)\n    at C:/Users/sammy/Projects/DriveCommand/apps/web/src/server/api/routers/workflows/trigger.ts:70:26\n    at resolveMiddleware (file:///C:/Users/sammy/Projects/DriveCommand/node_modules/@trpc/server/dist/initTRPC-B1ggxyJl.mjs:221:17)\n    at callRecursive (file:///C:/Users/sammy/Projects/DriveCommand/node_modules/@trpc/server/dist/initTRPC-B1ggxyJl.mjs:256:18)"],"meta":{}},{"ancestorTitles":["trigger router — enableRecipe / disableRecipe (Phase 4 DoD test 2)"],"fullName":"trigger router — enableRecipe / disableRecipe (Phase 4 DoD test 2) enableRecipe reactivates an existing inactive trigger instead of creating a duplicate","status":"failed","title":"enableRecipe reactivates an existing inactive trigger instead of creating a duplicate","duration":1.9620000000004438,"failureMessages":["Error: `cookies` was called outside a request scope. Read more: https://nextjs.org/docs/messages/next-dynamic-api-wrong-context\n    at throwForMissingRequestStore (C:\\Users\\sammy\\Projects\\DriveCommand\\node_modules\\next\\dist\\server\\app-render\\work-unit-async-storage.external.js:75:33)\n    at cookies (C:\\Users\\sammy\\Projects\\DriveCommand\\node_modules\\next\\dist\\server\\request\\cookies.js:126:67)\n    at createSupabaseServerClient (C:/Users/sammy/Projects/DriveCommand/apps/web/src/lib/supabase/server.ts:5:29)\n    at getSession2 (C:/Users/sammy/Projects/DriveCommand/apps/web/src/lib/auth/supabase.ts:45:26)\n    at processTicksAndRejections (node:internal/process/task_queues:103:5)\n    at resolveSessionTenantId (C:/Users/sammy/Projects/DriveCommand/apps/web/src/lib/context/tenant-context.ts:85:19)\n    at getTenantPrisma (C:/Users/sammy/Projects/DriveCommand/apps/web/src/lib/context/tenant-context.ts:173:20)\n    at C:/Users/sammy/Projects/DriveCommand/apps/web/src/server/api/routers/workflows/trigger.ts:70:26\n    at resolveMiddleware (file:///C:/Users/sammy/Projects/DriveCommand/node_modules/@trpc/server/dist/initTRPC-B1ggxyJl.mjs:221:17)\n    at callRecursive (file:///C:/Users/sammy/Projects/DriveCommand/node_modules/@trpc/server/dist/initTRPC-B1ggxyJl.mjs:256:18)"],"meta":{}},{"ancestorTitles":["trigger router — enableRecipe / disableRecipe (Phase 4 DoD test 2)"],"fullName":"trigger router — enableRecipe / disableRecipe (Phase 4 DoD test 2) enableRecipe throws NOT_FOUND for an unknown recipe key","status":"passed","title":"enableRecipe throws NOT_FOUND for an unknown recipe key","duration":4.756800000000112,"failureMessages":[],"meta":{}},{"ancestorTitles":["trigger router — enableRecipe / disableRecipe (Phase 4 DoD test 2)"],"fullName":"trigger router — enableRecipe / disableRecipe (Phase 4 DoD test 2) enableRecipe throws NOT_FOUND when playbookId does not belong to tenant","status":"failed","title":"enableRecipe throws NOT_FOUND when playbookId does not belong to tenant","duration":11.203800000000228,"failureMessages":["AssertionError: expected TRPCError: `cookies` was called outside a… { code: '…' } to match object { code: 'NOT_FOUND' }\n(2 matching properties omitted from actual)\n    at _Assertion.<anonymous> (file:///C:/Users/sammy/Projects/DriveCommand/node_modules/@vitest/expect/dist/index.js:1216:10)\n    at _Assertion.<anonymous> (file:///C:/Users/sammy/Projects/DriveCommand/node_modules/@vitest/expect/dist/index.js:1090:14)\n    at _Assertion.methodWrapper (file:///C:/Users/sammy/Projects/DriveCommand/node_modules/chai/index.js:1700:25)\n    at file:///C:/Users/sammy/Projects/DriveCommand/node_modules/@vitest/expect/dist/index.js:1704:20\n    at processTicksAndRejections (node:internal/process/task_queues:103:5)\n    at C:/Users/sammy/Projects/DriveCommand/apps/web/src/__tests__/workflows-trigger-router.test.ts:156:5\n    at file:///C:/Users/sammy/Projects/DriveCommand/node_modules/@vitest/runner/dist/index.js:915:20"],"meta":{}},{"ancestorTitles":["trigger router — enableRecipe / disableRecipe (Phase 4 DoD test 2)"],"fullName":"trigger router — enableRecipe / disableRecipe (Phase 4 DoD test 2) disableRecipe sets isActive=false on the trigger but leaves PlaybookInstance rows unchanged (DoD test 2 — critical)","status":"failed","title":"disableRecipe sets isActive=false on the trigger but leaves PlaybookInstance rows unchanged (DoD test 2 — critical)","duration":2.458099999999831,"failureMessages":["Error: `cookies` was called outside a request scope. Read more: https://nextjs.org/docs/messages/next-dynamic-api-wrong-context\n    at throwForMissingRequestStore (C:\\Users\\sammy\\Projects\\DriveCommand\\node_modules\\next\\dist\\server\\app-render\\work-unit-async-storage.external.js:75:33)\n    at cookies (C:\\Users\\sammy\\Projects\\DriveCommand\\node_modules\\next\\dist\\server\\request\\cookies.js:126:67)\n    at createSupabaseServerClient (C:/Users/sammy/Projects/DriveCommand/apps/web/src/lib/supabase/server.ts:5:29)\n    at getSession2 (C:/Users/sammy/Projects/DriveCommand/apps/web/src/lib/auth/supabase.ts:45:26)\n    at processTicksAndRejections (node:internal/process/task_queues:103:5)\n    at resolveSessionTenantId (C:/Users/sammy/Projects/DriveCommand/apps/web/src/lib/context/tenant-context.ts:85:19)\n    at getTenantPrisma (C:/Users/sammy/Projects/DriveCommand/apps/web/src/lib/context/tenant-context.ts:173:20)\n    at C:/Users/sammy/Projects/DriveCommand/apps/web/src/server/api/routers/workflows/trigger.ts:113:26\n    at resolveMiddleware (file:///C:/Users/sammy/Projects/DriveCommand/node_modules/@trpc/server/dist/initTRPC-B1ggxyJl.mjs:221:17)\n    at callRecursive (file:///C:/Users/sammy/Projects/DriveCommand/node_modules/@trpc/server/dist/initTRPC-B1ggxyJl.mjs:256:18)"],"meta":{}},{"ancestorTitles":["trigger router — enableRecipe / disableRecipe (Phase 4 DoD test 2)"],"fullName":"trigger router — enableRecipe / disableRecipe (Phase 4 DoD test 2) disableRecipe returns { disabled: 0 } when no matching triggers exist — idempotent","status":"failed","title":"disableRecipe returns { disabled: 0 } when no matching triggers exist — idempotent","duration":1.7249000000001615,"failureMessages":["Error: `cookies` was called outside a request scope. Read more: https://nextjs.org/docs/messages/next-dynamic-api-wrong-context\n    at throwForMissingRequestStore (C:\\Users\\sammy\\Projects\\DriveCommand\\node_modules\\next\\dist\\server\\app-render\\work-unit-async-storage.external.js:75:33)\n    at cookies (C:\\Users\\sammy\\Projects\\DriveCommand\\node_modules\\next\\dist\\server\\request\\cookies.js:126:67)\n    at createSupabaseServerClient (C:/Users/sammy/Projects/DriveCommand/apps/web/src/lib/supabase/server.ts:5:29)\n    at getSession2 (C:/Users/sammy/Projects/DriveCommand/apps/web/src/lib/auth/supabase.ts:45:26)\n    at processTicksAndRejections (node:internal/process/task_queues:103:5)\n    at resolveSessionTenantId (C:/Users/sammy/Projects/DriveCommand/apps/web/src/lib/context/tenant-context.ts:85:19)\n    at getTenantPrisma (C:/Users/sammy/Projects/DriveCommand/apps/web/src/lib/context/tenant-context.ts:173:20)\n    at C:/Users/sammy/Projects/DriveCommand/apps/web/src/server/api/routers/workflows/trigger.ts:113:26\n    at resolveMiddleware (file:///C:/Users/sammy/Projects/DriveCommand/node_modules/@trpc/server/dist/initTRPC-B1ggxyJl.mjs:221:17)\n    at callRecursive (file:///C:/Users/sammy/Projects/DriveCommand/node_modules/@trpc/server/dist/initTRPC-B1ggxyJl.mjs:256:18)"],"meta":{}},{"ancestorTitles":["trigger router — enableRecipe / disableRecipe (Phase 4 DoD test 2)"],"fullName":"trigger router — enableRecipe / disableRecipe (Phase 4 DoD test 2) enableRecipe and disableRecipe reject DRIVER-role callers with FORBIDDEN","status":"passed","title":"enableRecipe and disableRecipe reject DRIVER-role callers with FORBIDDEN","duration":1.3733000000001994,"failureMessages":[],"meta":{}}],"startTime":1789589687870,"endTime":1789589687998.3733,"status":"failed","message":"","name":"C:/Users/sammy/Projects/DriveCommand/apps/web/src/__tests__/workflows-trigger-router.test.ts"},{"assertionResults":[{"ancestorTitles":["Contracted Recurring Route Journey (E2E)"],"fullName":"Contracted Recurring Route Journey (E2E) completes the full 15-step contracted recurring route journey","status":"skipped","title":"completes the full 15-step contracted recurring route journey","failureMessages":[],"meta":{}}],"startTime":1789589683250,"endTime":1789589683250,"status":"passed","message":"","name":"C:/Users/sammy/Projects/DriveCommand/apps/web/tests/carrier/contracted-route-journey.test.ts"},{"assertionResults":[],"startTime":1789589683250,"endTime":1789589683250,"status":"failed","message":"\ndocument-import-commit-notification-isolation.test.ts REFUSING TO RUN — DATABASE_URL names the PRODUCTION project (oqdhberkghtnszrkdvfm).\nPoint DATABASE_URL at a disposable database, or set ALLOW_PRODUCTION_TEST_WRITES=1.\n","name":"C:/Users/sammy/Projects/DriveCommand/apps/web/tests/carrier/document-import-commit-notification-isolation.test.ts"},{"assertionResults":[],"startTime":1789589683250,"endTime":1789589683250,"status":"failed","message":"\ndocument-import-commit-out-of-service.test.ts REFUSING TO RUN — DATABASE_URL names the PRODUCTION project (oqdhberkghtnszrkdvfm).\nPoint DATABASE_URL at a disposable database, or set ALLOW_PRODUCTION_TEST_WRITES=1.\n","name":"C:/Users/sammy/Projects/DriveCommand/apps/web/tests/carrier/document-import-commit-out-of-service.test.ts"},{"assertionResults":[],"startTime":1789589683250,"endTime":1789589683250,"status":"failed","message":"\ndocument-import-commit-rollback.test.ts REFUSING TO RUN — DATABASE_URL names the PRODUCTION project (oqdhberkghtnszrkdvfm).\nPoint DATABASE_URL at a disposable database, or set ALLOW_PRODUCTION_TEST_WRITES=1.\n","name":"C:/Users/sammy/Projects/DriveCommand/apps/web/tests/carrier/document-import-commit-rollback.test.ts"},{"assertionResults":[],"startTime":1789589683250,"endTime":1789589683250,"status":"failed","message":"\ndocument-import-commit-windows.test.ts REFUSING TO RUN — DATABASE_URL names the PRODUCTION project (oqdhberkghtnszrkdvfm).\nPoint DATABASE_URL at a disposable database, or set ALLOW_PRODUCTION_TEST_WRITES=1.\n","name":"C:/Users/sammy/Projects/DriveCommand/apps/web/tests/carrier/document-import-commit-windows.test.ts"},{"assertionResults":[],"startTime":1789589683250,"endTime":1789589683250,"status":"failed","message":"\ndriver-incident-report-persists.test.ts REFUSING TO RUN — DATABASE_URL names the PRODUCTION project (oqdhberkghtnszrkdvfm).\nPoint DATABASE_URL at a disposable database, or set ALLOW_PRODUCTION_TEST_WRITES=1.\n","name":"C:/Users/sammy/Projects/DriveCommand/apps/web/tests/carrier/driver-incident-report-persists.test.ts"},{"assertionResults":[{"ancestorTitles":["Carrier Ops Financial Integrity (Spec 8.3)"],"fullName":"Carrier Ops Financial Integrity (Spec 8.3) createLoad throws when clientId is missing","status":"skipped","title":"createLoad throws when clientId is missing","failureMessages":[],"meta":{}},{"ancestorTitles":["Carrier Ops Financial Integrity (Spec 8.3)"],"fullName":"Carrier Ops Financial Integrity (Spec 8.3) Paid pay records cannot be voided or approved","status":"skipped","title":"Paid pay records cannot be voided or approved","failureMessages":[],"meta":{}},{"ancestorTitles":["Carrier Ops Financial Integrity (Spec 8.3)"],"fullName":"Carrier Ops Financial Integrity (Spec 8.3) Revenue stored as computed field does not change on unrelated DB update","status":"skipped","title":"Revenue stored as computed field does not change on unrelated DB update","failureMessages":[],"meta":{}},{"ancestorTitles":["Carrier Ops Financial Integrity (Spec 8.3)"],"fullName":"Carrier Ops Financial Integrity (Spec 8.3) Money fields are string-serialized via decStr (Prisma Decimal → string)","status":"skipped","title":"Money fields are string-serialized via decStr (Prisma Decimal → string)","failureMessages":[],"meta":{}}],"startTime":1789589683250,"endTime":1789589683250,"status":"passed","message":"","name":"C:/Users/sammy/Projects/DriveCommand/apps/web/tests/carrier/financial-integrity.test.ts"},{"assertionResults":[],"startTime":1789589683250,"endTime":1789589683250,"status":"failed","message":"\ninspection-blocked-side-effects.test.ts REFUSING TO RUN — DATABASE_URL names the PRODUCTION project (oqdhberkghtnszrkdvfm).\nPoint DATABASE_URL at a disposable database, or set ALLOW_PRODUCTION_TEST_WRITES=1.\n","name":"C:/Users/sammy/Projects/DriveCommand/apps/web/tests/carrier/inspection-blocked-side-effects.test.ts"},{"assertionResults":[{"ancestorTitles":["Carrier Ops Multi-Tenancy (Spec 8.4)"],"fullName":"Carrier Ops Multi-Tenancy (Spec 8.4) Org B cannot access Org A carrier data via service functions","status":"skipped","title":"Org B cannot access Org A carrier data via service functions","failureMessages":[],"meta":{}},{"ancestorTitles":["Carrier Ops Multi-Tenancy (Spec 8.4)"],"fullName":"Carrier Ops Multi-Tenancy (Spec 8.4) org_id injection via request body is ignored — createClient overwrites orgId with caller orgId","status":"skipped","title":"org_id injection via request body is ignored — createClient overwrites orgId with caller orgId","failureMessages":[],"meta":{}},{"ancestorTitles":["Carrier Ops Multi-Tenancy (Spec 8.4)"],"fullName":"Carrier Ops Multi-Tenancy (Spec 8.4) Driver can only see dispatches assigned to them via driverId filter","status":"skipped","title":"Driver can only see dispatches assigned to them via driverId filter","failureMessages":[],"meta":{}},{"ancestorTitles":["Carrier Ops Multi-Tenancy (Spec 8.4)"],"fullName":"Carrier Ops Multi-Tenancy (Spec 8.4) Service functions are org-scoped but role-agnostic — route-level role checks are required","status":"skipped","title":"Service functions are org-scoped but role-agnostic — route-level role checks are required","failureMessages":[],"meta":{}}],"startTime":1789589683250,"endTime":1789589683250,"status":"passed","message":"","name":"C:/Users/sammy/Projects/DriveCommand/apps/web/tests/carrier/multi-tenancy.test.ts"},{"assertionResults":[],"startTime":1789589683250,"endTime":1789589683250,"status":"failed","message":"\nsample-record-picker-filtering.test.ts REFUSING TO RUN — DATABASE_URL names the PRODUCTION project (oqdhberkghtnszrkdvfm).\nPoint DATABASE_URL at a disposable database, or set ALLOW_PRODUCTION_TEST_WRITES=1.\n","name":"C:/Users/sammy/Projects/DriveCommand/apps/web/tests/carrier/sample-record-picker-filtering.test.ts"},{"assertionResults":[{"ancestorTitles":["cron/automations — injection"],"fullName":"cron/automations — injection COUNTS a failed sc
[...]
aybook router","addStep"],"fullName":"playbook router addStep uses sequence 0 when playbook has no steps yet","status":"failed","title":"uses sequence 0 when playbook has no steps yet","duration":1.5195000000003347,"failureMessages":["Error: `cookies` was called outside a request scope. Read more: https://nextjs.org/docs/messages/next-dynamic-api-wrong-context\n    at throwForMissingRequestStore (C:\\Users\\sammy\\Projects\\DriveCommand\\node_modules\\next\\dist\\server\\app-render\\work-unit-async-storage.external.js:75:33)\n    at cookies (C:\\Users\\sammy\\Projects\\DriveCommand\\node_modules\\next\\dist\\server\\request\\cookies.js:126:67)\n    at createSupabaseServerClient (C:/Users/sammy/Projects/DriveCommand/apps/web/src/lib/supabase/server.ts:5:29)\n    at getSession2 (C:/Users/sammy/Projects/DriveCommand/apps/web/src/lib/auth/supabase.ts:45:26)\n    at processTicksAndRejections (node:internal/process/task_queues:103:5)\n    at resolveSessionTenantId (C:/Users/sammy/Projects/DriveCommand/apps/web/src/lib/context/tenant-context.ts:85:19)\n    at getTenantPrisma (C:/Users/sammy/Projects/DriveCommand/apps/web/src/lib/context/tenant-context.ts:173:20)\n    at C:/Users/sammy/Projects/DriveCommand/apps/web/src/server/api/routers/workflows/playbook.ts:157:26\n    at resolveMiddleware (file:///C:/Users/sammy/Projects/DriveCommand/node_modules/@trpc/server/dist/initTRPC-B1ggxyJl.mjs:221:17)\n    at callRecursive (file:///C:/Users/sammy/Projects/DriveCommand/node_modules/@trpc/server/dist/initTRPC-B1ggxyJl.mjs:256:18)"],"meta":{}},{"ancestorTitles":["playbook router","addStep"],"fullName":"playbook router addStep uses provided sequence directly","status":"failed","title":"uses provided sequence directly","duration":1.8213999999998123,"failureMessages":["Error: `cookies` was called outside a request scope. Read more: https://nextjs.org/docs/messages/next-dynamic-api-wrong-context\n    at throwForMissingRequestStore (C:\\Users\\sammy\\Projects\\DriveCommand\\node_modules\\next\\dist\\server\\app-render\\work-unit-async-storage.external.js:75:33)\n    at cookies (C:\\Users\\sammy\\Projects\\DriveCommand\\node_modules\\next\\dist\\server\\request\\cookies.js:126:67)\n    at createSupabaseServerClient (C:/Users/sammy/Projects/DriveCommand/apps/web/src/lib/supabase/server.ts:5:29)\n    at getSession2 (C:/Users/sammy/Projects/DriveCommand/apps/web/src/lib/auth/supabase.ts:45:26)\n    at processTicksAndRejections (node:internal/process/task_queues:103:5)\n    at resolveSessionTenantId (C:/Users/sammy/Projects/DriveCommand/apps/web/src/lib/context/tenant-context.ts:85:19)\n    at getTenantPrisma (C:/Users/sammy/Projects/DriveCommand/apps/web/src/lib/context/tenant-context.ts:173:20)\n    at C:/Users/sammy/Projects/DriveCommand/apps/web/src/server/api/routers/workflows/playbook.ts:157:26\n    at resolveMiddleware (file:///C:/Users/sammy/Projects/DriveCommand/node_modules/@trpc/server/dist/initTRPC-B1ggxyJl.mjs:221:17)\n    at callRecursive (file:///C:/Users/sammy/Projects/DriveCommand/node_modules/@trpc/server/dist/initTRPC-B1ggxyJl.mjs:256:18)"],"meta":{}},{"ancestorTitles":["playbook router","removeStep"],"fullName":"playbook router removeStep deletes the PlaybookStep and returns success","status":"failed","title":"deletes the PlaybookStep and returns success","duration":1.5758000000005268,"failureMessages":["Error: `cookies` was called outside a request scope. Read more: https://nextjs.org/docs/messages/next-dynamic-api-wrong-context\n    at throwForMissingRequestStore (C:\\Users\\sammy\\Projects\\DriveCommand\\node_modules\\next\\dist\\server\\app-render\\work-unit-async-storage.external.js:75:33)\n    at cookies (C:\\Users\\sammy\\Projects\\DriveCommand\\node_modules\\next\\dist\\server\\request\\cookies.js:126:67)\n    at createSupabaseServerClient (C:/Users/sammy/Projects/DriveCommand/apps/web/src/lib/supabase/server.ts:5:29)\n    at getSession2 (C:/Users/sammy/Projects/DriveCommand/apps/web/src/lib/auth/supabase.ts:45:26)\n    at processTicksAndRejections (node:internal/process/task_queues:103:5)\n    at resolveSessionTenantId (C:/Users/sammy/Projects/DriveCommand/apps/web/src/lib/context/tenant-context.ts:85:19)\n    at getTenantPrisma (C:/Users/sammy/Projects/DriveCommand/apps/web/src/lib/context/tenant-context.ts:173:20)\n    at C:/Users/sammy/Projects/DriveCommand/apps/web/src/server/api/routers/workflows/playbook.ts:204:26\n    at resolveMiddleware (file:///C:/Users/sammy/Projects/DriveCommand/node_modules/@trpc/server/dist/initTRPC-B1ggxyJl.mjs:221:17)\n    at callRecursive (file:///C:/Users/sammy/Projects/DriveCommand/node_modules/@trpc/server/dist/initTRPC-B1ggxyJl.mjs:256:18)"],"meta":{}},{"ancestorTitles":["playbook router","reorderSteps"],"fullName":"playbook router reorderSteps calls reorderPlaybookSteps with correct tenant and playbook","status":"failed","title":"calls reorderPlaybookSteps with correct tenant and playbook","duration":2.5781999999999243,"failureMessages":["Error: `cookies` was called outside a request scope. Read more: https://nextjs.org/docs/messages/next-dynamic-api-wrong-context\n    at throwForMissingRequestStore (C:\\Users\\sammy\\Projects\\DriveCommand\\node_modules\\next\\dist\\server\\app-render\\work-unit-async-storage.external.js:75:33)\n    at cookies (C:\\Users\\sammy\\Projects\\DriveCommand\\node_modules\\next\\dist\\server\\request\\cookies.js:126:67)\n    at createSupabaseServerClient (C:/Users/sammy/Projects/DriveCommand/apps/web/src/lib/supabase/server.ts:5:29)\n    at getSession2 (C:/Users/sammy/Projects/DriveCommand/apps/web/src/lib/auth/supabase.ts:45:26)\n    at processTicksAndRejections (node:internal/process/task_queues:103:5)\n    at resolveSessionTenantId (C:/Users/sammy/Projects/DriveCommand/apps/web/src/lib/context/tenant-context.ts:85:19)\n    at getTenantPrisma (C:/Users/sammy/Projects/DriveCommand/apps/web/src/lib/context/tenant-context.ts:173:20)\n    at reorderPlaybookSteps (C:/Users/sammy/Projects/DriveCommand/apps/web/src/server/services/workflows/playbookStepService.ts:19:24)\n    at C:/Users/sammy/Projects/DriveCommand/apps/web/src/server/api/routers/workflows/playbook.ts:289:5\n    at resolveMiddleware (file:///C:/Users/sammy/Projects/DriveCommand/node_modules/@trpc/server/dist/initTRPC-B1ggxyJl.mjs:221:17)"],"meta":{}},{"ancestorTitles":["playbook router","reorderSteps"],"fullName":"playbook router reorderSteps rejects stepIds that do not belong to the playbook","status":"passed","title":"rejects stepIds that do not belong to the playbook","duration":1.5247999999992317,"failureMessages":[],"meta":{}},{"ancestorTitles":["playbook router","duplicate"],"fullName":"playbook router duplicate clones playbook with (copy) suffix and copies all steps","status":"failed","title":"clones playbook with (copy) suffix and copies all steps","duration":1.5745999999999185,"failureMessages":["Error: `cookies` was called outside a request scope. Read more: https://nextjs.org/docs/messages/next-dynamic-api-wrong-context\n    at throwForMissingRequestStore (C:\\Users\\sammy\\Projects\\DriveCommand\\node_modules\\next\\dist\\server\\app-render\\work-unit-async-storage.external.js:75:33)\n    at cookies (C:\\Users\\sammy\\Projects\\DriveCommand\\node_modules\\next\\dist\\server\\request\\cookies.js:126:67)\n    at createSupabaseServerClient (C:/Users/sammy/Projects/DriveCommand/apps/web/src/lib/supabase/server.ts:5:29)\n    at getSession2 (C:/Users/sammy/Projects/DriveCommand/apps/web/src/lib/auth/supabase.ts:45:26)\n    at processTicksAndRejections (node:internal/process/task_queues:103:5)\n    at resolveSessionTenantId (C:/Users/sammy/Projects/DriveCommand/apps/web/src/lib/context/tenant-context.ts:85:19)\n    at getTenantPrisma (C:/Users/sammy/Projects/DriveCommand/apps/web/src/lib/context/tenant-context.ts:173:20)\n    at C:/Users/sammy/Projects/DriveCommand/apps/web/src/server/api/routers/workflows/playbook.ts:113:26\n    at resolveMiddleware (file:///C:/Users/sammy/Projects/DriveCommand/node_modules/@trpc/server/dist/initTRPC-B1ggxyJl.mjs:221:17)\n    at callRecursive (file:///C:/Users/sammy/Projects/DriveCommand/node_modules/@trpc/server/dist/initTRPC-B1ggxyJl.mjs:256:18)"],"meta":{}},{"ancestorTitles":["playbook router","duplicate"],"fullName":"playbook router duplicate throws NOT_FOUND for a cross-tenant playbook","status":"passed","title":"throws NOT_FOUND for a cross-tenant playbook","duration":1.3563999999996668,"failureMessages":[],"meta":{}},{"ancestorTitles":["playbook router","archive"],"fullName":"playbook router archive soft-deletes playbook (isActive=false + deletedAt set)","status":"failed","title":"soft-deletes playbook (isActive=false + deletedAt set)","duration":1.2802999999994427,"failureMessages":["Error: `cookies` was called outside a request scope. Read more: https://nextjs.org/docs/messages/next-dynamic-api-wrong-context\n    at throwForMissingRequestStore (C:\\Users\\sammy\\Projects\\DriveCommand\\node_modules\\next\\dist\\server\\app-render\\work-unit-async-storage.external.js:75:33)\n    at cookies (C:\\Users\\sammy\\Projects\\DriveCommand\\node_modules\\next\\dist\\server\\request\\cookies.js:126:67)\n    at createSupabaseServerClient (C:/Users/sammy/Projects/DriveCommand/apps/web/src/lib/supabase/server.ts:5:29)\n    at getSession2 (C:/Users/sammy/Projects/DriveCommand/apps/web/src/lib/auth/supabase.ts:45:26)\n    at processTicksAndRejections (node:internal/process/task_queues:103:5)\n    at resolveSessionTenantId (C:/Users/sammy/Projects/DriveCommand/apps/web/src/lib/context/tenant-context.ts:85:19)\n    at getTenantPrisma (C:/Users/sammy/Projects/DriveCommand/apps/web/src/lib/context/tenant-context.ts:173:20)\n    at C:/Users/sammy/Projects/DriveCommand/apps/web/src/server/api/routers/workflows/playbook.ts:96:26\n    at resolveMiddleware (file:///C:/Users/sammy/Projects/DriveCommand/node_modules/@trpc/server/dist/initTRPC-B1ggxyJl.mjs:221:17)\n    at callRecursive (file:///C:/Users/sammy/Projects/DriveCommand/node_modules/@trpc/server/dist/initTRPC-B1ggxyJl.mjs:256:18)"],"meta":{}}],"startTime":1789589687871,"endTime":1789589687996.2803,"status":"failed","message":"","name":"C:/Users/sammy/Projects/DriveCommand/apps/web/src/server/api/routers/workflows/__tests__/playbook.test.ts"},{"assertionResults":[{"ancestorTitles":["seedStarterPlaybooks"],"fullName":"seedStarterPlaybooks creates exactly 3 playbooks for a new tenant","status":"passed","title":"creates exactly 3 playbooks for a new tenant","duration":26.76049999999998,"failureMessages":[],"meta":{}},{"ancestorTitles":["seedStarterPlaybooks"],"fullName":"seedStarterPlaybooks CDL Driver Onboarding creates 9 PlaybookStep rows","status":"passed","title":"CDL Driver Onboarding creates 9 PlaybookStep rows","duration":2.4528000000000247,"failureMessages":[],"meta":{}},{"ancestorTitles":["seedStarterPlaybooks"],"fullName":"seedStarterPlaybooks Pre-Trip Inspection creates 12 PlaybookStep rows","status":"passed","title":"Pre-Trip Inspection creates 12 PlaybookStep rows","duration":0.7505999999999631,"failureMessages":[],"meta":{}},{"ancestorTitles":["seedStarterPlaybooks"],"fullName":"seedStarterPlaybooks New Partner Setup creates 6 PlaybookStep rows","status":"passed","title":"New Partner Setup creates 6 PlaybookStep rows","duration":0.808400000000006,"failureMessages":[],"meta":{}},{"ancestorTitles":["seedStarterPlaybooks"],"fullName":"seedStarterPlaybooks creates a default-on ON_DRIVER_CREATE PlaybookTrigger linked to the CDL Onboarding playbook","status":"passed","title":"creates a default-on ON_DRIVER_CREATE PlaybookTrigger linked to the CDL Onboarding playbook","duration":2.501199999999926,"failureMessages":[],"meta":{}},{"ancestorTitles":["seedStarterPlaybooks"],"fullName":"seedStarterPlaybooks acquires the tenant client with the tenantId ONLY (no userId) before any statement","status":"passed","title":"acquires the tenant client with the tenantId ONLY (no userId) before any statement","duration":0.7498999999999114,"failureMessages":[],"meta":{}},{"ancestorTitles":["seedStarterPlaybooks"],"fullName":"seedStarterPlaybooks propagates a failed transaction to the caller instead of resolving","status":"passed","title":"propagates a failed transaction to the caller instead of resolving","duration":2.0230000000000246,"failureMessages":[],"meta":{}},{"ancestorTitles":["seedStarterPlaybooks"],"fullName":"seedStarterPlaybooks is idempotent — skips seeding when CDL Onboarding already exists","status":"passed","title":"is idempotent — skips seeding when CDL Onboarding already exists","duration":0.5653999999999542,"failureMessages":[],"meta":{}}],"startTime":1789589695486,"endTime":1789589695523.5654,"status":"passed","message":"","name":"C:/Users/sammy/Projects/DriveCommand/apps/web/src/server/api/routers/workflows/__tests__/seed.test.ts"},{"assertionResults":[{"ancestorTitles":["stepTemplate router","list"],"fullName":"stepTemplate router list returns only records for calling tenant","status":"failed","title":"returns only records for calling tenant","duration":94.40350000000035,"failureMessages":["Error: `cookies` was called outside a request scope. Read more: https://nextjs.org/docs/messages/next-dynamic-api-wrong-context\n    at throwForMissingRequestStore (C:\\Users\\sammy\\Projects\\DriveCommand\\node_modules\\next\\dist\\server\\app-render\\work-unit-async-storage.external.js:75:33)\n    at cookies (C:\\Users\\sammy\\Projects\\DriveCommand\\node_modules\\next\\dist\\server\\request\\cookies.js:126:67)\n    at createSupabaseServerClient (C:/Users/sammy/Projects/DriveCommand/apps/web/src/lib/supabase/server.ts:5:29)\n    at getSession2 (C:/Users/sammy/Projects/DriveCommand/apps/web/src/lib/auth/supabase.ts:45:26)\n    at processTicksAndRejections (node:internal/process/task_queues:103:5)\n    at resolveSessionTenantId (C:/Users/sammy/Projects/DriveCommand/apps/web/src/lib/context/tenant-context.ts:85:19)\n    at getTenantPrisma (C:/Users/sammy/Projects/DriveCommand/apps/web/src/lib/context/tenant-context.ts:173:20)\n    at C:/Users/sammy/Projects/DriveCommand/apps/web/src/server/api/routers/workflows/stepTemplate.ts:26:26\n    at resolveMiddleware (file:///C:/Users/sammy/Projects/DriveCommand/node_modules/@trpc/server/dist/initTRPC-B1ggxyJl.mjs:221:17)\n    at callRecursive (file:///C:/Users/sammy/Projects/DriveCommand/node_modules/@trpc/server/dist/initTRPC-B1ggxyJl.mjs:256:18)"],"meta":{}},{"ancestorTitles":["stepTemplate router","list"],"fullName":"stepTemplate router list excludes archived (isActive=false) templates","status":"failed","title":"excludes archived (isActive=false) templates","duration":1.5747000000001208,"failureMessages":["Error: `cookies` was called outside a request scope. Read more: https://nextjs.org/docs/messages/next-dynamic-api-wrong-context\n    at throwForMissingRequestStore (C:\\Users\\sammy\\Projects\\DriveCommand\\node_modules\\next\\dist\\server\\app-render\\work-unit-async-storage.external.js:75:33)\n    at cookies (C:\\Users\\sammy\\Projects\\DriveCommand\\node_modules\\next\\dist\\server\\request\\cookies.js:126:67)\n    at createSupabaseServerClient (C:/Users/sammy/Projects/DriveCommand/apps/web/src/lib/supabase/server.ts:5:29)\n    at getSession2 (C:/Users/sammy/Projects/DriveCommand/apps/web/src/lib/auth/supabase.ts:45:26)\n    at processTicksAndRejections (node:internal/process/task_queues:103:5)\n    at resolveSessionTenantId (C:/Users/sammy/Projects/DriveCommand/apps/web/src/lib/context/tenant-context.ts:85:19)\n    at getTenantPrisma (C:/Users/sammy/Projects/DriveCommand/apps/web/src/lib/context/tenant-context.ts:173:20)\n    at C:/Users/sammy/Projects/DriveCommand/apps/web/src/server/api/routers/workflows/stepTemplate.ts:26:26\n    at resolveMiddleware (file:///C:/Users/sammy/Projects/DriveCommand/node_modules/@trpc/server/dist/initTRPC-B1ggxyJl.mjs:221:17)\n    at callRecursive (file:///C:/Users/sammy/Projects/DriveCommand/node_modules/@trpc/server/dist/initTRPC-B1ggxyJl.mjs:256:18)"],"meta":{}},{"ancestorTitles":["stepTemplate router","create"],"fullName":"stepTemplate router create sets tenantId from ctx, not from input","status":"failed","title":"sets tenantId from ctx, not from input","duration":2.859599999999773,"failureMessages":["Error: `cookies` was called outside a request scope. Read more: https://nextjs.org/docs/messages/next-dynamic-api-wrong-context\n    at throwForMissingRequestStore (C:\\Users\\sammy\\Projects\\DriveCommand\\node_modules\\next\\dist\\server\\app-render\\work-unit-async-storage.external.js:75:33)\n    at cookies (C:\\Users\\sammy\\Projects\\DriveCommand\\node_modules\\next\\dist\\server\\request\\cookies.js:126:67)\n    at createSupabaseServerClient (C:/Users/sammy/Projects/DriveCommand/apps/web/src/lib/supabase/server.ts:5:29)\n    at getSession2 (C:/Users/sammy/Projects/DriveCommand/apps/web/src/lib/auth/supabase.ts:45:26)\n    at processTicksAndRejections (node:internal/process/task_queues:103:5)\n    at resolveSessionTenantId (C:/Users/sammy/Projects/DriveCommand/apps/web/src/lib/context/tenant-context.ts:85:19)\n    at getTenantPrisma (C:/Users/sammy/Projects/DriveCommand/apps/web/src/lib/context/tenant-context.ts:173:20)\n    at C:/Users/sammy/Projects/DriveCommand/apps/web/src/server/api/routers/workflows/stepTemplate.ts:55:26\n    at resolveMiddleware (file:///C:/Users/sammy/Projects/DriveCommand/node_modules/@trpc/server/dist/initTRPC-B1ggxyJl.mjs:221:17)\n    at callRecursive (file:///C:/Users/sammy/Projects/DriveCommand/node_modules/@trpc/server/dist/initTRPC-B1ggxyJl.mjs:256:18)"],"meta":{}},{"ancestorTitles":["stepTemplate router","archive"],"fullName":"stepTemplate router archive soft-deletes by setting isActive=false and deletedAt","status":"failed","title":"soft-deletes by setting isActive=false and deletedAt","duration":1.759200000000419,"failureMessages":["Error: `cookies` was called outside a request scope. Read more: https://nextjs.org/docs/messages/next-dynamic-api-wrong-context\n    at throwForMissingRequestStore (C:\\Users\\sammy\\Projects\\DriveCommand\\node_modules\\next\\dist\\server\\app-render\\work-unit-async-storage.external.js:75:33)\n    at cookies (C:\\Users\\sammy\\Projects\\DriveCommand\\node_modules\\next\\dist\\server\\request\\cookies.js:126:67)\n    at createSupabaseServerClient (C:/Users/sammy/Projects/DriveCommand/apps/web/src/lib/supabase/server.ts:5:29)\n    at getSession2 (C:/Users/sammy/Projects/DriveCommand/apps/web/src/lib/auth/supabase.ts:45:26)\n    at processTicksAndRejections (node:internal/process/task_queues:103:5)\n    at resolveSessionTenantId (C:/Users/sammy/Projects/DriveCommand/apps/web/src/lib/context/tenant-context.ts:85:19)\n    at getTenantPrisma (C:/Users/sammy/Projects/DriveCommand/apps/web/src/lib/context/tenant-context.ts:173:20)\n    at C:/Users/sammy/Projects/DriveCommand/apps/web/src/server/api/routers/workflows/stepTemplate.ts:84:26\n    at resolveMiddleware (file:///C:/Users/sammy/Projects/DriveCommand/node_modules/@trpc/server/dist/initTRPC-B1ggxyJl.mjs:221:17)\n    at callRecursive (file:///C:/Users/sammy/Projects/DriveCommand/node_modules/@trpc/server/dist/initTRPC-B1ggxyJl.mjs:256:18)"],"meta":{}},{"ancestorTitles":["stepTemplate router","archive"],"fullName":"stepTemplate router archive throws NOT_FOUND for a cross-tenant id (tenant isolation)","status":"failed","title":"throws NOT_FOUND for a cross-tenant id (tenant isolation)","duration":4.629799999999705,"failureMessages":["TypeError: Cannot read properties of undefined (reading '0')\n    at C:/Users/sammy/Projects/DriveCommand/apps/web/src/server/api/routers/workflows/__tests__/stepTemplate.test.ts:137:73\n    at processTicksAndRejections (node:internal/process/task_queues:103:5)\n    at file:///C:/Users/sammy/Projects/DriveCommand/node_modules/@vitest/runner/dist/index.js:915:20"],"meta":{}}],"startTime":1789589687871,"endTime":1789589687977.63,"status":"failed","message":"","name":"C:/Users/sammy/Projects/DriveCommand/apps/web/src/server/api/routers/workflows/__tests__/stepTemplate.test.ts"}]}