{"numTotalTestSuites":721,"numPassedTestSuites":666,"numFailedTestSuites":55,"numPendingTestSuites":0,"numTotalTests":2143,"numPassedTests":2024,"numFailedTests":64,"numPendingTests":52,"numTodoTests":3,"snapshot":{"added":0,"failure":false,"filesAdded":0,"filesRemoved":0,"filesRemovedList":[],"filesUnmatched":0,"filesUpdated":0,"matched":0,"total":0,"unchecked":0,"uncheckedKeysByFile":[],"unmatched":0,"updated":0,"didUpdate":false},"startTime":1789583410581,"success":false,"testResults":[{"assertionResults":[{"ancestorTitles":["AuditTrailFooter — Branch 1: full two-line render"],"fullName":"AuditTrailFooter — Branch 1: full two-line render shows both Created and Last updated lines for different actors with >60s gap","status":"passed","title":"shows both Created and Last updated lines for different actors with >60s gap","duration":6.254000000000019,"failureMessages":[],"meta":{}},{"ancestorTitles":["AuditTrailFooter — Branch 2: collapse when updatedAt === createdAt"],"fullName":"AuditTrailFooter — Branch 2: collapse when updatedAt === createdAt shows only Created line when updatedAt is identical to createdAt","status":"passed","title":"shows only Created line when updatedAt is identical to createdAt","duration":0.8728999999999587,"failureMessages":[],"meta":{}},{"ancestorTitles":["AuditTrailFooter — Branch 2: collapse when updatedAt === createdAt"],"fullName":"AuditTrailFooter — Branch 2: collapse when updatedAt === createdAt shows only Created when updatedAt is exactly equal even with different actor names","status":"passed","title":"shows only Created when updatedAt is exactly equal even with different actor names","duration":0.5702000000001135,"failureMessages":[],"meta":{}},{"ancestorTitles":["AuditTrailFooter — Branch 3: null name/email renders as Unknown"],"fullName":"AuditTrailFooter — Branch 3: null name/email renders as Unknown falls back to Unknown when both createdByName and createdByEmail are null","status":"passed","title":"falls back to Unknown when both createdByName and createdByEmail are null","duration":1.409900000000107,"failureMessages":[],"meta":{}},{"ancestorTitles":["AuditTrailFooter — Branch 3: null name/email renders as Unknown"],"fullName":"AuditTrailFooter — Branch 3: null name/email renders as Unknown uses email as fallback when name is null but email is set","status":"passed","title":"uses email as fallback when name is null but email is set","duration":0.76949999999988,"failureMessages":[],"meta":{}},{"ancestorTitles":["AuditTrailFooter — Branch 4: collapse when same actor and <60s gap"],"fullName":"AuditTrailFooter — Branch 4: collapse when same actor and <60s gap shows only Created when same actor updated within 60 seconds","status":"passed","title":"shows only Created when same actor updated within 60 seconds","duration":0.5868999999997868,"failureMessages":[],"meta":{}},{"ancestorTitles":["AuditTrailFooter — Branch 4: collapse when same actor and <60s gap"],"fullName":"AuditTrailFooter — Branch 4: collapse when same actor and <60s gap shows both lines when different actors even with <60s gap","status":"passed","title":"shows both lines when different actors even with <60s gap","duration":0.6264000000001033,"failureMessages":[],"meta":{}},{"ancestorTitles":["AuditTrailFooter — Branch 4: collapse when same actor and <60s gap"],"fullName":"AuditTrailFooter — Branch 4: collapse when same actor and <60s gap shows both lines when same actor but >60s gap","status":"passed","title":"shows both lines when same actor but >60s gap","duration":0.7152000000000953,"failureMessages":[],"meta":{}},{"ancestorTitles":["AuditTrailFooter — Branch 5: absolute tooltip content"],"fullName":"AuditTrailFooter — Branch 5: absolute tooltip content formatAbsoluteTime returns a non-empty string containing the year","status":"passed","title":"formatAbsoluteTime returns a non-empty string containing the year","duration":66.72910000000002,"failureMessages":[],"meta":{}},{"ancestorTitles":["AuditTrailFooter — Branch 5: absolute tooltip content"],"fullName":"AuditTrailFooter — Branch 5: absolute tooltip content formatAbsoluteTime handles a string input","status":"passed","title":"formatAbsoluteTime handles a string input","duration":1.6750999999999294,"failureMessages":[],"meta":{}},{"ancestorTitles":["AuditTrailFooter — Branch 5: absolute tooltip content"],"fullName":"AuditTrailFooter — Branch 5: absolute tooltip content formatAbsoluteTime returns empty string for invalid date","status":"passed","title":"formatAbsoluteTime returns empty string for invalid date","duration":0.4757999999999356,"failureMessages":[],"meta":{}},{"ancestorTitles":["AuditTrailFooter — Branch 6: dark-mode class application"],"fullName":"AuditTrailFooter — Branch 6: dark-mode class application component renders paragraphs with text-muted-foreground class (verified by component source)","status":"passed","title":"component renders paragraphs with text-muted-foreground class (verified by component source)","duration":0.4275000000000091,"failureMessages":[],"meta":{}},{"ancestorTitles":["AuditTrailFooter — Branch 6: dark-mode class application"],"fullName":"AuditTrailFooter — Branch 6: dark-mode class application outer container uses mt-8 pt-6 spacing classes (no border — design locked)","status":"passed","title":"outer container uses mt-8 pt-6 spacing classes (no border — design locked)","duration":1.075900000000047,"failureMessages":[],"meta":{}},{"ancestorTitles":["formatRelativeTime — time bucket coverage"],"fullName":"formatRelativeTime — time bucket coverage returns \"just now\" for 0ms diff","status":"passed","title":"returns \"just now\" for 0ms diff","duration":0.40879999999992833,"failureMessages":[],"meta":{}},{"ancestorTitles":["formatRelativeTime — time bucket coverage"],"fullName":"formatRelativeTime — time bucket coverage returns \"just now\" for 3 seconds diff","status":"passed","title":"returns \"just now\" for 3 seconds diff","duration":0.35969999999997526,"failureMessages":[],"meta":{}},{"ancestorTitles":["formatRelativeTime — time bucket coverage"],"fullName":"formatRelativeTime — time bucket coverage returns \"N seconds ago\" for 10 seconds","status":"passed","title":"returns \"N seconds ago\" for 10 seconds","duration":0.38779999999997017,"failureMessages":[],"meta":{}},{"ancestorTitles":["formatRelativeTime — time bucket coverage"],"fullName":"formatRelativeTime — time bucket coverage returns \"1 minute ago\" for 61 seconds","status":"passed","title":"returns \"1 minute ago\" for 61 seconds","duration":0.3908999999998741,"failureMessages":[],"meta":{}},{"ancestorTitles":["formatRelativeTime — time bucket coverage"],"fullName":"formatRelativeTime — time bucket coverage returns \"5 minutes ago\" for 5 minutes","status":"passed","title":"returns \"5 minutes ago\" for 5 minutes","duration":0.38040000000000873,"failureMessages":[],"meta":{}},{"ancestorTitles":["formatRelativeTime — time bucket coverage"],"fullName":"formatRelativeTime — time bucket coverage returns \"1 hour ago\" for 61 minutes","status":"passed","title":"returns \"1 hour ago\" for 61 minutes","duration":0.33839999999986503,"failureMessages":[],"meta":{}},{"ancestorTitles":["formatRelativeTime — time bucket coverage"],"fullName":"formatRelativeTime — time bucket coverage returns \"3 hours ago\" for 3 hours","status":"passed","title":"returns \"3 hours ago\" for 3 hours","duration":0.40249999999991815,"failureMessages":[],"meta":{}},{"ancestorTitles":["formatRelativeTime — time bucket coverage"],"fullName":"formatRelativeTime — time bucket coverage returns \"1 day ago\" for 25 hours","status":"passed","title":"returns \"1 day ago\" for 25 hours","duration":0.4069999999999254,"failureMessages":[],"meta":{}},{"ancestorTitles":["formatRelativeTime — time bucket coverage"],"fullName":"formatRelativeTime — time bucket coverage returns \"3 days ago\" for 3 days","status":"passed","title":"returns \"3 days ago\" for 3 days","duration":0.43020000000001346,"failureMessages":[],"meta":{}},{"ancestorTitles":["formatRelativeTime — time bucket coverage"],"fullName":"formatRelativeTime — time bucket coverage returns \"1 week ago\" for 8 days","status":"passed","title":"returns \"1 week ago\" for 8 days","duration":0.45489999999995234,"failureMessages":[],"meta":{}},{"ancestorTitles":["formatRelativeTime — time bucket coverage"],"fullName":"formatRelativeTime — time bucket coverage returns \"2 weeks ago\" for 15 days","status":"passed","title":"returns \"2 weeks ago\" for 15 days","duration":0.40150000000016917,"failureMessages":[],"meta":{}},{"ancestorTitles":["formatRelativeTime — time bucket coverage"],"fullName":"formatRelativeTime — time bucket coverage returns \"1 month ago\" for 31 days","status":"passed","title":"returns \"1 month ago\" for 31 days","duration":0.37560000000007676,"failureMessages":[],"meta":{}},{"ancestorTitles":["formatRelativeTime — time bucket coverage"],"fullName":"formatRelativeTime — time bucket coverage returns \"3 months ago\" for 95 days","status":"passed","title":"returns \"3 months ago\" for 95 days","duration":0.3327999999999065,"failureMessages":[],"meta":{}},{"ancestorTitles":["formatRelativeTime — time bucket coverage"],"fullName":"formatRelativeTime — time bucket coverage returns \"1 year ago\" for 366 days","status":"passed","title":"returns \"1 year ago\" for 366 days","duration":0.3586999999999989,"failureMessages":[],"meta":{}},{"ancestorTitles":["formatRelativeTime — time bucket coverage"],"fullName":"formatRelativeTime — time bucket coverage returns \"2 years ago\" for 730 days","status":"passed","title":"returns \"2 years ago\" for 730 days","duration":0.4290000000000873,"failureMessages":[],"meta":{}},{"ancestorTitles":["formatRelativeTime — time bucket coverage"],"fullName":"formatRelativeTime — time bucket coverage returns \"just now\" for future timestamps (defensive)","status":"passed","title":"returns \"just now\" for future timestamps (defensive)","duration":0.3668999999999869,"failureMessages":[],"meta":{}},{"ancestorTitles":["formatRelativeTime — time bucket coverage"],"fullName":"formatRelativeTime — time bucket coverage returns empty string for invalid date","status":"passed","title":"returns empty string for invalid date","duration":0.34120000000007167,"failureMessages":[],"meta":{}},{"ancestorTitles":["formatRelativeTime — time bucket coverage"],"fullName":"formatRelativeTime — time bucket coverage accepts string input","status":"passed","title":"accepts string input","duration":0.3991000000000895,"failureMessages":[],"meta":{}}],"startTime":1789583438467,"endTime":1789583438559.3992,"status":"passed","message":"","name":"C:/Users/sammy/Projects/DriveCommand/apps/web/src/__tests__/audit-trail-footer.test.ts"},{"assertionResults":[{"ancestorTitles":["formatDateOnly","the reported CDL defect — 2027-01-14 is the fourteenth everywhere"],"fullName":"formatDateOnly the reported CDL defect — 2027-01-14 is the fourteenth everywhere renders \"January 14, 2027\" in America/Chicago","status":"passed","title":"renders \"January 14, 2027\" in America/Chicago","duration":76.3780999999999,"failureMessages":[],"meta":{}},{"ancestorTitles":["formatDateOnly","the reported CDL defect — 2027-01-14 is the fourteenth everywhere"],"fullName":"formatDateOnly the reported CDL defect — 2027-01-14 is the fourteenth everywhere renders \"January 14, 2027\" in America/Los_Angeles","status":"passed","title":"renders \"January 14, 2027\" in America/Los_Angeles","duration":3.2415000000000873,"failureMessages":[],"meta":{}},{"ancestorTitles":["formatDateOnly","the reported CDL defect — 2027-01-14 is the fourteenth everywhere"],"fullName":"formatDateOnly the reported CDL defect — 2027-01-14 is the fourteenth everywhere renders \"January 14, 2027\" in America/New_York","status":"passed","title":"renders \"January 14, 2027\" in America/New_York","duration":2.7771000000000186,"failureMessages":[],"meta":{}},{"ancestorTitles":["formatDateOnly","the reported CDL defect — 2027-01-14 is the fourteenth everywhere"],"fullName":"formatDateOnly the reported CDL defect — 2027-01-14 is the fourteenth everywhere renders \"January 14, 2027\" in UTC","status":"passed","title":"renders \"January 14, 2027\" in UTC","duration":2.6726000000001022,"failureMessages":[],"meta":{}},{"ancestorTitles":["formatDateOnly","the reported CDL defect — 2027-01-14 is the fourteenth everywhere"],"fullName":"formatDateOnly the reported CDL defect — 2027-01-14 is the fourteenth everywhere renders \"January 14, 2027\" in Australia/Sydney","status":"passed","title":"renders \"January 14, 2027\" in Australia/Sydney","duration":2.601699999999937,"failureMessages":[],"meta":{}},{"ancestorTitles":["formatDateOnly"],"fullName":"formatDateOnly handles a Prisma Date object, not just the serialised string","status":"passed","title":"handles a Prisma Date object, not just the serialised string","duration":2.149499999999989,"failureMessages":[],"meta":{}},{"ancestorTitles":["formatDateOnly"],"fullName":"formatDateOnly respects Intl options","status":"passed","title":"respects Intl options","duration":1.4743000000000848,"failureMessages":[],"meta":{}},{"ancestorTitles":["formatDateOnly"],"fullName":"formatDateOnly survives a DST boundary in both directions","status":"passed","title":"survives a DST boundary in both directions","duration":2.052900000000136,"failureMessages":[],"meta":{}},{"ancestorTitles":["formatDateOnly"],"fullName":"formatDateOnly returns an em dash for null, undefined, empty and unparseable input","status":"passed","title":"returns an em dash for null, undefined, empty and unparseable input","duration":2.698799999999892,"failureMessages":[],"meta":{}},{"ancestorTitles":["daysUntilDateOnly"],"fullName":"daysUntilDateOnly a licence expiring today is 0 days out, not -1","status":"passed","title":"a licence expiring today is 0 days out, not -1","duration":1.7653999999999996,"failureMessages":[],"meta":{}},{"ancestorTitles":["daysUntilDateOnly"],"fullName":"daysUntilDateOnly yesterday is -1 and genuinely expired","status":"passed","title":"yesterday is -1 and genuinely expired","duration":1.0153000000000247,"failureMessages":[],"meta":{}},{"ancestorTitles":["daysUntilDateOnly"],"fullName":"daysUntilDateOnly counts forward in whole days regardless of the time of day","status":"passed","title":"counts forward in whole days regardless of the time of day","duration":0.9945999999999913,"failureMessages":[],"meta":{}},{"ancestorTitles":["daysUntilDateOnly"],"fullName":"daysUntilDateOnly gives the same answer in every zone for a given local day","status":"passed","title":"gives the same answer in every zone for a given local day","duration":2.9878000000001066,"failureMessages":[],"meta":{}},{"ancestorTitles":["daysUntilDateOnly"],"fullName":"daysUntilDateOnly returns null for null, undefined, empty and unparseable input","status":"passed","title":"returns null for null, undefined, empty and unparseable input","duration":1.0386000000000877,"failureMessages":[],"meta":{}}],"startTime":1789583435639,"endTime":1789583435746.0386,"status":"passed","message":"","name":"C:/Users/sammy/Projects/DriveCommand/apps/web/src/__tests__/date-only.test.ts"},{"assertionResults":[{"ancestorTitles":["(driver-fullscreen) — one shell"],"fullName":"(driver-fullscreen) — one shell the layout string lives in exactly one file, and it is the shell","status":"passed","title":"the layout string lives in exactly one file, and it is the shell","duration":1088.0692000000001,"failureMessages":[],"meta":{}},{"ancestorTitles":["(driver-fullscreen) — one shell"],"fullName":"(driver-fullscreen) — one shell feedback is rendered above the actions in both shells","status":"passed","title":"feedback is rendered above the actions in both shells","duration":2.1457000000000335,"failureMessages":[],"meta":{}},{"ancestorTitles":["(driver-fullscreen) — one shell"],"fullName":"(driver-fullscreen) — one shell renders its error through the shell — 'InspectionClient — BeginScreen and Ou…'","status":"passed","title":"renders its error through the shell — 'InspectionClient — BeginScreen and Ou…'","duration":2.4191000000000713,"failureMessages":[],"meta":{}},{"ancestorTitles":["(driver-fullscreen) — one shell"],"fullName":"(driver-fullscreen) — one shell renders its error through the shell — 'InspectionRunner — the walkaround and…'","status":"passed","title":"renders its error through the shell — 'InspectionRunner — the walkaround and…'","duration":1.935699999999997,"failureMessages":[],"meta":{}},{"ancestorTitles":["(driver-fullscreen) — one shell"],"fullName":"(driver-fullscreen) — one shell the shell is actually reached — the screens still exist and still guard","status":"passed","title":"the shell is actually reached — the screens still exist and still guard","duration":5.622100000000046,"failureMessages":[],"meta":{}},{"ancestorTitles":["(driver-fullscreen) — one shell"],"fullName":"(driver-fullscreen) — one shell no touch target in the group falls below 44px","status":"passed","title":"no touch target in the group falls below 44px","duration":17.74220000000014,"failureMessages":[],"meta":{}}],"startTime":1789583430857,"endTime":1789583431976.7422,"status":"passed","message":"","name":"C:/Users/sammy/Projects/DriveCommand/apps/web/src/__tests__/driver-fullscreen-shell.test.ts"},{"assertionResults":[{"ancestorTitles":["formatPayPeriodDate","raw 'YYYY-MM-DD' string — stable across all US timezones"],"fullName":"formatPayPeriodDate raw 'YYYY-MM-DD' string — stable across all US timezones renders '2026-05-11' as 'May 11, 2026' in America/Los_Angeles","status":"passed","title":"renders '2026-05-11' as 'May 11, 2026' in America/Los_Angeles","duration":79.2781,"failureMessages":[],"meta":{}},{"ancestorTitles":["formatPayPeriodDate","raw 'YYYY-MM-DD' string — stable across all US timezones"],"fullName":"formatPayPeriodDate raw 'YYYY-MM-DD' string — stable across all US timezones renders '2026-05-11' as 'May 11, 2026' in America/Chicago","status":"passed","title":"renders '2026-05-11' as 'May 11, 2026' in America/Chicago","duration":2.0105999999998403,"failureMessages":[],"meta":{}},{"ancestorTitles":["formatPayPeriodDate","raw 'YYYY-MM-DD' string — stable across all US timezones"],"fullName":"formatPayPeriodDate raw 'YYYY-MM-DD' string — stable across all US timezones renders '2026-05-11' as 'May 11, 2026' in America/New_York","status":"passed","title":"renders '2026-05-11' as 'May 11, 2026' in America/New_York","duration":2.171199999999999,"failureMessages":[],"meta":{}},{"ancestorTitles":["formatPayPeriodDate","raw 'YYYY-MM-DD' string — stable across all US timezones"],"fullName":"formatPayPeriodDate raw 'YYYY-MM-DD' string — stable across all US timezones renders '2026-05-11' as 'May 11, 2026' in UTC","status":"passed","title":"renders '2026-05-11' as 'May 11, 2026' in UTC","duration":1.9105999999999312,"failureMessages":[],"meta":{}},{"ancestorTitles":["formatPayPeriodDate","raw 'YYYY-MM-DD' string — stable across all US timezones"],"fullName":"formatPayPeriodDate raw 'YYYY-MM-DD' string — stable across all US timezones produces identical output across all 4 timezones for raw date string","status":"passed","title":"produces identical output across all 4 timezones for raw date string","duration":13.766500000000178,"failureMessages":[],"meta":{}},{"ancestorTitles":["formatPayPeriodDate","UTC midnight ISO string ('YYYY-MM-DDT00:00:00.000Z') — the production bug shape"],"fullName":"formatPayPeriodDate UTC midnight ISO string ('YYYY-MM-DDT00:00:00.000Z') — the production bug shape renders '2026-05-11T00:00:00.000Z' as 'May 11, 2026' in America/Los_Angeles","status":"passed","title":"renders '2026-05-11T00:00:00.000Z' as 'May 11, 2026' in America/Los_Angeles","duration":4.125600000000077,"failureMessages":[],"meta":{}},{"ancestorTitles":["formatPayPeriodDate","UTC midnight ISO string ('YYYY-MM-DDT00:00:00.000Z') — the production bug shape"],"fullName":"formatPayPeriodDate UTC midnight ISO string ('YYYY-MM-DDT00:00:00.000Z') — the production bug shape renders '2026-05-11T00:00:00.000Z' as 'May 11, 2026' in America/Chicago","status":"passed","title":"renders '2026-05-11T00:00:00.000Z' as 'May 11, 2026' in America/Chicago","duration":2.8083999999998923,"failureMessages":[],"meta":{}},{"ancestorTitles":["formatPayPeriodDate","UTC midnight ISO string ('YYYY-MM-DDT00:00:00.000Z') — the production bug shape"],"fullName":"formatPayPeriodDate UTC midnight ISO string ('YYYY-MM-DDT00:00:00.000Z') — the production bug shape renders '2026-05-11T00:00:00.000Z' as 'May 11, 2026' in America/New_York","status":"passed","title":"renders '2026-05-11T00:00:00.000Z' as 'May 11, 2026' in America/New_York","duration":1.7480000000000473,"failureMessages":[],"meta":{}},{"ancestorTitles":["formatPayPeriodDate","UTC midnight ISO string ('YYYY-MM-DDT00:00:00.000Z') — the production bug shape"],"fullName":"formatPayPeriodDate UTC midnight ISO string ('YYYY-MM-DDT00:00:00.000Z') — the production bug shape renders '2026-05-11T00:00:00.000Z' as 'May 11, 2026' in UTC","status":"passed","title":"renders '2026-05-11T00:00:00.000Z' as 'May 11, 2026' in UTC","duration":1.322700000000168,"failureMessages":[],"meta":{}},{"ancestorTitles":["formatPayPeriodDate","UTC midnight ISO string ('YYYY-MM-DDT00:00:00.000Z') — the production bug shape"],"fullName":"formatPayPeriodDate UTC midnight ISO string ('YYYY-MM-DDT00:00:00.000Z') — the production bug shape produces identical output across all 4 timezones for UTC midnight ISO string","status":"passed","title":"produces identical output across all 4 timezones for UTC midnight ISO string","duration":2.3315999999999804,"failureMessages":[],"meta":{}},{"ancestorTitles":["formatPayPeriodDate","UTC midnight ISO without ms ('YYYY-MM-DDT00:00:00Z')"],"fullName":"formatPayPeriodDate UTC midnight ISO without ms ('YYYY-MM-DDT00:00:00Z') renders '2026-05-11T00:00:00Z' as 'May 11, 2026' in America/Los_Angeles","status":"passed","title":"renders '2026-05-11T00:00:00Z' as 'May 11, 2026' in America/Los_Angeles","duration":0.8656999999998334,"failureMessages":[],"meta":{}},{"ancestorTitles":["formatPayPeriodDate","UTC midnight ISO without ms ('YYYY-MM-DDT00:00:00Z')"],"fullName":"formatPayPeriodDate UTC midnight ISO without ms ('YYYY-MM-DDT00:00:00Z') renders '2026-05-11T00:00:00Z' as 'May 11, 2026' in America/Chicago","status":"passed","title":"renders '2026-05-11T00:00:00Z' as 'May 11, 2026' in America/Chicago","duration":0.5809000000001561,"failureMessages":[],"meta":{}},{"ancestorTitles":["formatPayPeriodDate","UTC midnight ISO without ms ('YYYY-MM-DDT00:00:00Z')"],"fullName":"formatPayPeriodDate UTC midnight ISO without ms ('YYYY-MM-DDT00:00:00Z') renders '2026-05-11T00:00:00Z' as 'May 11, 2026' in America/New_York","status":"passed","title":"renders '2026-05-11T00:00:00Z' as 'May 11, 2026' in America/New_York","duration":2.7373999999999796,"failureMessages":[],"meta":{}},{"ancestorTitles":["formatPayPeriodDate","UTC midnight ISO without ms ('YYYY-MM-DDT00:00:00Z')"],"fullName":"formatPayPeriodDate UTC midnight ISO without ms ('YYYY-MM-DDT00:00:00Z') renders '2026-05-11T00:00:00Z' as 'May 11, 2026' in UTC","status":"passed","title":"renders '2026-05-11T00:00:00Z' as 'May 11, 2026' in UTC","duration":1.0451000000000477,"failureMessages":[],"meta":{}},{"ancestorTitles":["formatPayPeriodDate","real timestamp strings — pass through standard Date parsing (NOT date-only branch)"],"fullName":"formatPayPeriodDate real timestamp strings — pass through standard Date parsing (NOT date-only branch) '2026-05-11T05:00:00.000Z' renders differently in UTC vs America/Los_Angeles (day-boundary proof)","status":"passed","title":"'2026-05-11T05:00:00.000Z' renders differently in UTC vs America/Los_Angeles (day-boundary proof)","duration":4.387300000000096,"failureMessages":[],"meta":{}},{"ancestorTitles":["formatPayPeriodDate","real timestamp strings — pass through standard Date parsing (NOT date-only branch)"],"fullName":"formatPayPeriodDate real timestamp strings — pass through standard Date parsing (NOT date-only branch) '2026-05-11T18:30:00.000Z' is not caught by the date-only regex","status":"passed","title":"'2026-05-11T18:30:00.000Z' is not caught by the date-only regex","duration":2.881800000000112,"failureMessages":[],"meta":{}},{"ancestorTitles":["formatPayPeriodDate","custom Intl.DateTimeFormatOptions"],"fullName":"formatPayPeriodDate custom Intl.DateTimeFormatOptions renders with short month when opts override is passed","status":"passed","title":"renders with short month when opts override is passed","duration":1.5234000000000378,"failureMessages":[],"meta":{}},{"ancestorTitles":["formatPayPeriodDate","custom Intl.DateTimeFormatOptions"],"fullName":"formatPayPeriodDate custom Intl.DateTimeFormatOptions renders with month + day only (no year) when opts override is passed","status":"passed","title":"renders with month + day only (no year) when opts override is passed","duration":1.47849999999994,"failureMessages":[],"meta":{}},{"ancestorTitles":["formatPayPeriodDate","Date instance input"],"fullName":"formatPayPeriodDate Date instance input formats a Date object via the standard branch","status":"passed","title":"formats a Date object via the standard branch","duration":1.0048999999999069,"failureMessages":[],"meta":{}}],"startTime":1789583437511,"endTime":1789583437644.005,"status":"passed","message":"","name":"C:/Users/sammy/Projects/DriveCommand/apps/web/src/__tests__/format-date.test.ts"},{"assertionResults":[{"ancestorTitles":["no control characters in source"],"fullName":"no control characters in source actually found files to scan","status":"passed","title":"actually found files to scan","duration":3.863900000000058,"failureMessages":[],"meta":{}},{"ancestorTitles":["no control characters in source"],"fullName":"no control characters in source detects a control character when one is present","status":"passed","title":"detects a control character when one is present","duration":1.2972999999999502,"failureMessages":[],"meta":{}},{"ancestorTitles":["no control characters in source"],"fullName":"no control characters in source finds no control characters in any scanned file","status":"passed","title":"finds no control characters in any scanned file","duration":860.4385,"failureMessages":[],"meta":{}}],"startTime":1789583431134,"endTime":1789583432000.4385,"status":"passed","message":"","name":"C:/Users/sammy/Projects/DriveCommand/apps/web/src/__tests__/no-control-characters.test.ts"},{"assertionResults":[{"ancestorTitles":["nuqs adapter coverage — the scan found something"],"fullName":"nuqs adapter coverage — the scan found something walked a real number of source files","status":"passed","title":"walked a real number of source files","duration":5.081700000000637,"failureMessages":[],"meta":{}},{"ancestorTitles":["nuqs adapter coverage — the scan found something"],"fullName":"nuqs adapter coverage — the scan found something found at least one module importing a hook from bare `nuqs`","status":"passed","title":"found at least one module importing a hook from bare `nuqs`","duration":0.7903999999998632,"failureMessages":[],"meta":{}},{"ancestorTitles":["nuqs adapter coverage — the scan found something"],"fullName":"nuqs adapter coverage — the scan found something read that module as non-empty after CRLF normalisation","status":"passed","title":"read that module as non-empty after CRLF normalisation","duration":1.7120999999997366,"failureMessages":[],"meta":{}},{"ancestorTitles":["nuqs adapter coverage — the scan found something"],"fullName":"nuqs adapter coverage — the scan found something found at least one NuqsAdapter mount","status":"passed","title":"found at least one NuqsAdapter mount","duration":0.6359000000002197,"failureMessages":[],"meta":{}},{"ancestorTitles":["nuqs adapter coverage — the scan found something"],"fullName":"nuqs adapter coverage — the scan found something traced the consumer set to at least the seven pages quick-605 measured","status":"passed","title":"traced the consumer set to at least the seven pages quick-605 measured","duration":0.7159999999994398,"failureMessages":[],"meta":{}},{"ancestorTitles":["nuqs adapter coverage — the scan found something"],"fullName":"nuqs adapter coverage — the scan found something assertScanIntegrity agrees, and is the single gate the CLI uses too","status":"passed","title":"assertScanIntegrity agrees, and is the single gate the CLI uses too","duration":3.375799999999799,"failureMessages":[],"meta":{}},{"ancestorTitles":["nuqs adapter coverage — the scan found something"],"fullName":"nuqs adapter coverage — the scan found something COUNTER-ASSERTION: an empty page set is rejected, not passed over","status":"passed","title":"COUNTER-ASSERTION: an empty page set is rejected, not passed over","duration":2.8999000000003434,"failureMessages":[],"meta":{}},{"ancestorTitles":["nuqs adapter coverage — the scan found something"],"fullName":"nuqs adapter coverage — the scan found something COUNTER-ASSERTION: a missing mount is rejected","status":"passed","title":"COUNTER-ASSERTION: a missing mount is rejected","duration":1.3674000000000888,"failureMessages":[],"meta":{}},{"ancestorTitles":["nuqs adapter coverage — every consumer page is covered"],"fullName":"nuqs adapter coverage — every consumer page is covered every page that transitively renders a nuqs hook has an adapter above it","status":"passed","title":"every page that transitively renders a nuqs hook has an adapter above it","duration":1.5370999999995547,"failureMessages":[],"meta":{}},{"ancestorTitles":["nuqs adapter coverage — every consumer page is covered"],"fullName":"nuqs adapter coverage — every consumer page is covered the mount that covers them is the ROOT layout, not a route-group one","status":"passed","title":"the mount that covers them is the ROOT layout, not a route-group one","duration":0.8118999999996959,"failureMessages":[],"meta":{}},{"ancestorTitles":["nuqs adapter coverage — every consumer page is covered"],"fullName":"nuqs adapter coverage — every consumer page is covered both route groups that hold consumers are represented, so this is not a one-group scan","status":"passed","title":"both route groups that hold consumers are represented, so this is not a one-group scan","duration":0.735899999999674,"failureMessages":[],"meta":{}}],"startTime":1789583454044,"endTime":1789583454068.7358,"status":"passed","message":"","name":"C:/Users/sammy/Projects/DriveCommand/apps/web/src/__tests__/nuqs-adapter-coverage.test.ts"},{"assertionResults":[{"ancestorTitles":["SidebarFooter toggle label"],"fullName":"SidebarFooter toggle label shows 'Collapse' when sidebar is expanded","status":"passed","title":"shows 'Collapse' when sidebar is expanded","duration":4.28550000000007,"failureMessages":[],"meta":{}},{"ancestorTitles":["SidebarFooter toggle label"],"fullName":"SidebarFooter toggle label shows 'Expand' when sidebar is collapsed","status":"passed","title":"shows 'Expand' when sidebar is collapsed","duration":0.8057999999999765,"failureMessages":[],"meta":{}},{"ancestorTitles":["SidebarFooter toggle label"],"fullName":"SidebarFooter toggle label correctly flips labels on state change","status":"passed","title":"correctly flips labels on state change","duration":0.8946999999999434,"failureMessages":[],"meta":{}},{"ancestorTitles":["SidebarFooter toggle label"],"fullName":"SidebarFooter toggle label 10 consecutive toggles all produce correct labels","status":"passed","title":"10 consecutive toggles all produce correct labels","duration":2.1140000000000327,"failureMessages":[],"meta":{}},{"ancestorTitles":["SidebarFooter toggle label"],"fullName":"SidebarFooter toggle label peek overlay scenario: visual expanded but sidebar collapsed shows Expand","status":"passed","title":"peek overlay scenario: visual expanded but sidebar collapsed shows Expand","duration":0.7335000000000491,"failureMessages":[],"meta":{}}],"startTime":1789583460488,"endTime":1789583460497.7334,"status":"passed","message":"","name":"C:/Users/sammy/Projects/DriveCommand/apps/web/src/__tests__/sidebar-footer-toggle.test.ts"},{"assertionResults":[{"ancestorTitles":["completeStep — type-specific validation"],"fullName":"completeStep — type-specific validation DOCUMENT_UPLOAD: rejects with MISSING_FILES when fileUrls is empty","status":"failed","title":"DOCUMENT_UPLOAD: rejects with MISSING_FILES when fileUrls is empty","duration":6792.1705999999995,"failureMessages":["AssertionError: expected error to match asymmetric matcher\n    at file:///C:/Users/sammy/Projects/DriveCommand/node_modules/@vitest/expect/dist/index.js:1704:20\n    at processTicksAndRejections (node:internal/process/task_queues:103:5)\n    at C:/Users/sammy/Projects/DriveCommand/apps/web/src/__tests__/workflows-complete-step.test.ts:101:5\n    at file:///C:/Users/sammy/Projects/DriveCommand/node_modules/@vitest/runner/dist/index.js:915:20"],"meta":{}},{"ancestorTitles":["completeStep — type-specific validation"],"fullName":"completeStep — type-specific validation SIGNATURE: rejects with MISSING_SIGNATURE when signatureUrl is absent","status":"failed","title":"SIGNATURE: rejects with MISSING_SIGNATURE when signatureUrl is absent","duration":21.181899999999587,"failureMessages":["AssertionError: expected error to match asymmetric matcher\n    at file:///C:/Users/sammy/Projects/DriveCommand/node_modules/@vitest/expect/dist/index.js:1704:20\n    at processTicksAndRejections (node:internal/process/task_queues:103:5)\n    at C:/Users/sammy/Projects/DriveCommand/apps/web/src/__tests__/workflows-complete-step.test.ts:113:5\n    at file:///C:/Users/sammy/Projects/DriveCommand/node_modules/@vitest/runner/dist/index.js:915:20"],"meta":{}},{"ancestorTitles":["completeStep — type-specific validation"],"fullName":"completeStep — type-specific validation FORM_FILL: rejects with INVALID_FORM when formData is absent","status":"failed","title":"FORM_FILL: rejects with INVALID_FORM when formData is absent","duration":6.3171000000002095,"failureMessages":["AssertionError: expected error to match asymmetric matcher\n    at file:///C:/Users/sammy/Projects/DriveCommand/node_modules/@vitest/expect/dist/index.js:1704:20\n    at processTicksAndRejections (node:internal/process/task_queues:103:5)\n    at C:/Users/sammy/Projects/DriveCommand/apps/web/src/__tests__/workflows-complete-step.test.ts:125:5\n    at file:///C:/Users/sammy/Projects/DriveCommand/node_modules/@vitest/runner/dist/index.js:915:20"],"meta":{}},{"ancestorTitles":["completeStep — type-specific validation"],"fullName":"completeStep — type-specific validation FORM_FILL: rejects with INVALID_FORM when a required formSchema field is missing","status":"failed","title":"FORM_FILL: rejects with INVALID_FORM when a required formSchema field is missing","duration":8.271199999999226,"failureMessages":["AssertionError: expected error to match asymmetric matcher\n    at file:///C:/Users/sammy/Projects/DriveCommand/node_modules/@vitest/expect/dist/index.js:1704:20\n    at processTicksAndRejections (node:internal/process/task_queues:103:5)\n    at C:/Users/sammy/Projects/DriveCommand/apps/web/src/__tests__/workflows-complete-step.test.ts:137:5\n    at file:///C:/Users/sammy/Projects/DriveCommand/node_modules/@vitest/runner/dist/index.js:915:20"],"meta":{}},{"ancestorTitles":["completeStep — type-specific validation"],"fullName":"completeStep — type-specific validation FORM_FILL: completes successfully when all required formSchema fields are present","status":"failed","title":"FORM_FILL: completes successfully when all required formSchema fields are present","duration":14.243499999998676,"failureMessages":["Error: promise rejected \"Error: `cookies` was called outside a req… { __NEXT_ERROR_CODE: '…' }\" instead of resolving\n    at _Assertion.__VITEST_RESOLVES__ (file:///C:/Users/sammy/Projects/DriveCommand/node_modules/@vitest/expect/dist/index.js:1642:17)\n    at _Assertion.propertyGetter (file:///C:/Users/sammy/Projects/DriveCommand/node_modules/chai/index.js:1570:27)\n    at Reflect.get (<anonymous>)\n    at Object.proxyGetter [as get] (file:///C:/Users/sammy/Projects/DriveCommand/node_modules/chai/index.js:1659:22)\n    at C:/Users/sammy/Projects/DriveCommand/apps/web/src/__tests__/workflows-complete-step.test.ts:153:5\n    at processTicksAndRejections (node:internal/process/task_queues:103:5)\n    at file:///C:/Users/sammy/Projects/DriveCommand/node_modules/@vitest/runner/dist/index.js:915:20"],"meta":{}},{"ancestorTitles":["completeStep — type-specific validation"],"fullName":"completeStep — type-specific validation INSPECTION_ITEM: rejects with USE_FAIL_ENDPOINT when passOrFail is fail or missing","status":"failed","title":"INSPECTION_ITEM: rejects with USE_FAIL_ENDPOINT when passOrFail is fail or missing","duration":3.761500000000524,"failureMessages":["AssertionError: expected error to match asymmetric matcher\n    at file:///C:/Users/sammy/Projects/DriveCommand/node_modules/@vitest/expect/dist/index.js:1704:20\n    at processTicksAndRejections (node:internal/process/task_queues:103:5)\n    at C:/Users/sammy/Projects/DriveCommand/apps/web/src/__tests__/workflows-complete-step.test.ts:168:5\n    at file:///C:/Users/sammy/Projects/DriveCommand/node_modules/@vitest/runner/dist/index.js:915:20"],"meta":{}},{"ancestorTitles":["completeStep — type-specific validation"],"fullName":"completeStep — type-specific validation TRAINING_ACK: rejects with MISSING_ACK when neither acknowledged nor note provided","status":"failed","title":"TRAINING_ACK: rejects with MISSING_ACK when neither acknowledged nor note provided","duration":3.6543000000001484,"failureMessages":["AssertionError: expected error to match asymmetric matcher\n    at file:///C:/Users/sammy/Projects/DriveCommand/node_modules/@vitest/expect/dist/index.js:1704:20\n    at processTicksAndRejections (node:internal/process/task_queues:103:5)\n    at C:/Users/sammy/Projects/DriveCommand/apps/web/src/__tests__/workflows-complete-step.test.ts:184:5\n    at file:///C:/Users/sammy/Projects/DriveCommand/node_modules/@vitest/runner/dist/index.js:915:20"],"meta":{}},{"ancestorTitles":["completeStep — type-specific validation"],"fullName":"completeStep — type-specific validation THIRD_PARTY: rejects with MISSING_EVIDENCE when no note and no fileUrls","status":"failed","title":"THIRD_PARTY: rejects with MISSING_EVIDENCE when no note and no fileUrls","duration":3.362700000001496,"failureMessages":["AssertionError: expected error to match asymmetric matcher\n    at file:///C:/Users/sammy/Projects/DriveCommand/node_modules/@vitest/expect/dist/index.js:1704:20\n    at processTicksAndRejections (node:internal/process/task_queues:103:5)\n    at C:/Users/sammy/Projects/DriveCommand/apps/web/src/__tests__/workflows-complete-step.test.ts:196:5\n    at file:///C:/Users/sammy/Projects/DriveCommand/node_modules/@vitest/runner/dist/index.js:915:20"],"meta":{}},{"ancestorTitles":["completeStep — type-specific validation"],"fullName":"completeStep — type-specific validation CUSTOM_NOTE: rejects with MISSING_NOTE when note is empty (whitespace only)","status":"failed","title":"CUSTOM_NOTE: rejects with MISSING_NOTE when note is empty (whitespace only)","duration":3.31210000000101,"failureMessages":["AssertionError: expected error to match asymmetric matcher\n    at file:///C:/Users/sammy/Projects/DriveCommand/node_modules/@vitest/expect/dist/index.js:1704:20\n    at processTicksAndRejections (node:internal/process/task_queues:103:5)\n    at C:/Users/sammy/Projects/DriveCommand/apps/web/src/__tests__/workflows-complete-step.test.ts:208:5\n    at file:///C:/Users/sammy/Projects/DriveCommand/node_modules/@vitest/runner/dist/index.js:915:20"],"meta":{}}],"startTime":1789583413055,"endTime":1789583419912.312,"status":"failed","message":"","name":"C:/Users/sammy/Projects/DriveCommand/apps/web/src/__tests__/workflows-complete-step.test.ts"},{"assertionResults":[{"ancestorTitles":["dispatch enforcement + override audit (Phase 4 DoD tests 3 + 4)"],"fullName":"dispatch enforcement + override audit (Phase 4 DoD tests 3 + 4) DoD test 4: throws DRIVER_NOT_DISPATCH_READY and does NOT create dispatch when driver is not ready","status":"failed","title":"DoD test 4: throws DRIVER_NOT_DISPATCH_READY and does NOT create dispatch when driver is not ready","duration":254.2506999999996,"failureMessages":["AssertionError: expected [Function] to throw error including 'DRIVER_NOT_DISPATCH_READY' but got '`cookies` was called outside a reques…'\n    at _Assertion.<anonymous> (file:///C:/Users/sammy/Projects/DriveCommand/node_modules/@vitest/expect/dist/index.js:1485:16)\n    at _Assertion.<anonymous> (file:///C:/Users/sammy/Projects/DriveCommand/node_modules/@vitest/expect/dist/index.js:1090:14)\n    at _Assertion.methodWrapper (file:///C:/Users/sammy/Projects/DriveCommand/node_modules/chai/index.js:1700:25)\n    at file:///C:/Users/sammy/Projects/DriveCommand/node_modules/@vitest/expect/dist/index.js:1704:20\n    at processTicksAndRejections (node:internal/process/task_queues:103:5)\n    at C:/Users/sammy/Projects/DriveCommand/apps/web/src/__tests__/workflows-dispatch-enforcement.test.ts:122:5\n    at file:///C:/Users/sammy/Projects/DriveCommand/node_modules/@vitest/runner/dist/index.js:915:20"],"meta":{}},{"ancestorTitles":["dispatch enforcement + override audit (Phase 4 DoD tests 3 + 4)"],"fullName":"dispatch enforcement + override audit (Phase 4 DoD tests 3 + 4) DoD test 3: admin override creates dispatch and writes DispatchOverrideAudit with all 5 required fields","status":"failed","title":"DoD test 3: admin override creates dispatch and writes DispatchOverrideAudit with all 5 required fields","duration":11.394399999999223,"failureMessages":["Error: `cookies` was called outside a request scope. Read more: https://nextjs.org/docs/messages/next-dynamic-api-wrong-context\n    at throwForMissingRequestStore (C:\\Users\\sammy\\Projects\\DriveCommand\\node_modules\\next\\dist\\server\\app-render\\work-unit-async-storage.external.js:75:33)\n    at cookies (C:\\Users\\sammy\\Projects\\DriveCommand\\node_modules\\next\\dist\\server\\request\\cookies.js:126:67)\n    at createSupabaseServerClient (C:/Users/sammy/Projects/DriveCommand/apps/web/src/lib/supabase/server.ts:5:29)\n    at getSession2 (C:/Users/sammy/Projects/DriveCommand/apps/web/src/lib/auth/supabase.ts:45:26)\n    at processTicksAndRejections (node:internal/process/task_queues:103:5)\n    at resolveSessionTenantId (C:/Users/sammy/Projects/DriveCommand/apps/web/src/lib/context/tenant-context.ts:85:19)\n    at getTenantPrisma (C:/Users/sammy/Projects/DriveCommand/apps/web/src/lib/context/tenant-context.ts:173:20)\n    at Module.createTrip (C:/Users/sammy/Projects/DriveCommand/apps/web/src/lib/carrier/trips.ts:186:24)\n    at C:/Users/sammy/Projects/DriveCommand/apps/web/src/__tests__/workflows-dispatch-enforcement.test.ts:150:5\n    at file:///C:/Users/sammy/Projects/DriveCommand/node_modules/@vitest/runner/dist/index.js:915:20"],"meta":{}},{"ancestorTitles":["dispatch enforcement + override audit (Phase 4 DoD tests 3 + 4)"],"fullName":"dispatch enforcement + override audit (Phase 4 DoD tests 3 + 4) throws OVERRIDE_REQUIRES_ADMIN when a non-admin attempts to override dispatch readiness","status":"failed","title":"throws OVERRIDE_REQUIRES_ADMIN when a non-admin attempts to override dispatch readiness","duration":5.856700000000274,"failureMessages":["AssertionError: expected [Function] to throw error including 'OVERRIDE_REQUIRES_ADMIN' but got '`cookies` was called outside a reques…'\n    at _Assertion.<anonymous> (file:///C:/Users/sammy/Projects/DriveCommand/node_modules/@vitest/expect/dist/index.js:1485:16)\n    at _Assertion.<anonymous> (file:///C:/Users/sammy/Projects/DriveCommand/node_modules/@vitest/expect/dist/index.js:1090:14)\n    at _Assertion.methodWrapper (file:///C:/Users/sammy/Projects/DriveCommand/node_modules/chai/index.js:1700:25)\n    at file:///C:/Users/sammy/Projects/DriveCommand/node_modules/@vitest/expect/dist/index.js:1704:20\n    at processTicksAndRejections (node:internal/process/task_queues:103:5)\n    at C:/Users/sammy/Projects/DriveCommand/apps/web/src/__tests__/workflows-dispatch-enforcement.test.ts:191:5\n    at file:///C:/Users/sammy/Projects/DriveCommand/node_modules/@vitest/runner/dist/index.js:915:20"],"meta":{}},{"ancestorTitles":["dispatch enforcement + override audit (Phase 4 DoD tests 3 + 4)"],"fullName":"dispatch enforcement + override audit (Phase 4 DoD tests 3 + 4) creates dispatch normally for a dispatch-ready driver without writing any audit row","status":"failed","title":"creates dispatch normally for a dispatch-ready driver without writing any audit row","duration":2.8523000000004686,"failureMessages":["Error: `cookies` was called outside a request scope. Read more: https://nextjs.org/docs/messages/next-dynamic-api-wrong-context\n    at throwForMissingRequestStore (C:\\Users\\sammy\\Projects\\DriveCommand\\node_modules\\next\\dist\\server\\app-render\\work-unit-async-storage.external.js:75:33)\n    at cookies (C:\\Users\\sammy\\Projects\\DriveCommand\\node_modules\\next\\dist\\server\\request\\cookies.js:126:67)\n    at createSupabaseServerClient (C:/Users/sammy/Projects/DriveCommand/apps/web/src/lib/supabase/server.ts:5:29)\n    at getSession2 (C:/Users/sammy/Projects/DriveCommand/apps/web/src/lib/auth/supabase.ts:45:26)\n    at processTicksAndRejections (node:internal/process/task_queues:103:5)\n    at resolveSessionTenantId (C:/Users/sammy/Projects/DriveCommand/apps/web/src/lib/context/tenant-context.ts:85:19)\n    at getTenantPrisma (C:/Users/sammy/Projects/DriveCommand/apps/web/src/lib/context/tenant-context.ts:173:20)\n    at Module.createTrip (C:/Users/sammy/Projects/DriveCommand/apps/web/src/lib/carrier/trips.ts:186:24)\n    at C:/Users/sammy/Projects/DriveCommand/apps/web/src/__tests__/workflows-dispatch-enforcement.test.ts:212:5\n    at file:///C:/Users/sammy/Projects/DriveCommand/node_modules/@vitest/runner/dist/index.js:915:20"],"meta":{}},{"ancestorTitles":["dispatch enforcement + override audit (Phase 4 DoD tests 3 + 4)"],"fullName":"dispatch enforcement + override audit (Phase 4 DoD tests 3 + 4) audit row tenantId equals the dispatch orgId — prevents cross-tenant audit bugs","status":"failed","title":"audit row tenantId equals the dispatch orgId — prevents cross-tenant audit bugs","duration":2.7088999999996304,"failureMessages":["Error: `cookies` was called outside a request scope. Read more: https://nextjs.org/docs/messages/next-dynamic-api-wrong-context\n    at throwForMissingRequestStore (C:\\Users\\sammy\\Projects\\DriveCommand\\node_modules\\next\\dist\\server\\app-render\\work-unit-async-storage.external.js:75:33)\n    at cookies (C:\\Users\\sammy\\Projects\\DriveCommand\\node_modules\\next\\dist\\server\\request\\cookies.js:126:67)\n    at createSupabaseServerClient (C:/Users/sammy/Projects/DriveCommand/apps/web/src/lib/supabase/server.ts:5:29)\n    at getSession2 (C:/Users/sammy/Projects/DriveCommand/apps/web/src/lib/auth/supabase.ts:45:26)\n    at processTicksAndRejections (node:internal/process/task_queues:103:5)\n    at resolveSessionTenantId (C:/Users/sammy/Projects/DriveCommand/apps/web/src/lib/context/tenant-context.ts:85:19)\n    at getTenantPrisma (C:/Users/sammy/Projects/DriveCommand/apps/web/src/lib/context/tenant-context.ts:173:20)\n    at Module.createTrip (C:/Users/sammy/Projects/DriveCommand/apps/web/src/lib/carrier/trips.ts:186:24)\n    at C:/Users/sammy/Projects/DriveCommand/apps/web/src/__tests__/workflows-dispatch-enforcement.test.ts:235:5\n    at file:///C:/Users/sammy/Projects/DriveCommand/node_modules/@vitest/runner/dist/index.js:915:20"],"meta":{}}],"startTime":1789583419831,"endTime":1789583420108.709,"status":"failed","message":"","name":"C:/Users/sammy/Projects/DriveCommand/apps/web/src/__tests__/workflows-dispatch-enforcement.test.ts"},{"assertionResults":[{"ancestorTitles":["failInspectionItem"],"fullName":"failInspectionItem creates exactly one mechanic APPROVAL step when category is VEHICLE_INSPECTION","status":"failed","title":"creates exactly one mechanic APPROVAL step when category is VEHICLE_INSPECTION","duration":278.02160000000003,"failureMessages":["Error: `cookies` was called outside a request scope. Read more: https://nextjs.org/docs/messages/next-dynamic-api-wrong-context\n    at throwForMissingRequestStore (C:\\Users\\sammy\\Projects\\DriveCommand\\node_modules\\next\\dist\\server\\app-render\\work-unit-async-storage.external.js:75:33)\n    at cookies (C:\\Users\\sammy\\Projects\\DriveCommand\\node_modules\\next\\dist\\server\\request\\cookies.js:126:67)\n    at createSupabaseServerClient (C:/Users/sammy/Projects/DriveCommand/apps/web/src/lib/supabase/server.ts:5:29)\n    at getSession2 (C:/Users/sammy/Projects/DriveCommand/apps/web/src/lib/auth/supabase.ts:45:26)\n    at processTicksAndRejections (node:internal/process/task_queues:103:5)\n    at resolveSessionTenantId (C:/Users/sammy/Projects/DriveCommand/apps/web/src/lib/context/tenant-context.ts:85:19)\n    at getTenantPrisma (C:/Users/sammy/Projects/DriveCommand/apps/web/src/lib/context/tenant-context.ts:173:20)\n    at Module.failInspectionItem (C:/Users/sammy/Projects/DriveCommand/apps/web/src/server/services/workflows/failInspectionItem.ts:26:24)\n    at C:/Users/sammy/Projects/DriveCommand/apps/web/src/__tests__/workflows-fail-inspection.test.ts:91:5\n    at file:///C:/Users/sammy/Projects/DriveCommand/node_modules/@vitest/runner/dist/index.js:915:20"],"meta":{}},{"ancestorTitles":["failInspectionItem"],"fullName":"failInspectionItem creates zero mechanic steps when category is ONBOARDING","status":"failed","title":"creates zero mechanic steps when category is ONBOARDING","duration":3.2825999999995474,"failureMessages":["Error: `cookies` was called outside a request scope. Read more: https://nextjs.org/docs/messages/next-dynamic-api-wrong-context\n    at throwForMissingRequestStore (C:\\Users\\sammy\\Projects\\DriveCommand\\node_modules\\next\\dist\\server\\app-render\\work-unit-async-storage.external.js:75:33)\n    at cookies (C:\\Users\\sammy\\Projects\\DriveCommand\\node_modules\\next\\dist\\server\\request\\cookies.js:126:67)\n    at createSupabaseServerClient (C:/Users/sammy/Projects/DriveCommand/apps/web/src/lib/supabase/server.ts:5:29)\n    at getSession2 (C:/Users/sammy/Projects/DriveCommand/apps/web/src/lib/auth/supabase.ts:45:26)\n    at processTicksAndRejections (node:internal/process/task_queues:103:5)\n    at resolveSessionTenantId (C:/Users/sammy/Projects/DriveCommand/apps/web/src/lib/context/tenant-context.ts:85:19)\n    at getTenantPrisma (C:/Users/sammy/Projects/DriveCommand/apps/web/src/lib/context/tenant-context.ts:173:20)\n    at Module.failInspectionItem (C:/Users/sammy/Projects/DriveCommand/apps/web/src/server/services/workflows/failInspectionItem.ts:26:24)\n    at C:/Users/sammy/Projects/DriveCommand/apps/web/src/__tests__/workflows-fail-inspection.test.ts:107:5\n    at file:///C:/Users/sammy/Projects/DriveCommand/node_modules/@vitest/runner/dist/index.js:915:20"],"meta":{}},{"ancestorTitles":["failInspectionItem"],"fullName":"failInspectionItem calls computeDispatchReadiness — readiness flips after fail","status":"failed","title":"calls computeDispatchReadiness — readiness flips after fail","duration":2.7013999999999214,"failureMessages":["Error: `cookies` was called outside a request scope. Read more: https://nextjs.org/docs/messages/next-dynamic-api-wrong-context\n    at throwForMissingRequestStore (C:\\Users\\sammy\\Projects\\DriveCommand\\node_modules\\next\\dist\\server\\app-render\\work-unit-async-storage.external.js:75:33)\n    at cookies (C:\\Users\\sammy\\Projects\\DriveCommand\\node_modules\\next\\dist\\server\\request\\cookies.js:126:67)\n    at createSupabaseServerClient (C:/Users/sammy/Projects/DriveCommand/apps/web/src/lib/supabase/server.ts:5:29)\n    at getSession2 (C:/Users/sammy/Projects/DriveCommand/apps/web/src/lib/auth/supabase.ts:45:26)\n    at processTicksAndRejections (node:internal/process/task_queues:103:5)\n    at resolveSessionTenantId (C:/Users/sammy/Projects/DriveCommand/apps/web/src/lib/context/tenant-context.ts:85:19)\n    at getTenantPrisma (C:/Users/sammy/Projects/DriveCommand/apps/web/src/lib/context/tenant-context.ts:173:20)\n    at Module.failInspectionItem (C:/Users/sammy/Projects/DriveCommand/apps/web/src/server/services/workflows/failInspectionItem.ts:26:24)\n    at C:/Users/sammy/Projects/DriveCommand/apps/web/src/__tests__/workflows-fail-inspection.test.ts:117:5\n    at file:///C:/Users/sammy/Projects/DriveCommand/node_modules/@vitest/runner/dist/index.js:915:20"],"meta":{}},{"ancestorTitles":["failInspectionItem"],"fullName":"failInspectionItem throws PHOTO_REQUIRED when requiresPhoto=true and photoUrls is empty","status":"failed","title":"throws PHOTO_REQUIRED when requiresPhoto=true and photoUrls is empty","duration":30.989700000000084,"failureMessages":["AssertionError: expected error to match asymmetric matcher\n    at file:///C:/Users/sammy/Projects/DriveCommand/node_modules/@vitest/expect/dist/index.js:1704:20\n    at processTicksAndRejections (node:internal/process/task_queues:103:5)\n    at C:/Users/sammy/Projects/DriveCommand/apps/web/src/__tests__/workflows-fail-inspection.test.ts:127:5\n    at file:///C:/Users/sammy/Projects/DriveCommand/node_modules/@vitest/runner/dist/index.js:915:20"],"meta":{}},{"ancestorTitles":["failInspectionItem"],"fullName":"failInspectionItem succeeds when requiresPhoto=true and photoUrls has one item","status":"failed","title":"succeeds when requiresPhoto=true and photoUrls has one item","duration":7.82510000000002,"failureMessages":["Error: promise rejected \"Error: `cookies` was called outside a req… { __NEXT_ERROR_CODE: '…' }\" instead of resolving\n    at _Assertion.__VITEST_RESOLVES__ (file:///C:/Users/sammy/Projects/DriveCommand/node_modules/@vitest/expect/dist/index.js:1642:17)\n    at _Assertion.propertyGetter (file:///C:/Users/sammy/Projects/DriveCommand/node_modules/chai/index.js:1570:27)\n    at Reflect.get (<anonymous>)\n    at Object.proxyGetter [as get] (file:///C:/Users/sammy/Projects/DriveCommand/node_modules/chai/index.js:1659:22)\n    at C:/Users/sammy/Projects/DriveCommand/apps/web/src/__tests__/workflows-fail-inspection.test.ts:145:5\n    at file:///C:/Users/sammy/Projects/DriveCommand/node_modules/@vitest/runner/dist/index.js:145:11\n    at file:///C:/Users/sammy/Projects/DriveCommand/node_modules/@vitest/runner/dist/index.js:915:26\n    at file:///C:/Users/sammy/Projects/DriveCommand/node_modules/@vitest/runner/dist/index.js:1243:20\n    at new Promise (<anonymous>)\n    at runWithTimeout (file:///C:/Users/sammy/Projects/DriveCommand/node_modules/@vitest/runner/dist/index.js:1209:10)"],"meta":{}}],"startTime":1789583419559,"endTime":1789583419882.8252,"status":"failed","message":"","name":"C:/Users/sammy/Projects/DriveCommand/apps/web/src/__tests__/workflows-fail-inspection.test.ts"},{"assertionResults":[{"ancestorTitles":["fireEvent — match/skip behavior (Phase 4 DoD test 1)"],"fullName":"fireEvent — match/skip behavior (Phase 4 DoD test 1) calls generatePlaybookInstance exactly once when entityData matches conditions","status":"failed","title":"calls generatePlaybookInstance exactly once when entityData matches conditions","duration":345.9912999999997,"failureMessages":["AssertionError: expected \"vi.fn()\" to be called 1 times, but got 0 times\n    at C:/Users/sammy/Projects/DriveCommand/apps/web/src/__tests__/workflows-fire-event.test.ts:82:38\n    at processTicksAndRejections (node:internal/process/task_queues:103:5)\n    at file:///C:/Users/sammy/Projects/DriveCommand/node_modules/@vitest/runner/dist/index.js:915:20"],"meta":{}},{"ancestorTitles":["fireEvent — match/skip behavior (Phase 4 DoD test 1)"],"fullName":"fireEvent — match/skip behavior (Phase 4 DoD test 1) does NOT call generatePlaybookInstance when entityData does not match conditions","status":"passed","title":"does NOT call generatePlaybookInstance when entityData does not match conditions","duration":3.479699999999866,"failureMessages":[],"meta":{}},{"ancestorTitles":["fireEvent — match/skip behavior (Phase 4 DoD test 1)"],"fullName":"fireEvent — match/skip behavior (Phase 4 DoD test 1) matches when conditions is an empty object (always-match rule)","status":"failed","title":"matches when conditions is an empty object (always-match rule)","duration":3.726599999999962,"failureMessages":["AssertionError: expected \"vi.fn()\" to be called 1 times, but got 0 times\n    at C:/Users/sammy/Projects/DriveCommand/apps/web/src/__tests__/workflows-fire-event.test.ts:125:38\n    at processTicksAndRejections (node:internal/process/task_queues:103:5)\n    at file:///C:/Users/sammy/Projects/DriveCommand/node_modules/@vitest/runner/dist/index.js:915:20"],"meta":{}},{"ancestorTitles":["fireEvent — match/skip behavior (Phase 4 DoD test 1)"],"fullName":"fireEvent — match/skip behavior (Phase 4 DoD test 1) queries DB with isActive: true — inactive triggers are never loaded","status":"failed","title":"queries DB with isActive: true — inactive triggers are never loaded","duration":8.82300000000032,"failureMessages":["AssertionError: expected \"vi.fn()\" to be called with arguments: [ ObjectContaining{…} ]\u001b[90m\n\nNumber of calls: \u001b[1m0\u001b[22m\n\u001b[39m\n    at Proxy.<anonymous> (file:///C:/Users/sammy/Projects/DriveCommand/node_modules/@vitest/expect/dist/index.js:1420:10)\n    at Proxy.<anonymous> (file:///C:/Users/sammy/Projects/DriveCommand/node_modules/@vitest/expect/dist/index.js:1090:14)\n    at Proxy.methodWrapper (file:///C:/Users/sammy/Projects/DriveCommand/node_modules/chai/index.js:1700:25)\n    at C:/Users/sammy/Projects/DriveCommand/apps/web/src/__tests__/workflows-fire-event.test.ts:145:45\n    at processTicksAndRejections (node:internal/process/task_queues:103:5)\n    at file:///C:/Users/sammy/Projects/DriveCommand/node_modules/@vitest/runner/dist/index.js:915:20"],"meta":{}},{"ancestorTitles":["fireEvent — match/skip behavior (Phase 4 DoD test 1)"],"fullName":"fireEvent — match/skip behavior (Phase 4 DoD test 1) does not throw when generatePlaybookInstance fails, and continues processing subsequent triggers","status":"failed","title":"does not throw when generatePlaybookInstance fails, and continues processing subsequent triggers","duration":5.724900000001071,"failureMessages":["AssertionError: expected \"vi.fn()\" to be called 2 times, but got 0 times\n    at C:/Users/sammy/Projects/DriveCommand/apps/web/src/__tests__/workflows-fire-event.test.ts:174:38\n    at processTicksAndRejections (node:internal/process/task_queues:103:5)\n    at file:///C:/Users/sammy/Projects/DriveCommand/node_modules/@vitest/runner/dist/index.js:915:20"],"meta":{}},{"ancestorTitles":["fireEvent — match/skip behavior (Phase 4 DoD test 1)"],"fullName":"fireEvent — match/skip behavior (Phase 4 DoD test 1) treats null conditions as an empty object — always matches","status":"failed","title":"treats null conditions as an empty object — always matches","duration":3.1463000000003376,"failureMessages":["AssertionError: expected \"vi.fn()\" to be called 1 times, but got 0 times\n    at C:/Users/sammy/Projects/DriveCommand/apps/web/src/__tests__/workflows-fire-event.test.ts:193:38\n    at processTicksAndRejections (node:internal/process/task_queues:103:5)\n    at file:///C:/Users/sammy/Projects/DriveCommand/node_modules/@vitest/runner/dist/index.js:915:20"],"meta":{}},{"ancestorTitles":["fireEvent — match/skip behavior (Phase 4 DoD test 1)"],"fullName":"fireEvent — match/skip behavior (Phase 4 DoD test 1) is a no-op for MANUAL_ONLY events — does not query DB","status":"passed","title":"is a no-op for MANUAL_ONLY events — does not query DB","duration":1.2210999999988417,"failureMessages":[],"meta":{}}],"startTime":1789583419532,"endTime":1789583419905.2212,"status":"failed","message":"","name":"C:/Users/sammy/Projects/DriveCommand/apps/web/src/__tests__/workflows-fire-event.test.ts"},{"assertionResults":[{"ancestorTitles":["generatePlaybookInstance — snapshot immutability"],"fullName":"generatePlaybookInstance — snapshot immutability playbookSnapshot is a deep copy — mutating the source Playbook does not change the snapshot","status":"failed","title":"playbookSnapshot is a deep copy — mutating the source Playbook does not change the snapshot","duration":6819.100499999999,"failureMessages":["Error: `cookies` was called outside a request scope. Read more: https://nextjs.org/docs/messages/next-dynamic-api-wrong-context\n    at throwForMissingRequestStore (C:\\Users\\sammy\\Projects\\DriveCommand\\node_modules\\next\\dist\\server\\app-render\\work-unit-async-storage.external.js:75:33)\n    at cookies (C:\\Users\\sammy\\Projects\\DriveCommand\\node_modules\\next\\dist\\server\\request\\cookies.js:126:67)\n    at createSupabaseServerClient (C:/Users/sammy/Projects/DriveCommand/apps/web/src/lib/supabase/server.ts:5:29)\n    at getSession2 (C:/Users/sammy/Projects/DriveCommand/apps/web/src/lib/auth/supabase.ts:45:26)\n    at processTicksAndRejections (node:internal/process/task_queues:103:5)\n    at resolveSessionTenantId (C:/Users/sammy/Projects/DriveCommand/apps/web/src/lib/context/tenant-context.ts:85:19)\n    at getTenantPrisma (C:/Users/sammy/Projects/DriveCommand/apps/web/src/lib/context/tenant-context.ts:173:20)\n    at generatePlaybookInstance (C:/Users/sammy/Projects/DriveCommand/apps/web/src/server/services/workflows/generatePlaybookInstance.ts:32:46)\n    at C:/Users/sammy/Projects/DriveCommand/apps/web/src/__tests__/workflows-instance.test.ts:126:5\n    at file:///C:/Users/sammy/Projects/DriveCommand/node_modules/@vitest/runner/dist/index.js:915:20"],"meta":{}},{"ancestorTitles":["computeDispatchReadiness — zero dispatch blockers"],"fullName":"computeDispatchReadiness — zero dispatch blockers returns isReady=true when no steps have isDispatchBlocker=true","status":"failed","title":"returns isReady=true when no steps have isDispatchBlocker=true","duration":9.26260000000002,"failureMessages":["Error: `cookies` was called outside a request scope. Read more: https://nextjs.org/docs/messages/next-dynamic-api-wrong-context\n    at throwForMissingRequestStore (C:\\Users\\sammy\\Projects\\DriveCommand\\node_modules\\next\\dist\\server\\app-render\\work-unit-async-storage.external.js:75:33)\n    at cookies (C:\\Users\\sammy\\Projects\\DriveCommand\\node_modules\\next\\dist\\server\\request\\cookies.js:126:67)\n    at createSupabaseServerClient (C:/Users/sammy/Projects/DriveCommand/apps/web/src/lib/supabase/server.ts:5:29)\n    at getSession2 (C:/Users/sammy/Projects/DriveCommand/apps/web/src/lib/auth/supabase.ts:45:26)\n    at processTicksAndRejections (node:internal/process/task_queues:103:5)\n    at resolveSessionTenantId (C:/Users/sammy/Projects/DriveCommand/apps/web/src/lib/context/tenant-context.ts:85:19)\n    at getTenantPrisma (C:/Users/sammy/Projects/DriveCommand/apps/web/src/lib/context/tenant-context.ts:173:20)\n    at computeDispatchReadiness (C:/Users/sammy/Projects/DriveCommand/apps/web/src/server/services/workflows/computeDispatchReadiness.ts:35:49)\n    at C:/Users/sammy/Projects/DriveCommand/apps/web/src/__tests__/workflows-instance.test.ts:186:20\n    at file:///C:/Users/sammy/Projects/DriveCommand/node_modules/@vitest/runner/dist/index.js:915:20"],"meta":{}}],"startTime":1789583413051,"endTime":1789583419882.2627,"status":"failed","message":"","name":"C:/Users/sammy/Projects/DriveCommand/apps/web/src/__tests__/workflows-instance.test.ts"},{"assertionResults":[{"ancestorTitles":["Workflows naming lint (spec Section 3)"],"fullName":"Workflows naming lint (spec Section 3) does not surface internal names in rendered JSX of the owner checklists route","status":"passed","title":"does not surface internal names in rendered JSX of the owner checklists route","duration":39.44420000000002,"failureMessages":[],"meta":{}}],"startTime":1789583447300,"endTime":1789583447339.444,"status":"passed","message":"","name":"C:/Users/sammy/Projects/DriveCommand/apps/web/src/__tests__/workflows-naming-lint.test.ts"},{"assertionResults":[{"ancestorTitles":["trigger router — enableRecipe / disableRecipe (Phase 4 DoD test 2)"],"fullName":"trigger router — enableRecipe / disableRecipe (Phase 4 DoD test 2) enableRecipe creates a new PlaybookTrigger with isActive: true and correct triggerEvent","status":"failed","title":"enableRecipe creates a new PlaybookTrigger with isActive: true and correct triggerEvent","duration":205.09839999999895,"failureMessages":["Error: `cookies` was called outside a request scope. Read more: https://nextjs.org/docs/messages/next-dynamic-api-wrong-context\n    at throwForMissingRequestStore (C:\\Users\\sammy\\Projects\\DriveCommand\\node_modules\\next\\dist\\server\\app-render\\work-unit-async-storage.external.js:75:33)\n    at cookies (C:\\Users\\sammy\\Projects\\DriveCommand\\node_modules\\next\\dist\\server\\request\\cookies.js:126:67)\n    at createSupabaseServerClient (C:/Users/sammy/Projects/DriveCommand/apps/web/src/lib/supabase/server.ts:5:29)\n    at getSession2 (C:/Users/sammy/Projects/DriveCommand/apps/web/src/lib/auth/supabase.ts:45:26)\n    at processTicksAndRejections (node:internal/process/task_queues:103:5)\n    at resolveSessionTenantId (C:/Users/sammy/Projects/DriveCommand/apps/web/src/lib/context/tenant-context.ts:85:19)\n    at getTenantPrisma (C:/Users/sammy/Projects/DriveCommand/apps/web/src/lib/context/tenant-context.ts:173:20)\n    at C:/Users/sammy/Projects/DriveCommand/apps/web/src/server/api/routers/workflows/trigger.ts:70:26\n    at resolveMiddleware (file:///C:/Users/sammy/Projects/DriveCommand/node_modules/@trpc/server/dist/initTRPC-B1ggxyJl.mjs:221:17)\n    at callRecursive (file:///C:/Users/sammy/Projects/DriveCommand/node_modules/@trpc/server/dist/initTRPC-B1ggxyJl.mjs:256:18)"],"meta":{}},{"ancestorTitles":["trigger router — enableRecipe / disableRecipe (Phase 4 DoD test 2)"],"fullName":"trigger router — enableRecipe / disableRecipe (Phase 4 DoD test 2) enableRecipe reactivates an existing inactive trigger instead of creating a duplicate","status":"failed","title":"enableRecipe reactivates an existing inactive trigger instead of creating a duplicate","duration":4.051100000000588,"failureMessages":["Error: `cookies` was called outside a request scope. Read more: https://nextjs.org/docs/messages/next-dynamic-api-wrong-context\n    at throwForMissingRequestStore (C:\\Users\\sammy\\Projects\\DriveCommand\\node_modules\\next\\dist\\server\\app-render\\work-unit-async-storage.external.js:75:33)\n    at cookies (C:\\Users\\sammy\\Projects\\DriveCommand\\node_modules\\next\\dist\\server\\request\\cookies.js:126:67)\n    at createSupabaseServerClient (C:/Users/sammy/Projects/DriveCommand/apps/web/src/lib/supabase/server.ts:5:29)\n    at getSession2 (C:/Users/sammy/Projects/DriveCommand/apps/web/src/lib/auth/supabase.ts:45:26)\n    at processTicksAndRejections (node:internal/process/task_queues:103:5)\n    at resolveSessionTenantId (C:/Users/sammy/Projects/DriveCommand/apps/web/src/lib/context/tenant-context.ts:85:19)\n    at getTenantPrisma (C:/Users/sammy/Projects/DriveCommand/apps/web/src/lib/context/tenant-context.ts:173:20)\n    at C:/Users/sammy/Projects/DriveCommand/apps/web/src/server/api/routers/workflows/trigger.ts:70:26\n    at resolveMiddleware (file:///C:/Users/sammy/Projects/DriveCommand/node_modules/@trpc/server/dist/initTRPC-B1ggxyJl.mjs:221:17)\n    at callRecursive (file:///C:/Users/sammy/Projects/DriveCommand/node_modules/@trpc/server/dist/initTRPC-B1ggxyJl.mjs:256:18)"],"meta":{}},{"ancestorTitles":["trigger router — enableRecipe / disableRecipe (Phase 4 DoD test 2)"],"fullName":"trigger router — enableRecipe / disableRecipe (Phase 4 DoD test 2) enableRecipe throws NOT_FOUND for an unknown recipe key","status":"passed","title":"enableRecipe throws NOT_FOUND for an unknown recipe key","duration":10.217199999999139,"failureMessages":[],"meta":{}},{"ancestorTitles":["trigger router — enableRecipe / disableRecipe (Phase 4 DoD test 2)"],"fullName":"trigger router — enableRecipe / disableRecipe (Phase 4 DoD test 2) enableRecipe throws NOT_FOUND when playbookId does not belong to tenant","status":"failed","title":"enableRecipe throws NOT_FOUND when playbookId does not belong to tenant","duration":24.288699999999153,"failureMessages":["AssertionError: expected TRPCError: `cookies` was called outside a… { code: '…' } to match object { code: 'NOT_FOUND' }\n(2 matching properties omitted from actual)\n    at _Assertion.<anonymous> (file:///C:/Users/sammy/Projects/DriveCommand/node_modules/@vitest/expect/dist/index.js:1216:10)\n    at _Assertion.<anonymous> (file:///C:/Users/sammy/Projects/DriveCommand/node_modules/@vitest/expect/dist/index.js:1090:14)\n    at _Assertion.methodWrapper (file:///C:/Users/sammy/Projects/DriveCommand/node_modules/chai/index.js:1700:25)\n    at file:///C:/Users/sammy/Projects/DriveCommand/node_modules/@vitest/expect/dist/index.js:1704:20\n    at processTicksAndRejections (node:internal/process/task_queues:103:5)\n    at C:/Users/sammy/Projects/DriveCommand/apps/web/src/__tests__/workflows-trigger-router.test.ts:156:5\n    at file:///C:/Users/sammy/Projects/DriveCommand/node_modules/@vitest/runner/dist/index.js:915:20"],"meta":{}},{"ancestorTitles":["trigger router — enableRecipe / disableRecipe (Phase 4 DoD test 2)"],"fullName":"trigger router — enableRecipe / disableRecipe (Phase 4 DoD test 2) disableRecipe sets isActive=false on the trigger but leaves PlaybookInstance rows unchanged (DoD test 2 — critical)","status":"failed","title":"disableRecipe sets isActive=false on the trigger but leaves PlaybookInstance rows unchanged (DoD test 2 — critical)","duration":5.433800000000701,"failureMessages":["Error: `cookies` was called outside a request scope. Read more: https://nextjs.org/docs/messages/next-dynamic-api-wrong-context\n    at throwForMissingRequestStore (C:\\Users\\sammy\\Projects\\DriveCommand\\node_modules\\next\\dist\\server\\app-render\\work-unit-async-storage.external.js:75:33)\n    at cookies (C:\\Users\\sammy\\Projects\\DriveCommand\\node_modules\\next\\dist\\server\\request\\cookies.js:126:67)\n    at createSupabaseServerClient (C:/Users/sammy/Projects/DriveCommand/apps/web/src/lib/supabase/server.ts:5:29)\n    at getSession2 (C:/Users/sammy/Projects/DriveCommand/apps/web/src/lib/auth/supabase.ts:45:26)\n    at processTicksAndRejections (node:internal/process/task_queues:103:5)\n    at resolveSessionTenantId (C:/Users/sammy/Projects/DriveCommand/apps/web/src/lib/context/tenant-context.ts:85:19)\n    at getTenantPrisma (C:/Users/sammy/Projects/DriveCommand/apps/web/src/lib/context/tenant-context.ts:173:20)\n    at C:/Users/sammy/Projects/DriveCommand/apps/web/src/server/api/routers/workflows/trigger.ts:113:26\n    at resolveMiddleware (file:///C:/Users/sammy/Projects/DriveCommand/node_modules/@trpc/server/dist/initTRPC-B1ggxyJl.mjs:221:17)\n    at callRecursive (file:///C:/Users/sammy/Projects/DriveCommand/node_modules/@trpc/server/dist/initTRPC-B1ggxyJl.mjs:256:18)"],"meta":{}},{"ancestorTitles":["trigger router — enableRecipe / disableRecipe (Phase 4 DoD test 2)"],"fullName":"trigger router — enableRecipe / disableRecipe (Phase 4 DoD test 2) disableRecipe returns { disabled: 0 } when no matching triggers exist — idempotent","status":"failed","title":"disableRecipe returns { disabled: 0 } when no matching triggers exist — idempotent","duration":3.2942999999995664,"failureMessages":["Error: `cookies` was called outside a request scope. Read more: https://nextjs.org/docs/messages/next-dynamic-api-wrong-context\n    at throwForMissingRequestStore (C:\\Users\\sammy\\Projects\\DriveCommand\\node_modules\\next\\dist\\server\\app-render\\work-unit-async-storage.external.js:75:33)\n    at cookies (C:\\Users\\sammy\\Projects\\DriveCommand\\node_modules\\next\\dist\\server\\request\\cookies.js:126:67)\n    at createSupabaseServerClient (C:/Users/sammy/Projects/DriveCommand/apps/web/src/lib/supabase/server.ts:5:29)\n    at getSession2 (C:/Users/sammy/Projects/DriveCommand/apps/web/src/lib/auth/supabase.ts:45:26)\n    at processTicksAndRejections (node:internal/process/task_queues:103:5)\n    at resolveSessionTenantId (C:/Users/sammy/Projects/DriveCommand/apps/web/src/lib/context/tenant-context.ts:85:19)\n    at getTenantPrisma (C:/Users/sammy/Projects/DriveCommand/apps/web/src/lib/context/tenant-context.ts:173:20)\n    at C:/Users/sammy/Projects/DriveCommand/apps/web/src/server/api/routers/workflows/trigger.ts:113:26\n    at resolveMiddleware (file:///C:/Users/sammy/Projects/DriveCommand/node_modules/@trpc/server/dist/initTRPC-B1ggxyJl.mjs:221:17)\n    at callRecursive (file:///C:/Users/sammy/Projects/DriveCommand/node_modules/@trpc/server/dist/initTRPC-B1ggxyJl.mjs:256:18)"],"meta":{}},{"ancestorTitles":["trigger router — enableRecipe / disableRecipe (Phase 4 DoD test 2)"],"fullName":"trigger router — enableRecipe / disableRecipe (Phase 4 DoD test 2) enableRecipe and disableRecipe reject DRIVER-role callers with FORBIDDEN","status":"passed","title":"enableRecipe and disableRecipe reject DRIVER-role callers with FORBIDDEN","duration":3.1273000000001048,"failureMessages":[],"meta":{}}],"startTime":1789583420939,"endTime":1789583421195.1272,"status":"failed","message":"","name":"C:/Users/sammy/Projects/DriveCommand/apps/web/src/__tests__/workflows-trigger-router.test.ts"},{"assertionResults":[{"ancestorTitles":["Contracted Recurring Route Journey (E2E)"],"fullName":"Contracted Recurring Route Journey (E2E) completes the full 15-step contracted recurring route journey","status":"skipped","title":"completes the full 15-step contracted recurring route journey","failureMessages":[],"meta":{}}],"startTime":1789583410581,"endTime":1789583410581,"status":"passed","message":"","name":"C:/Users/sammy/Projects/DriveCommand/apps/web/tests/carrier/contracted-route-journey.test.ts"},{"assertionResults":[],"startTime":1789583410581,"endTime":1789583410581,"status":"failed","message":"\ndocument-import-commit-notification-isolation.test.ts REFUSING TO RUN — DATABASE_URL names the PRODUCTION project (oqdhberkghtnszrkdvfm).\nPoint DATABASE_URL at a disposable database, or set ALLOW_PRODUCTION_TEST_WRITES=1.\n","name":"C:/Users/sammy/Projects/DriveCommand/apps/web/tests/carrier/document-import-commit-notification-isolation.test.ts"},{"assertionResults":[],"startTime":1789583410581,"endTime":1789583410581,"status":"failed","message":"\ndocument-import-commit-out-of-service.test.ts REFUSING TO RUN — DATABASE_URL names the PRODUCTION project (oqdhberkghtnszrkdvfm).\nPoint DATABASE_URL at a disposable database, or set ALLOW_PRODUCTION_TEST_WRITES=1.\n","name":"C:/Users/sammy/Projects/DriveCommand/apps/web/tests/carrier/document-import-commit-out-of-service.test.ts"},{"assertionResults":[],"startTime":1789583410581,"endTime":1789583410581,"status":"failed","message":"\ndocument-import-commit-rollback.test.ts REFUSING TO RUN — DATABASE_URL names the PRODUCTION project (oqdhberkghtnszrkdvfm).\nPoint DATABASE_URL at a disposable database, or set ALLOW_PRODUCTION_TEST_WRITES=1.\n","name":"C:/Users/sammy/Projects/DriveCommand/apps/web/tests/carrier/document-import-commit-rollback.test.ts"},{"assertionResults":[],"startTime":1789583410581,"endTime":1789583410581,"status":"failed","message":"\ndocument-import-commit-windows.test.ts REFUSING TO RUN — DATABASE_URL names the PRODUCTION project (oqdhberkghtnszrkdvfm).\nPoint DATABASE_URL at a disposable database, or set ALLOW_PRODUCTION_TEST_WRITES=1.\n","name":"C:/Users/sammy/Projects/DriveCommand/apps/web/tests/carrier/document-import-commit-windows.test.ts"},{"assertionResults":[],"startTime":1789583410581,"endTime":1789583410581,"status":"failed","message":"\ndriver-incident-report-persists.test.ts REFUSING TO RUN — DATABASE_URL names the PRODUCTION project (oqdhberkghtnszrkdvfm).\nPoint DATABASE_URL at a disposable database, or set ALLOW_PRODUCTION_TEST_WRITES=1.\n","name":"C:/Users/sammy/Projects/DriveCommand/apps/web/tests/carrier/driver-incident-report-persists.test.ts"},{"assertionResults":[{"ancestorTitles":["Carrier Ops Financial Integrity (Spec 8.3)"],"fullName":"Carrier Ops Financial Integrity (Spec 8.3) createLoad throws when clientId is missing","status":"skipped","title":"createLoad throws when clientId is missing","failureMessages":[],"meta":{}},{"ancestorTitles":["Carrier Ops Financial Integrity (Spec 8.3)"],"fullName":"Carrier Ops Financial Integrity (Spec 8.3) Paid pay records cannot be voided or approved","status":"skipped","title":"Paid pay records cannot be voided or approved","failureMessages":[],"meta":{}},{"ancestorTitles":["Carrier Ops Financial Integrity (Spec 8.3)"],"fullName":"Carrier Ops Financial Integrity (Spec 8.3) Revenue stored as computed field does not change on unrelated DB update","status":"skipped","title":"Revenue stored as computed field does not change on unrelated DB update","failureMessages":[],"meta":{}},{"ancestorTitles":["Carrier Ops Financial Integrity (Spec 8.3)"],"fullName":"Carrier Ops Financial Integrity (Spec 8.3) Money fields are string-serialized via decStr (Prisma Decimal → string)","status":"skipped","title":"Money fields are string-serialized via decStr (Prisma Decimal → string)","failureMessages":[],"meta":{}}],"startTime":1789583410581,"endTime":1789583410581,"status":"passed","message":"","name":"C:/Users/sammy/Projects/DriveCommand/apps/web/tests/carrier/financial-integrity.test.ts"},{"assertionResults":[],"startTime":1789583410581,"endTime":1789583410581,"status":"failed","message":"\ninspection-blocked-side-effects.test.ts REFUSING TO RUN — DATABASE_URL names the PRODUCTION project (oqdhberkghtnszrkdvfm).\nPoint DATABASE_URL at a disposable database, or set ALLOW_PRODUCTION_TEST_WRITES=1.\n","name":"C:/Users/sammy/Projects/DriveCommand/apps/web/tests/carrier/inspection-blocked-side-effects.test.ts"},{"assertionResults":[{"ancestorTitles":["Carrier Ops Multi-Tenancy (Spec 8.4)"],"fullName":"Carrier Ops Multi-Tenancy (Spec 8.4) Org B cannot access Org A carrier data via service functions","status":"skipped","title":"Org B cannot access Org A carrier data via service functions","failureMessages":[],"meta":{}},{"ancestorTitles":["Carrier Ops Multi-Tenancy (Spec 8.4)"],"fullName":"Carrier Ops Multi-Tenancy (Spec 8.4) org_id injection via request body is ignored — createClient overwrites orgId with caller orgId","status":"skipped","title":"org_id injection via request body is ignored — createClient overwrites orgId with caller orgId","failureMessages":[],"meta":{}},{"ancestorTitles":["Carrier Ops Multi-Tenancy (Spec 8.4)"],"fullName":"Carrier Ops Multi-Tenancy (Spec 8.4) Driver can only see dispatches assigned to them via driverId filter","status":"skipped","title":"Driver can only see dispatches assigned to them via driverId filter","failureMessages":[],"meta":{}},{"ancestorTitles":["Carrier Ops Multi-Tenancy (Spec 8.4)"],"fullName":"Carrier Ops Multi-Tenancy (Spec 8.4) Service functions are org-scoped but role-agnostic — route-level role checks are required","status":"skipped","title":"Service functions are org-scoped but role-agnostic — route-level role checks are required","failureMessages":[],"meta":{}}],"startTime":1789583410581,"endTime":1789583410581,"status":"passed","message":"","name":"C:/Users/sammy/Projects/DriveCommand/apps/web/tests/carrier/multi-tenancy.test.ts"},{"assertionResults":[],"startTime":1789583410581,"endTime":1789583410581,"status":"failed","message":"\nsample-record-picker-filtering.test.ts REFUSING TO RUN — DATABASE_URL names the PRODUCTION project (oqdhberkghtnszrkdvfm).\nPoint DATABASE_URL at a disposable database, or set ALLOW_PRODUCTION_TEST_WRITES=1.\n","name":"C:/Users/sammy/Projects/DriveCommand/apps/web/tests/carrier/sample-record-picker-filtering.test.ts"},{"assertionResults":[{"ancestorTitles":["cron/automations — injection"],"fullName":"cron/automations — injection COUNTS a failed scheduling — the catch that had none — and STILL schedu
[...]
es:103:5)\n    at resolveSessionTenantId (C:/Users/sammy/Projects/DriveCommand/apps/web/src/lib/context/tenant-context.ts:85:19)\n    at getTenantPrisma (C:/Users/sammy/Projects/DriveCommand/apps/web/src/lib/context/tenant-context.ts:173:20)\n    at C:/Users/sammy/Projects/DriveCommand/apps/web/src/server/api/routers/workflows/playbook.ts:157:26\n    at resolveMiddleware (file:///C:/Users/sammy/Projects/DriveCommand/node_modules/@trpc/server/dist/initTRPC-B1ggxyJl.mjs:221:17)\n    at callRecursive (file:///C:/Users/sammy/Projects/DriveCommand/node_modules/@trpc/server/dist/initTRPC-B1ggxyJl.mjs:256:18)"],"meta":{}},{"ancestorTitles":["playbook router","addStep"],"fullName":"playbook router addStep uses sequence 0 when playbook has no steps yet","status":"failed","title":"uses sequence 0 when playbook has no steps yet","duration":3.1304000000000087,"failureMessages":["Error: `cookies` was called outside a request scope. Read more: https://nextjs.org/docs/messages/next-dynamic-api-wrong-context\n    at throwForMissingRequestStore (C:\\Users\\sammy\\Projects\\DriveCommand\\node_modules\\next\\dist\\server\\app-render\\work-unit-async-storage.external.js:75:33)\n    at cookies (C:\\Users\\sammy\\Projects\\DriveCommand\\node_modules\\next\\dist\\server\\request\\cookies.js:126:67)\n    at createSupabaseServerClient (C:/Users/sammy/Projects/DriveCommand/apps/web/src/lib/supabase/server.ts:5:29)\n    at getSession2 (C:/Users/sammy/Projects/DriveCommand/apps/web/src/lib/auth/supabase.ts:45:26)\n    at processTicksAndRejections (node:internal/process/task_queues:103:5)\n    at resolveSessionTenantId (C:/Users/sammy/Projects/DriveCommand/apps/web/src/lib/context/tenant-context.ts:85:19)\n    at getTenantPrisma (C:/Users/sammy/Projects/DriveCommand/apps/web/src/lib/context/tenant-context.ts:173:20)\n    at C:/Users/sammy/Projects/DriveCommand/apps/web/src/server/api/routers/workflows/playbook.ts:157:26\n    at resolveMiddleware (file:///C:/Users/sammy/Projects/DriveCommand/node_modules/@trpc/server/dist/initTRPC-B1ggxyJl.mjs:221:17)\n    at callRecursive (file:///C:/Users/sammy/Projects/DriveCommand/node_modules/@trpc/server/dist/initTRPC-B1ggxyJl.mjs:256:18)"],"meta":{}},{"ancestorTitles":["playbook router","addStep"],"fullName":"playbook router addStep uses provided sequence directly","status":"failed","title":"uses provided sequence directly","duration":4.629800000000614,"failureMessages":["Error: `cookies` was called outside a request scope. Read more: https://nextjs.org/docs/messages/next-dynamic-api-wrong-context\n    at throwForMissingRequestStore (C:\\Users\\sammy\\Projects\\DriveCommand\\node_modules\\next\\dist\\server\\app-render\\work-unit-async-storage.external.js:75:33)\n    at cookies (C:\\Users\\sammy\\Projects\\DriveCommand\\node_modules\\next\\dist\\server\\request\\cookies.js:126:67)\n    at createSupabaseServerClient (C:/Users/sammy/Projects/DriveCommand/apps/web/src/lib/supabase/server.ts:5:29)\n    at getSession2 (C:/Users/sammy/Projects/DriveCommand/apps/web/src/lib/auth/supabase.ts:45:26)\n    at processTicksAndRejections (node:internal/process/task_queues:103:5)\n    at resolveSessionTenantId (C:/Users/sammy/Projects/DriveCommand/apps/web/src/lib/context/tenant-context.ts:85:19)\n    at getTenantPrisma (C:/Users/sammy/Projects/DriveCommand/apps/web/src/lib/context/tenant-context.ts:173:20)\n    at C:/Users/sammy/Projects/DriveCommand/apps/web/src/server/api/routers/workflows/playbook.ts:157:26\n    at resolveMiddleware (file:///C:/Users/sammy/Projects/DriveCommand/node_modules/@trpc/server/dist/initTRPC-B1ggxyJl.mjs:221:17)\n    at callRecursive (file:///C:/Users/sammy/Projects/DriveCommand/node_modules/@trpc/server/dist/initTRPC-B1ggxyJl.mjs:256:18)"],"meta":{}},{"ancestorTitles":["playbook router","removeStep"],"fullName":"playbook router removeStep deletes the PlaybookStep and returns success","status":"failed","title":"deletes the PlaybookStep and returns success","duration":3.5715000000000146,"failureMessages":["Error: `cookies` was called outside a request scope. Read more: https://nextjs.org/docs/messages/next-dynamic-api-wrong-context\n    at throwForMissingRequestStore (C:\\Users\\sammy\\Projects\\DriveCommand\\node_modules\\next\\dist\\server\\app-render\\work-unit-async-storage.external.js:75:33)\n    at cookies (C:\\Users\\sammy\\Projects\\DriveCommand\\node_modules\\next\\dist\\server\\request\\cookies.js:126:67)\n    at createSupabaseServerClient (C:/Users/sammy/Projects/DriveCommand/apps/web/src/lib/supabase/server.ts:5:29)\n    at getSession2 (C:/Users/sammy/Projects/DriveCommand/apps/web/src/lib/auth/supabase.ts:45:26)\n    at processTicksAndRejections (node:internal/process/task_queues:103:5)\n    at resolveSessionTenantId (C:/Users/sammy/Projects/DriveCommand/apps/web/src/lib/context/tenant-context.ts:85:19)\n    at getTenantPrisma (C:/Users/sammy/Projects/DriveCommand/apps/web/src/lib/context/tenant-context.ts:173:20)\n    at C:/Users/sammy/Projects/DriveCommand/apps/web/src/server/api/routers/workflows/playbook.ts:204:26\n    at resolveMiddleware (file:///C:/Users/sammy/Projects/DriveCommand/node_modules/@trpc/server/dist/initTRPC-B1ggxyJl.mjs:221:17)\n    at callRecursive (file:///C:/Users/sammy/Projects/DriveCommand/node_modules/@trpc/server/dist/initTRPC-B1ggxyJl.mjs:256:18)"],"meta":{}},{"ancestorTitles":["playbook router","reorderSteps"],"fullName":"playbook router reorderSteps calls reorderPlaybookSteps with correct tenant and playbook","status":"failed","title":"calls reorderPlaybookSteps with correct tenant and playbook","duration":6.10989999999947,"failureMessages":["Error: `cookies` was called outside a request scope. Read more: https://nextjs.org/docs/messages/next-dynamic-api-wrong-context\n    at throwForMissingRequestStore (C:\\Users\\sammy\\Projects\\DriveCommand\\node_modules\\next\\dist\\server\\app-render\\work-unit-async-storage.external.js:75:33)\n    at cookies (C:\\Users\\sammy\\Projects\\DriveCommand\\node_modules\\next\\dist\\server\\request\\cookies.js:126:67)\n    at createSupabaseServerClient (C:/Users/sammy/Projects/DriveCommand/apps/web/src/lib/supabase/server.ts:5:29)\n    at getSession2 (C:/Users/sammy/Projects/DriveCommand/apps/web/src/lib/auth/supabase.ts:45:26)\n    at processTicksAndRejections (node:internal/process/task_queues:103:5)\n    at resolveSessionTenantId (C:/Users/sammy/Projects/DriveCommand/apps/web/src/lib/context/tenant-context.ts:85:19)\n    at getTenantPrisma (C:/Users/sammy/Projects/DriveCommand/apps/web/src/lib/context/tenant-context.ts:173:20)\n    at reorderPlaybookSteps (C:/Users/sammy/Projects/DriveCommand/apps/web/src/server/services/workflows/playbookStepService.ts:19:24)\n    at C:/Users/sammy/Projects/DriveCommand/apps/web/src/server/api/routers/workflows/playbook.ts:289:5\n    at resolveMiddleware (file:///C:/Users/sammy/Projects/DriveCommand/node_modules/@trpc/server/dist/initTRPC-B1ggxyJl.mjs:221:17)"],"meta":{}},{"ancestorTitles":["playbook router","reorderSteps"],"fullName":"playbook router reorderSteps rejects stepIds that do not belong to the playbook","status":"passed","title":"rejects stepIds that do not belong to the playbook","duration":3.448900000001231,"failureMessages":[],"meta":{}},{"ancestorTitles":["playbook router","duplicate"],"fullName":"playbook router duplicate clones playbook with (copy) suffix and copies all steps","status":"failed","title":"clones playbook with (copy) suffix and copies all steps","duration":4.603299999998853,"failureMessages":["Error: `cookies` was called outside a request scope. Read more: https://nextjs.org/docs/messages/next-dynamic-api-wrong-context\n    at throwForMissingRequestStore (C:\\Users\\sammy\\Projects\\DriveCommand\\node_modules\\next\\dist\\server\\app-render\\work-unit-async-storage.external.js:75:33)\n    at cookies (C:\\Users\\sammy\\Projects\\DriveCommand\\node_modules\\next\\dist\\server\\request\\cookies.js:126:67)\n    at createSupabaseServerClient (C:/Users/sammy/Projects/DriveCommand/apps/web/src/lib/supabase/server.ts:5:29)\n    at getSession2 (C:/Users/sammy/Projects/DriveCommand/apps/web/src/lib/auth/supabase.ts:45:26)\n    at processTicksAndRejections (node:internal/process/task_queues:103:5)\n    at resolveSessionTenantId (C:/Users/sammy/Projects/DriveCommand/apps/web/src/lib/context/tenant-context.ts:85:19)\n    at getTenantPrisma (C:/Users/sammy/Projects/DriveCommand/apps/web/src/lib/context/tenant-context.ts:173:20)\n    at C:/Users/sammy/Projects/DriveCommand/apps/web/src/server/api/routers/workflows/playbook.ts:113:26\n    at resolveMiddleware (file:///C:/Users/sammy/Projects/DriveCommand/node_modules/@trpc/server/dist/initTRPC-B1ggxyJl.mjs:221:17)\n    at callRecursive (file:///C:/Users/sammy/Projects/DriveCommand/node_modules/@trpc/server/dist/initTRPC-B1ggxyJl.mjs:256:18)"],"meta":{}},{"ancestorTitles":["playbook router","duplicate"],"fullName":"playbook router duplicate throws NOT_FOUND for a cross-tenant playbook","status":"passed","title":"throws NOT_FOUND for a cross-tenant playbook","duration":3.478900000000067,"failureMessages":[],"meta":{}},{"ancestorTitles":["playbook router","archive"],"fullName":"playbook router archive soft-deletes playbook (isActive=false + deletedAt set)","status":"failed","title":"soft-deletes playbook (isActive=false + deletedAt set)","duration":3.038300000000163,"failureMessages":["Error: `cookies` was called outside a request scope. Read more: https://nextjs.org/docs/messages/next-dynamic-api-wrong-context\n    at throwForMissingRequestStore (C:\\Users\\sammy\\Projects\\DriveCommand\\node_modules\\next\\dist\\server\\app-render\\work-unit-async-storage.external.js:75:33)\n    at cookies (C:\\Users\\sammy\\Projects\\DriveCommand\\node_modules\\next\\dist\\server\\request\\cookies.js:126:67)\n    at createSupabaseServerClient (C:/Users/sammy/Projects/DriveCommand/apps/web/src/lib/supabase/server.ts:5:29)\n    at getSession2 (C:/Users/sammy/Projects/DriveCommand/apps/web/src/lib/auth/supabase.ts:45:26)\n    at processTicksAndRejections (node:internal/process/task_queues:103:5)\n    at resolveSessionTenantId (C:/Users/sammy/Projects/DriveCommand/apps/web/src/lib/context/tenant-context.ts:85:19)\n    at getTenantPrisma (C:/Users/sammy/Projects/DriveCommand/apps/web/src/lib/context/tenant-context.ts:173:20)\n    at C:/Users/sammy/Projects/DriveCommand/apps/web/src/server/api/routers/workflows/playbook.ts:96:26\n    at resolveMiddleware (file:///C:/Users/sammy/Projects/DriveCommand/node_modules/@trpc/server/dist/initTRPC-B1ggxyJl.mjs:221:17)\n    at callRecursive (file:///C:/Users/sammy/Projects/DriveCommand/node_modules/@trpc/server/dist/initTRPC-B1ggxyJl.mjs:256:18)"],"meta":{}}],"startTime":1789583420840,"endTime":1789583421113.0383,"status":"failed","message":"","name":"C:/Users/sammy/Projects/DriveCommand/apps/web/src/server/api/routers/workflows/__tests__/playbook.test.ts"},{"assertionResults":[{"ancestorTitles":["seedStarterPlaybooks"],"fullName":"seedStarterPlaybooks creates exactly 3 playbooks for a new tenant","status":"passed","title":"creates exactly 3 playbooks for a new tenant","duration":67.7061000000001,"failureMessages":[],"meta":{}},{"ancestorTitles":["seedStarterPlaybooks"],"fullName":"seedStarterPlaybooks CDL Driver Onboarding creates 9 PlaybookStep rows","status":"passed","title":"CDL Driver Onboarding creates 9 PlaybookStep rows","duration":7.27170000000001,"failureMessages":[],"meta":{}},{"ancestorTitles":["seedStarterPlaybooks"],"fullName":"seedStarterPlaybooks Pre-Trip Inspection creates 12 PlaybookStep rows","status":"passed","title":"Pre-Trip Inspection creates 12 PlaybookStep rows","duration":2.08179999999993,"failureMessages":[],"meta":{}},{"ancestorTitles":["seedStarterPlaybooks"],"fullName":"seedStarterPlaybooks New Partner Setup creates 6 PlaybookStep rows","status":"passed","title":"New Partner Setup creates 6 PlaybookStep rows","duration":2.0518999999999323,"failureMessages":[],"meta":{}},{"ancestorTitles":["seedStarterPlaybooks"],"fullName":"seedStarterPlaybooks creates a default-on ON_DRIVER_CREATE PlaybookTrigger linked to the CDL Onboarding playbook","status":"passed","title":"creates a default-on ON_DRIVER_CREATE PlaybookTrigger linked to the CDL Onboarding playbook","duration":6.926200000000108,"failureMessages":[],"meta":{}},{"ancestorTitles":["seedStarterPlaybooks"],"fullName":"seedStarterPlaybooks is idempotent — skips seeding when CDL Onboarding already exists","status":"passed","title":"is idempotent — skips seeding when CDL Onboarding already exists","duration":3.447300000000041,"failureMessages":[],"meta":{}}],"startTime":1789583436300,"endTime":1789583436390.4473,"status":"passed","message":"","name":"C:/Users/sammy/Projects/DriveCommand/apps/web/src/server/api/routers/workflows/__tests__/seed.test.ts"},{"assertionResults":[{"ancestorTitles":["stepTemplate router","list"],"fullName":"stepTemplate router list returns only records for calling tenant","status":"failed","title":"returns only records for calling tenant","duration":205.5487000000012,"failureMessages":["Error: `cookies` was called outside a request scope. Read more: https://nextjs.org/docs/messages/next-dynamic-api-wrong-context\n    at throwForMissingRequestStore (C:\\Users\\sammy\\Projects\\DriveCommand\\node_modules\\next\\dist\\server\\app-render\\work-unit-async-storage.external.js:75:33)\n    at cookies (C:\\Users\\sammy\\Projects\\DriveCommand\\node_modules\\next\\dist\\server\\request\\cookies.js:126:67)\n    at createSupabaseServerClient (C:/Users/sammy/Projects/DriveCommand/apps/web/src/lib/supabase/server.ts:5:29)\n    at getSession2 (C:/Users/sammy/Projects/DriveCommand/apps/web/src/lib/auth/supabase.ts:45:26)\n    at processTicksAndRejections (node:internal/process/task_queues:103:5)\n    at resolveSessionTenantId (C:/Users/sammy/Projects/DriveCommand/apps/web/src/lib/context/tenant-context.ts:85:19)\n    at getTenantPrisma (C:/Users/sammy/Projects/DriveCommand/apps/web/src/lib/context/tenant-context.ts:173:20)\n    at C:/Users/sammy/Projects/DriveCommand/apps/web/src/server/api/routers/workflows/stepTemplate.ts:26:26\n    at resolveMiddleware (file:///C:/Users/sammy/Projects/DriveCommand/node_modules/@trpc/server/dist/initTRPC-B1ggxyJl.mjs:221:17)\n    at callRecursive (file:///C:/Users/sammy/Projects/DriveCommand/node_modules/@trpc/server/dist/initTRPC-B1ggxyJl.mjs:256:18)"],"meta":{}},{"ancestorTitles":["stepTemplate router","list"],"fullName":"stepTemplate router list excludes archived (isActive=false) templates","status":"failed","title":"excludes archived (isActive=false) templates","duration":2.641299999999319,"failureMessages":["Error: `cookies` was called outside a request scope. Read more: https://nextjs.org/docs/messages/next-dynamic-api-wrong-context\n    at throwForMissingRequestStore (C:\\Users\\sammy\\Projects\\DriveCommand\\node_modules\\next\\dist\\server\\app-render\\work-unit-async-storage.external.js:75:33)\n    at cookies (C:\\Users\\sammy\\Projects\\DriveCommand\\node_modules\\next\\dist\\server\\request\\cookies.js:126:67)\n    at createSupabaseServerClient (C:/Users/sammy/Projects/DriveCommand/apps/web/src/lib/supabase/server.ts:5:29)\n    at getSession2 (C:/Users/sammy/Projects/DriveCommand/apps/web/src/lib/auth/supabase.ts:45:26)\n    at processTicksAndRejections (node:internal/process/task_queues:103:5)\n    at resolveSessionTenantId (C:/Users/sammy/Projects/DriveCommand/apps/web/src/lib/context/tenant-context.ts:85:19)\n    at getTenantPrisma (C:/Users/sammy/Projects/DriveCommand/apps/web/src/lib/context/tenant-context.ts:173:20)\n    at C:/Users/sammy/Projects/DriveCommand/apps/web/src/server/api/routers/workflows/stepTemplate.ts:26:26\n    at resolveMiddleware (file:///C:/Users/sammy/Projects/DriveCommand/node_modules/@trpc/server/dist/initTRPC-B1ggxyJl.mjs:221:17)\n    at callRecursive (file:///C:/Users/sammy/Projects/DriveCommand/node_modules/@trpc/server/dist/initTRPC-B1ggxyJl.mjs:256:18)"],"meta":{}},{"ancestorTitles":["stepTemplate router","create"],"fullName":"stepTemplate router create sets tenantId from ctx, not from input","status":"failed","title":"sets tenantId from ctx, not from input","duration":6.548699999999371,"failureMessages":["Error: `cookies` was called outside a request scope. Read more: https://nextjs.org/docs/messages/next-dynamic-api-wrong-context\n    at throwForMissingRequestStore (C:\\Users\\sammy\\Projects\\DriveCommand\\node_modules\\next\\dist\\server\\app-render\\work-unit-async-storage.external.js:75:33)\n    at cookies (C:\\Users\\sammy\\Projects\\DriveCommand\\node_modules\\next\\dist\\server\\request\\cookies.js:126:67)\n    at createSupabaseServerClient (C:/Users/sammy/Projects/DriveCommand/apps/web/src/lib/supabase/server.ts:5:29)\n    at getSession2 (C:/Users/sammy/Projects/DriveCommand/apps/web/src/lib/auth/supabase.ts:45:26)\n    at processTicksAndRejections (node:internal/process/task_queues:103:5)\n    at resolveSessionTenantId (C:/Users/sammy/Projects/DriveCommand/apps/web/src/lib/context/tenant-context.ts:85:19)\n    at getTenantPrisma (C:/Users/sammy/Projects/DriveCommand/apps/web/src/lib/context/tenant-context.ts:173:20)\n    at C:/Users/sammy/Projects/DriveCommand/apps/web/src/server/api/routers/workflows/stepTemplate.ts:55:26\n    at resolveMiddleware (file:///C:/Users/sammy/Projects/DriveCommand/node_modules/@trpc/server/dist/initTRPC-B1ggxyJl.mjs:221:17)\n    at callRecursive (file:///C:/Users/sammy/Projects/DriveCommand/node_modules/@trpc/server/dist/initTRPC-B1ggxyJl.mjs:256:18)"],"meta":{}},{"ancestorTitles":["stepTemplate router","archive"],"fullName":"stepTemplate router archive soft-deletes by setting isActive=false and deletedAt","status":"failed","title":"soft-deletes by setting isActive=false and deletedAt","duration":4.141900000000533,"failureMessages":["Error: `cookies` was called outside a request scope. Read more: https://nextjs.org/docs/messages/next-dynamic-api-wrong-context\n    at throwForMissingRequestStore (C:\\Users\\sammy\\Projects\\DriveCommand\\node_modules\\next\\dist\\server\\app-render\\work-unit-async-storage.external.js:75:33)\n    at cookies (C:\\Users\\sammy\\Projects\\DriveCommand\\node_modules\\next\\dist\\server\\request\\cookies.js:126:67)\n    at createSupabaseServerClient (C:/Users/sammy/Projects/DriveCommand/apps/web/src/lib/supabase/server.ts:5:29)\n    at getSession2 (C:/Users/sammy/Projects/DriveCommand/apps/web/src/lib/auth/supabase.ts:45:26)\n    at processTicksAndRejections (node:internal/process/task_queues:103:5)\n    at resolveSessionTenantId (C:/Users/sammy/Projects/DriveCommand/apps/web/src/lib/context/tenant-context.ts:85:19)\n    at getTenantPrisma (C:/Users/sammy/Projects/DriveCommand/apps/web/src/lib/context/tenant-context.ts:173:20)\n    at C:/Users/sammy/Projects/DriveCommand/apps/web/src/server/api/routers/workflows/stepTemplate.ts:84:26\n    at resolveMiddleware (file:///C:/Users/sammy/Projects/DriveCommand/node_modules/@trpc/server/dist/initTRPC-B1ggxyJl.mjs:221:17)\n    at callRecursive (file:///C:/Users/sammy/Projects/DriveCommand/node_modules/@trpc/server/dist/initTRPC-B1ggxyJl.mjs:256:18)"],"meta":{}},{"ancestorTitles":["stepTemplate router","archive"],"fullName":"stepTemplate router archive throws NOT_FOUND for a cross-tenant id (tenant isolation)","status":"failed","title":"throws NOT_FOUND for a cross-tenant id (tenant isolation)","duration":12.22149999999965,"failureMessages":["TypeError: Cannot read properties of undefined (reading '0')\n    at C:/Users/sammy/Projects/DriveCommand/apps/web/src/server/api/routers/workflows/__tests__/stepTemplate.test.ts:137:73\n    at processTicksAndRejections (node:internal/process/task_queues:103:5)\n    at file:///C:/Users/sammy/Projects/DriveCommand/node_modules/@vitest/runner/dist/index.js:915:20"],"meta":{}}],"startTime":1789583420841,"endTime":1789583421081.2214,"status":"failed","message":"","name":"C:/Users/sammy/Projects/DriveCommand/apps/web/src/server/api/routers/workflows/__tests__/stepTemplate.test.ts"}]}