{"numTotalTestSuites":721,"numPassedTestSuites":666,"numFailedTestSuites":55,"numPendingTestSuites":0,"numTotalTests":2145,"numPassedTests":2026,"numFailedTests":64,"numPendingTests":52,"numTodoTests":3,"snapshot":{"added":0,"failure":false,"filesAdded":0,"filesRemoved":0,"filesRemovedList":[],"filesUnmatched":0,"filesUpdated":0,"matched":0,"total":0,"unchecked":0,"uncheckedKeysByFile":[],"unmatched":0,"updated":0,"didUpdate":false},"startTime":1789595834486,"success":false,"testResults":[{"assertionResults":[{"ancestorTitles":["AuditTrailFooter — Branch 1: full two-line render"],"fullName":"AuditTrailFooter — Branch 1: full two-line render shows both Created and Last updated lines for different actors with >60s gap","status":"passed","title":"shows both Created and Last updated lines for different actors with >60s gap","duration":2.1082000000000107,"failureMessages":[],"meta":{}},{"ancestorTitles":["AuditTrailFooter — Branch 2: collapse when updatedAt === createdAt"],"fullName":"AuditTrailFooter — Branch 2: collapse when updatedAt === createdAt shows only Created line when updatedAt is identical to createdAt","status":"passed","title":"shows only Created line when updatedAt is identical to createdAt","duration":0.34749999999996817,"failureMessages":[],"meta":{}},{"ancestorTitles":["AuditTrailFooter — Branch 2: collapse when updatedAt === createdAt"],"fullName":"AuditTrailFooter — Branch 2: collapse when updatedAt === createdAt shows only Created when updatedAt is exactly equal even with different actor names","status":"passed","title":"shows only Created when updatedAt is exactly equal even with different actor names","duration":0.20100000000002183,"failureMessages":[],"meta":{}},{"ancestorTitles":["AuditTrailFooter — Branch 3: null name/email renders as Unknown"],"fullName":"AuditTrailFooter — Branch 3: null name/email renders as Unknown falls back to Unknown when both createdByName and createdByEmail are null","status":"passed","title":"falls back to Unknown when both createdByName and createdByEmail are null","duration":0.4249999999999545,"failureMessages":[],"meta":{}},{"ancestorTitles":["AuditTrailFooter — Branch 3: null name/email renders as Unknown"],"fullName":"AuditTrailFooter — Branch 3: null name/email renders as Unknown uses email as fallback when name is null but email is set","status":"passed","title":"uses email as fallback when name is null but email is set","duration":0.213799999999992,"failureMessages":[],"meta":{}},{"ancestorTitles":["AuditTrailFooter — Branch 4: collapse when same actor and <60s gap"],"fullName":"AuditTrailFooter — Branch 4: collapse when same actor and <60s gap shows only Created when same actor updated within 60 seconds","status":"passed","title":"shows only Created when same actor updated within 60 seconds","duration":0.19460000000003674,"failureMessages":[],"meta":{}},{"ancestorTitles":["AuditTrailFooter — Branch 4: collapse when same actor and <60s gap"],"fullName":"AuditTrailFooter — Branch 4: collapse when same actor and <60s gap shows both lines when different actors even with <60s gap","status":"passed","title":"shows both lines when different actors even with <60s gap","duration":0.2076999999999316,"failureMessages":[],"meta":{}},{"ancestorTitles":["AuditTrailFooter — Branch 4: collapse when same actor and <60s gap"],"fullName":"AuditTrailFooter — Branch 4: collapse when same actor and <60s gap shows both lines when same actor but >60s gap","status":"passed","title":"shows both lines when same actor but >60s gap","duration":0.21730000000002292,"failureMessages":[],"meta":{}},{"ancestorTitles":["AuditTrailFooter — Branch 5: absolute tooltip content"],"fullName":"AuditTrailFooter — Branch 5: absolute tooltip content formatAbsoluteTime returns a non-empty string containing the year","status":"passed","title":"formatAbsoluteTime returns a non-empty string containing the year","duration":25.900699999999915,"failureMessages":[],"meta":{}},{"ancestorTitles":["AuditTrailFooter — Branch 5: absolute tooltip content"],"fullName":"AuditTrailFooter — Branch 5: absolute tooltip content formatAbsoluteTime handles a string input","status":"passed","title":"formatAbsoluteTime handles a string input","duration":0.7443999999999278,"failureMessages":[],"meta":{}},{"ancestorTitles":["AuditTrailFooter — Branch 5: absolute tooltip content"],"fullName":"AuditTrailFooter — Branch 5: absolute tooltip content formatAbsoluteTime returns empty string for invalid date","status":"passed","title":"formatAbsoluteTime returns empty string for invalid date","duration":0.2016999999999598,"failureMessages":[],"meta":{}},{"ancestorTitles":["AuditTrailFooter — Branch 6: dark-mode class application"],"fullName":"AuditTrailFooter — Branch 6: dark-mode class application component renders paragraphs with text-muted-foreground class (verified by component source)","status":"passed","title":"component renders paragraphs with text-muted-foreground class (verified by component source)","duration":0.1371000000000322,"failureMessages":[],"meta":{}},{"ancestorTitles":["AuditTrailFooter — Branch 6: dark-mode class application"],"fullName":"AuditTrailFooter — Branch 6: dark-mode class application outer container uses mt-8 pt-6 spacing classes (no border — design locked)","status":"passed","title":"outer container uses mt-8 pt-6 spacing classes (no border — design locked)","duration":0.3429999999999609,"failureMessages":[],"meta":{}},{"ancestorTitles":["formatRelativeTime — time bucket coverage"],"fullName":"formatRelativeTime — time bucket coverage returns \"just now\" for 0ms diff","status":"passed","title":"returns \"just now\" for 0ms diff","duration":0.16800000000000637,"failureMessages":[],"meta":{}},{"ancestorTitles":["formatRelativeTime — time bucket coverage"],"fullName":"formatRelativeTime — time bucket coverage returns \"just now\" for 3 seconds diff","status":"passed","title":"returns \"just now\" for 3 seconds diff","duration":0.14400000000000546,"failureMessages":[],"meta":{}},{"ancestorTitles":["formatRelativeTime — time bucket coverage"],"fullName":"formatRelativeTime — time bucket coverage returns \"N seconds ago\" for 10 seconds","status":"passed","title":"returns \"N seconds ago\" for 10 seconds","duration":0.10000000000002274,"failureMessages":[],"meta":{}},{"ancestorTitles":["formatRelativeTime — time bucket coverage"],"fullName":"formatRelativeTime — time bucket coverage returns \"1 minute ago\" for 61 seconds","status":"passed","title":"returns \"1 minute ago\" for 61 seconds","duration":0.09010000000000673,"failureMessages":[],"meta":{}},{"ancestorTitles":["formatRelativeTime — time bucket coverage"],"fullName":"formatRelativeTime — time bucket coverage returns \"5 minutes ago\" for 5 minutes","status":"passed","title":"returns \"5 minutes ago\" for 5 minutes","duration":0.08399999999994634,"failureMessages":[],"meta":{}},{"ancestorTitles":["formatRelativeTime — time bucket coverage"],"fullName":"formatRelativeTime — time bucket coverage returns \"1 hour ago\" for 61 minutes","status":"passed","title":"returns \"1 hour ago\" for 61 minutes","duration":0.15560000000004948,"failureMessages":[],"meta":{}},{"ancestorTitles":["formatRelativeTime — time bucket coverage"],"fullName":"formatRelativeTime — time bucket coverage returns \"3 hours ago\" for 3 hours","status":"passed","title":"returns \"3 hours ago\" for 3 hours","duration":0.12749999999994088,"failureMessages":[],"meta":{}},{"ancestorTitles":["formatRelativeTime — time bucket coverage"],"fullName":"formatRelativeTime — time bucket coverage returns \"1 day ago\" for 25 hours","status":"passed","title":"returns \"1 day ago\" for 25 hours","duration":0.09190000000000964,"failureMessages":[],"meta":{}},{"ancestorTitles":["formatRelativeTime — time bucket coverage"],"fullName":"formatRelativeTime — time bucket coverage returns \"3 days ago\" for 3 days","status":"passed","title":"returns \"3 days ago\" for 3 days","duration":0.09230000000002292,"failureMessages":[],"meta":{}},{"ancestorTitles":["formatRelativeTime — time bucket coverage"],"fullName":"formatRelativeTime — time bucket coverage returns \"1 week ago\" for 8 days","status":"passed","title":"returns \"1 week ago\" for 8 days","duration":0.06979999999998654,"failureMessages":[],"meta":{}},{"ancestorTitles":["formatRelativeTime — time bucket coverage"],"fullName":"formatRelativeTime — time bucket coverage returns \"2 weeks ago\" for 15 days","status":"passed","title":"returns \"2 weeks ago\" for 15 days","duration":0.07000000000005002,"failureMessages":[],"meta":{}},{"ancestorTitles":["formatRelativeTime — time bucket coverage"],"fullName":"formatRelativeTime — time bucket coverage returns \"1 month ago\" for 31 days","status":"passed","title":"returns \"1 month ago\" for 31 days","duration":0.09040000000004511,"failureMessages":[],"meta":{}},{"ancestorTitles":["formatRelativeTime — time bucket coverage"],"fullName":"formatRelativeTime — time bucket coverage returns \"3 months ago\" for 95 days","status":"passed","title":"returns \"3 months ago\" for 95 days","duration":0.09149999999999636,"failureMessages":[],"meta":{}},{"ancestorTitles":["formatRelativeTime — time bucket coverage"],"fullName":"formatRelativeTime — time bucket coverage returns \"1 year ago\" for 366 days","status":"passed","title":"returns \"1 year ago\" for 366 days","duration":0.07609999999999673,"failureMessages":[],"meta":{}},{"ancestorTitles":["formatRelativeTime — time bucket coverage"],"fullName":"formatRelativeTime — time bucket coverage returns \"2 years ago\" for 730 days","status":"passed","title":"returns \"2 years ago\" for 730 days","duration":0.07920000000001437,"failureMessages":[],"meta":{}},{"ancestorTitles":["formatRelativeTime — time bucket coverage"],"fullName":"formatRelativeTime — time bucket coverage returns \"just now\" for future timestamps (defensive)","status":"passed","title":"returns \"just now\" for future timestamps (defensive)","duration":0.07950000000005275,"failureMessages":[],"meta":{}},{"ancestorTitles":["formatRelativeTime — time bucket coverage"],"fullName":"formatRelativeTime — time bucket coverage returns empty string for invalid date","status":"passed","title":"returns empty string for invalid date","duration":0.0887000000000171,"failureMessages":[],"meta":{}},{"ancestorTitles":["formatRelativeTime — time bucket coverage"],"fullName":"formatRelativeTime — time bucket coverage accepts string input","status":"passed","title":"accepts string input","duration":0.12380000000007385,"failureMessages":[],"meta":{}}],"startTime":1789595848211,"endTime":1789595848245.1238,"status":"passed","message":"","name":"C:/Users/sammy/Projects/DriveCommand/apps/web/src/__tests__/audit-trail-footer.test.ts"},{"assertionResults":[{"ancestorTitles":["formatDateOnly","the reported CDL defect — 2027-01-14 is the fourteenth everywhere"],"fullName":"formatDateOnly the reported CDL defect — 2027-01-14 is the fourteenth everywhere renders \"January 14, 2027\" in America/Chicago","status":"passed","title":"renders \"January 14, 2027\" in America/Chicago","duration":28.034999999999968,"failureMessages":[],"meta":{}},{"ancestorTitles":["formatDateOnly","the reported CDL defect — 2027-01-14 is the fourteenth everywhere"],"fullName":"formatDateOnly the reported CDL defect — 2027-01-14 is the fourteenth everywhere renders \"January 14, 2027\" in America/Los_Angeles","status":"passed","title":"renders \"January 14, 2027\" in America/Los_Angeles","duration":1.49939999999998,"failureMessages":[],"meta":{}},{"ancestorTitles":["formatDateOnly","the reported CDL defect — 2027-01-14 is the fourteenth everywhere"],"fullName":"formatDateOnly the reported CDL defect — 2027-01-14 is the fourteenth everywhere renders \"January 14, 2027\" in America/New_York","status":"passed","title":"renders \"January 14, 2027\" in America/New_York","duration":1.3543999999999983,"failureMessages":[],"meta":{}},{"ancestorTitles":["formatDateOnly","the reported CDL defect — 2027-01-14 is the fourteenth everywhere"],"fullName":"formatDateOnly the reported CDL defect — 2027-01-14 is the fourteenth everywhere renders \"January 14, 2027\" in UTC","status":"passed","title":"renders \"January 14, 2027\" in UTC","duration":1.2409999999999854,"failureMessages":[],"meta":{}},{"ancestorTitles":["formatDateOnly","the reported CDL defect — 2027-01-14 is the fourteenth everywhere"],"fullName":"formatDateOnly the reported CDL defect — 2027-01-14 is the fourteenth everywhere renders \"January 14, 2027\" in Australia/Sydney","status":"passed","title":"renders \"January 14, 2027\" in Australia/Sydney","duration":1.2124999999999773,"failureMessages":[],"meta":{}},{"ancestorTitles":["formatDateOnly"],"fullName":"formatDateOnly handles a Prisma Date object, not just the serialised string","status":"passed","title":"handles a Prisma Date object, not just the serialised string","duration":1.1189999999999714,"failureMessages":[],"meta":{}},{"ancestorTitles":["formatDateOnly"],"fullName":"formatDateOnly respects Intl options","status":"passed","title":"respects Intl options","duration":0.8014999999999759,"failureMessages":[],"meta":{}},{"ancestorTitles":["formatDateOnly"],"fullName":"formatDateOnly survives a DST boundary in both directions","status":"passed","title":"survives a DST boundary in both directions","duration":0.9933000000000334,"failureMessages":[],"meta":{}},{"ancestorTitles":["formatDateOnly"],"fullName":"formatDateOnly returns an em dash for null, undefined, empty and unparseable input","status":"passed","title":"returns an em dash for null, undefined, empty and unparseable input","duration":0.5908000000000015,"failureMessages":[],"meta":{}},{"ancestorTitles":["daysUntilDateOnly"],"fullName":"daysUntilDateOnly a licence expiring today is 0 days out, not -1","status":"passed","title":"a licence expiring today is 0 days out, not -1","duration":0.8462000000000103,"failureMessages":[],"meta":{}},{"ancestorTitles":["daysUntilDateOnly"],"fullName":"daysUntilDateOnly yesterday is -1 and genuinely expired","status":"passed","title":"yesterday is -1 and genuinely expired","duration":0.42870000000004893,"failureMessages":[],"meta":{}},{"ancestorTitles":["daysUntilDateOnly"],"fullName":"daysUntilDateOnly counts forward in whole days regardless of the time of day","status":"passed","title":"counts forward in whole days regardless of the time of day","duration":0.4244000000000483,"failureMessages":[],"meta":{}},{"ancestorTitles":["daysUntilDateOnly"],"fullName":"daysUntilDateOnly gives the same answer in every zone for a given local day","status":"passed","title":"gives the same answer in every zone for a given local day","duration":0.9616000000000327,"failureMessages":[],"meta":{}},{"ancestorTitles":["daysUntilDateOnly"],"fullName":"daysUntilDateOnly returns null for null, undefined, empty and unparseable input","status":"passed","title":"returns null for null, undefined, empty and unparseable input","duration":0.3975000000000364,"failureMessages":[],"meta":{}}],"startTime":1789595848032,"endTime":1789595848073.3975,"status":"passed","message":"","name":"C:/Users/sammy/Projects/DriveCommand/apps/web/src/__tests__/date-only.test.ts"},{"assertionResults":[{"ancestorTitles":["(driver-fullscreen) — one shell"],"fullName":"(driver-fullscreen) — one shell the layout string lives in exactly one file, and it is the shell","status":"passed","title":"the layout string lives in exactly one file, and it is the shell","duration":484.2003000000001,"failureMessages":[],"meta":{}},{"ancestorTitles":["(driver-fullscreen) — one shell"],"fullName":"(driver-fullscreen) — one shell feedback is rendered above the actions in both shells","status":"passed","title":"feedback is rendered above the actions in both shells","duration":1.006399999999985,"failureMessages":[],"meta":{}},{"ancestorTitles":["(driver-fullscreen) — one shell"],"fullName":"(driver-fullscreen) — one shell renders its error through the shell — 'InspectionClient — BeginScreen and Ou…'","status":"passed","title":"renders its error through the shell — 'InspectionClient — BeginScreen and Ou…'","duration":1.1654000000000906,"failureMessages":[],"meta":{}},{"ancestorTitles":["(driver-fullscreen) — one shell"],"fullName":"(driver-fullscreen) — one shell renders its error through the shell — 'InspectionRunner — the walkaround and…'","status":"passed","title":"renders its error through the shell — 'InspectionRunner — the walkaround and…'","duration":0.79300000000012,"failureMessages":[],"meta":{}},{"ancestorTitles":["(driver-fullscreen) — one shell"],"fullName":"(driver-fullscreen) — one shell the shell is actually reached — the screens still exist and still guard","status":"passed","title":"the shell is actually reached — the screens still exist and still guard","duration":1.85129999999981,"failureMessages":[],"meta":{}},{"ancestorTitles":["(driver-fullscreen) — one shell"],"fullName":"(driver-fullscreen) — one shell no touch target in the group falls below 44px","status":"passed","title":"no touch target in the group falls below 44px","duration":5.037599999999884,"failureMessages":[],"meta":{}}],"startTime":1789595843840,"endTime":1789595844335.0376,"status":"passed","message":"","name":"C:/Users/sammy/Projects/DriveCommand/apps/web/src/__tests__/driver-fullscreen-shell.test.ts"},{"assertionResults":[{"ancestorTitles":["formatPayPeriodDate","raw 'YYYY-MM-DD' string — stable across all US timezones"],"fullName":"formatPayPeriodDate raw 'YYYY-MM-DD' string — stable across all US timezones renders '2026-05-11' as 'May 11, 2026' in America/Los_Angeles","status":"passed","title":"renders '2026-05-11' as 'May 11, 2026' in America/Los_Angeles","duration":29.67750000000001,"failureMessages":[],"meta":{}},{"ancestorTitles":["formatPayPeriodDate","raw 'YYYY-MM-DD' string — stable across all US timezones"],"fullName":"formatPayPeriodDate raw 'YYYY-MM-DD' string — stable across all US timezones renders '2026-05-11' as 'May 11, 2026' in America/Chicago","status":"passed","title":"renders '2026-05-11' as 'May 11, 2026' in America/Chicago","duration":1.0159999999999627,"failureMessages":[],"meta":{}},{"ancestorTitles":["formatPayPeriodDate","raw 'YYYY-MM-DD' string — stable across all US timezones"],"fullName":"formatPayPeriodDate raw 'YYYY-MM-DD' string — stable across all US timezones renders '2026-05-11' as 'May 11, 2026' in America/New_York","status":"passed","title":"renders '2026-05-11' as 'May 11, 2026' in America/New_York","duration":0.7597000000000662,"failureMessages":[],"meta":{}},{"ancestorTitles":["formatPayPeriodDate","raw 'YYYY-MM-DD' string — stable across all US timezones"],"fullName":"formatPayPeriodDate raw 'YYYY-MM-DD' string — stable across all US timezones renders '2026-05-11' as 'May 11, 2026' in UTC","status":"passed","title":"renders '2026-05-11' as 'May 11, 2026' in UTC","duration":0.7694000000000187,"failureMessages":[],"meta":{}},{"ancestorTitles":["formatPayPeriodDate","raw 'YYYY-MM-DD' string — stable across all US timezones"],"fullName":"formatPayPeriodDate raw 'YYYY-MM-DD' string — stable across all US timezones produces identical output across all 4 timezones for raw date string","status":"passed","title":"produces identical output across all 4 timezones for raw date string","duration":1.4132999999999356,"failureMessages":[],"meta":{}},{"ancestorTitles":["formatPayPeriodDate","UTC midnight ISO string ('YYYY-MM-DDT00:00:00.000Z') — the production bug shape"],"fullName":"formatPayPeriodDate UTC midnight ISO string ('YYYY-MM-DDT00:00:00.000Z') — the production bug shape renders '2026-05-11T00:00:00.000Z' as 'May 11, 2026' in America/Los_Angeles","status":"passed","title":"renders '2026-05-11T00:00:00.000Z' as 'May 11, 2026' in America/Los_Angeles","duration":0.9355000000000473,"failureMessages":[],"meta":{}},{"ancestorTitles":["formatPayPeriodDate","UTC midnight ISO string ('YYYY-MM-DDT00:00:00.000Z') — the production bug shape"],"fullName":"formatPayPeriodDate UTC midnight ISO string ('YYYY-MM-DDT00:00:00.000Z') — the production bug shape renders '2026-05-11T00:00:00.000Z' as 'May 11, 2026' in America/Chicago","status":"passed","title":"renders '2026-05-11T00:00:00.000Z' as 'May 11, 2026' in America/Chicago","duration":2.564300000000003,"failureMessages":[],"meta":{}},{"ancestorTitles":["formatPayPeriodDate","UTC midnight ISO string ('YYYY-MM-DDT00:00:00.000Z') — the production bug shape"],"fullName":"formatPayPeriodDate UTC midnight ISO string ('YYYY-MM-DDT00:00:00.000Z') — the production bug shape renders '2026-05-11T00:00:00.000Z' as 'May 11, 2026' in America/New_York","status":"passed","title":"renders '2026-05-11T00:00:00.000Z' as 'May 11, 2026' in America/New_York","duration":0.9706999999999653,"failureMessages":[],"meta":{}},{"ancestorTitles":["formatPayPeriodDate","UTC midnight ISO string ('YYYY-MM-DDT00:00:00.000Z') — the production bug shape"],"fullName":"formatPayPeriodDate UTC midnight ISO string ('YYYY-MM-DDT00:00:00.000Z') — the production bug shape renders '2026-05-11T00:00:00.000Z' as 'May 11, 2026' in UTC","status":"passed","title":"renders '2026-05-11T00:00:00.000Z' as 'May 11, 2026' in UTC","duration":1.1993999999999687,"failureMessages":[],"meta":{}},{"ancestorTitles":["formatPayPeriodDate","UTC midnight ISO string ('YYYY-MM-DDT00:00:00.000Z') — the production bug shape"],"fullName":"formatPayPeriodDate UTC midnight ISO string ('YYYY-MM-DDT00:00:00.000Z') — the production bug shape produces identical output across all 4 timezones for UTC midnight ISO string","status":"passed","title":"produces identical output across all 4 timezones for UTC midnight ISO string","duration":2.0131999999999834,"failureMessages":[],"meta":{}},{"ancestorTitles":["formatPayPeriodDate","UTC midnight ISO without ms ('YYYY-MM-DDT00:00:00Z')"],"fullName":"formatPayPeriodDate UTC midnight ISO without ms ('YYYY-MM-DDT00:00:00Z') renders '2026-05-11T00:00:00Z' as 'May 11, 2026' in America/Los_Angeles","status":"passed","title":"renders '2026-05-11T00:00:00Z' as 'May 11, 2026' in America/Los_Angeles","duration":0.7589000000000397,"failureMessages":[],"meta":{}},{"ancestorTitles":["formatPayPeriodDate","UTC midnight ISO without ms ('YYYY-MM-DDT00:00:00Z')"],"fullName":"formatPayPeriodDate UTC midnight ISO without ms ('YYYY-MM-DDT00:00:00Z') renders '2026-05-11T00:00:00Z' as 'May 11, 2026' in America/Chicago","status":"passed","title":"renders '2026-05-11T00:00:00Z' as 'May 11, 2026' in America/Chicago","duration":0.5271000000000186,"failureMessages":[],"meta":{}},{"ancestorTitles":["formatPayPeriodDate","UTC midnight ISO without ms ('YYYY-MM-DDT00:00:00Z')"],"fullName":"formatPayPeriodDate UTC midnight ISO without ms ('YYYY-MM-DDT00:00:00Z') renders '2026-05-11T00:00:00Z' as 'May 11, 2026' in America/New_York","status":"passed","title":"renders '2026-05-11T00:00:00Z' as 'May 11, 2026' in America/New_York","duration":0.5056999999999334,"failureMessages":[],"meta":{}},{"ancestorTitles":["formatPayPeriodDate","UTC midnight ISO without ms ('YYYY-MM-DDT00:00:00Z')"],"fullName":"formatPayPeriodDate UTC midnight ISO without ms ('YYYY-MM-DDT00:00:00Z') renders '2026-05-11T00:00:00Z' as 'May 11, 2026' in UTC","status":"passed","title":"renders '2026-05-11T00:00:00Z' as 'May 11, 2026' in UTC","duration":0.49929999999994834,"failureMessages":[],"meta":{}},{"ancestorTitles":["formatPayPeriodDate","real timestamp strings — pass through standard Date parsing (NOT date-only branch)"],"fullName":"formatPayPeriodDate real timestamp strings — pass through standard Date parsing (NOT date-only branch) '2026-05-11T05:00:00.000Z' renders differently in UTC vs America/Los_Angeles (day-boundary proof)","status":"passed","title":"'2026-05-11T05:00:00.000Z' renders differently in UTC vs America/Los_Angeles (day-boundary proof)","duration":3.249400000000037,"failureMessages":[],"meta":{}},{"ancestorTitles":["formatPayPeriodDate","real timestamp strings — pass through standard Date parsing (NOT date-only branch)"],"fullName":"formatPayPeriodDate real timestamp strings — pass through standard Date parsing (NOT date-only branch) '2026-05-11T18:30:00.000Z' is not caught by the date-only regex","status":"passed","title":"'2026-05-11T18:30:00.000Z' is not caught by the date-only regex","duration":1.6877999999999247,"failureMessages":[],"meta":{}},{"ancestorTitles":["formatPayPeriodDate","custom Intl.DateTimeFormatOptions"],"fullName":"formatPayPeriodDate custom Intl.DateTimeFormatOptions renders with short month when opts override is passed","status":"passed","title":"renders with short month when opts override is passed","duration":0.8360999999999876,"failureMessages":[],"meta":{}},{"ancestorTitles":["formatPayPeriodDate","custom Intl.DateTimeFormatOptions"],"fullName":"formatPayPeriodDate custom Intl.DateTimeFormatOptions renders with month + day only (no year) when opts override is passed","status":"passed","title":"renders with month + day only (no year) when opts override is passed","duration":0.6843999999999824,"failureMessages":[],"meta":{}},{"ancestorTitles":["formatPayPeriodDate","Date instance input"],"fullName":"formatPayPeriodDate Date instance input formats a Date object via the standard branch","status":"passed","title":"formats a Date object via the standard branch","duration":0.4574000000000069,"failureMessages":[],"meta":{}}],"startTime":1789595847630,"endTime":1789595847683.4575,"status":"passed","message":"","name":"C:/Users/sammy/Projects/DriveCommand/apps/web/src/__tests__/format-date.test.ts"},{"assertionResults":[{"ancestorTitles":["no control characters in source"],"fullName":"no control characters in source actually found files to scan","status":"passed","title":"actually found files to scan","duration":4.368200000000002,"failureMessages":[],"meta":{}},{"ancestorTitles":["no control characters in source"],"fullName":"no control characters in source detects a control character when one is present","status":"passed","title":"detects a control character when one is present","duration":0.9717000000000553,"failureMessages":[],"meta":{}},{"ancestorTitles":["no control characters in source"],"fullName":"no control characters in source finds no control characters in any scanned file","status":"passed","title":"finds no control characters in any scanned file","duration":321.6032,"failureMessages":[],"meta":{}}],"startTime":1789595844234,"endTime":1789595844560.6033,"status":"passed","message":"","name":"C:/Users/sammy/Projects/DriveCommand/apps/web/src/__tests__/no-control-characters.test.ts"},{"assertionResults":[{"ancestorTitles":["nuqs adapter coverage — the scan found something"],"fullName":"nuqs adapter coverage — the scan found something walked a real number of source files","status":"passed","title":"walked a real number of source files","duration":2.235700000000179,"failureMessages":[],"meta":{}},{"ancestorTitles":["nuqs adapter coverage — the scan found something"],"fullName":"nuqs adapter coverage — the scan found something found at least one module importing a hook from bare `nuqs`","status":"passed","title":"found at least one module importing a hook from bare `nuqs`","duration":0.3617000000003827,"failureMessages":[],"meta":{}},{"ancestorTitles":["nuqs adapter coverage — the scan found something"],"fullName":"nuqs adapter coverage — the scan found something read that module as non-empty after CRLF normalisation","status":"passed","title":"read that module as non-empty after CRLF normalisation","duration":0.7033000000001266,"failureMessages":[],"meta":{}},{"ancestorTitles":["nuqs adapter coverage — the scan found something"],"fullName":"nuqs adapter coverage — the scan found something found at least one NuqsAdapter mount","status":"passed","title":"found at least one NuqsAdapter mount","duration":0.3139000000001033,"failureMessages":[],"meta":{}},{"ancestorTitles":["nuqs adapter coverage — the scan found something"],"fullName":"nuqs adapter coverage — the scan found something traced the consumer set to at least the seven pages quick-605 measured","status":"passed","title":"traced the consumer set to at least the seven pages quick-605 measured","duration":0.3113000000003012,"failureMessages":[],"meta":{}},{"ancestorTitles":["nuqs adapter coverage — the scan found something"],"fullName":"nuqs adapter coverage — the scan found something assertScanIntegrity agrees, and is the single gate the CLI uses too","status":"passed","title":"assertScanIntegrity agrees, and is the single gate the CLI uses too","duration":1.8029999999998836,"failureMessages":[],"meta":{}},{"ancestorTitles":["nuqs adapter coverage — the scan found something"],"fullName":"nuqs adapter coverage — the scan found something COUNTER-ASSERTION: an empty page set is rejected, not passed over","status":"passed","title":"COUNTER-ASSERTION: an empty page set is rejected, not passed over","duration":0.9970000000002983,"failureMessages":[],"meta":{}},{"ancestorTitles":["nuqs adapter coverage — the scan found something"],"fullName":"nuqs adapter coverage — the scan found something COUNTER-ASSERTION: a missing mount is rejected","status":"passed","title":"COUNTER-ASSERTION: a missing mount is rejected","duration":0.837800000000243,"failureMessages":[],"meta":{}},{"ancestorTitles":["nuqs adapter coverage — every consumer page is covered"],"fullName":"nuqs adapter coverage — every consumer page is covered every page that transitively renders a nuqs hook has an adapter above it","status":"passed","title":"every page that transitively renders a nuqs hook has an adapter above it","duration":1.5632000000000517,"failureMessages":[],"meta":{}},{"ancestorTitles":["nuqs adapter coverage — every consumer page is covered"],"fullName":"nuqs adapter coverage — every consumer page is covered the mount that covers them is the ROOT layout, not a route-group one","status":"passed","title":"the mount that covers them is the ROOT layout, not a route-group one","duration":0.534099999999853,"failureMessages":[],"meta":{}},{"ancestorTitles":["nuqs adapter coverage — every consumer page is covered"],"fullName":"nuqs adapter coverage — every consumer page is covered both route groups that hold consumers are represented, so this is not a one-group scan","status":"passed","title":"both route groups that hold consumers are represented, so this is not a one-group scan","duration":0.49530000000004293,"failureMessages":[],"meta":{}}],"startTime":1789595856441,"endTime":1789595856451.5342,"status":"passed","message":"","name":"C:/Users/sammy/Projects/DriveCommand/apps/web/src/__tests__/nuqs-adapter-coverage.test.ts"},{"assertionResults":[{"ancestorTitles":["SidebarFooter toggle label"],"fullName":"SidebarFooter toggle label shows 'Collapse' when sidebar is expanded","status":"passed","title":"shows 'Collapse' when sidebar is expanded","duration":1.7626999999999953,"failureMessages":[],"meta":{}},{"ancestorTitles":["SidebarFooter toggle label"],"fullName":"SidebarFooter toggle label shows 'Expand' when sidebar is collapsed","status":"passed","title":"shows 'Expand' when sidebar is collapsed","duration":0.3713999999999942,"failureMessages":[],"meta":{}},{"ancestorTitles":["SidebarFooter toggle label"],"fullName":"SidebarFooter toggle label correctly flips labels on state change","status":"passed","title":"correctly flips labels on state change","duration":0.3937999999999988,"failureMessages":[],"meta":{}},{"ancestorTitles":["SidebarFooter toggle label"],"fullName":"SidebarFooter toggle label 10 consecutive toggles all produce correct labels","status":"passed","title":"10 consecutive toggles all produce correct labels","duration":0.8774999999999977,"failureMessages":[],"meta":{}},{"ancestorTitles":["SidebarFooter toggle label"],"fullName":"SidebarFooter toggle label peek overlay scenario: visual expanded but sidebar collapsed shows Expand","status":"passed","title":"peek overlay scenario: visual expanded but sidebar collapsed shows Expand","duration":0.31229999999999336,"failureMessages":[],"meta":{}}],"startTime":1789595858738,"endTime":1789595858742.3123,"status":"passed","message":"","name":"C:/Users/sammy/Projects/DriveCommand/apps/web/src/__tests__/sidebar-footer-toggle.test.ts"},{"assertionResults":[{"ancestorTitles":["completeStep — type-specific validation"],"fullName":"completeStep — type-specific validation DOCUMENT_UPLOAD: rejects with MISSING_FILES when fileUrls is empty","status":"failed","title":"DOCUMENT_UPLOAD: rejects with MISSING_FILES when fileUrls is empty","duration":3286.8318,"failureMessages":["AssertionError: expected error to match asymmetric matcher\n    at file:///C:/Users/sammy/Projects/DriveCommand/node_modules/@vitest/expect/dist/index.js:1704:20\n    at processTicksAndRejections (node:internal/process/task_queues:103:5)\n    at C:/Users/sammy/Projects/DriveCommand/apps/web/src/__tests__/workflows-complete-step.test.ts:101:5\n    at file:///C:/Users/sammy/Projects/DriveCommand/node_modules/@vitest/runner/dist/index.js:915:20"],"meta":{}},{"ancestorTitles":["completeStep — type-specific validation"],"fullName":"completeStep — type-specific validation SIGNATURE: rejects with MISSING_SIGNATURE when signatureUrl is absent","status":"failed","title":"SIGNATURE: rejects with MISSING_SIGNATURE when signatureUrl is absent","duration":9.919199999999819,"failureMessages":["AssertionError: expected error to match asymmetric matcher\n    at file:///C:/Users/sammy/Projects/DriveCommand/node_modules/@vitest/expect/dist/index.js:1704:20\n    at processTicksAndRejections (node:internal/process/task_queues:103:5)\n    at C:/Users/sammy/Projects/DriveCommand/apps/web/src/__tests__/workflows-complete-step.test.ts:113:5\n    at file:///C:/Users/sammy/Projects/DriveCommand/node_modules/@vitest/runner/dist/index.js:915:20"],"meta":{}},{"ancestorTitles":["completeStep — type-specific validation"],"fullName":"completeStep — type-specific validation FORM_FILL: rejects with INVALID_FORM when formData is absent","status":"failed","title":"FORM_FILL: rejects with INVALID_FORM when formData is absent","duration":2.441100000000006,"failureMessages":["AssertionError: expected error to match asymmetric matcher\n    at file:///C:/Users/sammy/Projects/DriveCommand/node_modules/@vitest/expect/dist/index.js:1704:20\n    at processTicksAndRejections (node:internal/process/task_queues:103:5)\n    at C:/Users/sammy/Projects/DriveCommand/apps/web/src/__tests__/workflows-complete-step.test.ts:125:5\n    at file:///C:/Users/sammy/Projects/DriveCommand/node_modules/@vitest/runner/dist/index.js:915:20"],"meta":{}},{"ancestorTitles":["completeStep — type-specific validation"],"fullName":"completeStep — type-specific validation FORM_FILL: rejects with INVALID_FORM when a required formSchema field is missing","status":"failed","title":"FORM_FILL: rejects with INVALID_FORM when a required formSchema field is missing","duration":2.5203999999998814,"failureMessages":["AssertionError: expected error to match asymmetric matcher\n    at file:///C:/Users/sammy/Projects/DriveCommand/node_modules/@vitest/expect/dist/index.js:1704:20\n    at processTicksAndRejections (node:internal/process/task_queues:103:5)\n    at C:/Users/sammy/Projects/DriveCommand/apps/web/src/__tests__/workflows-complete-step.test.ts:137:5\n    at file:///C:/Users/sammy/Projects/DriveCommand/node_modules/@vitest/runner/dist/index.js:915:20"],"meta":{}},{"ancestorTitles":["completeStep — type-specific validation"],"fullName":"completeStep — type-specific validation FORM_FILL: completes successfully when all required formSchema fields are present","status":"failed","title":"FORM_FILL: completes successfully when all required formSchema fields are present","duration":9.1246000000001,"failureMessages":["Error: promise rejected \"Error: `cookies` was called outside a req… { __NEXT_ERROR_CODE: '…' }\" instead of resolving\n    at _Assertion.__VITEST_RESOLVES__ (file:///C:/Users/sammy/Projects/DriveCommand/node_modules/@vitest/expect/dist/index.js:1642:17)\n    at _Assertion.propertyGetter (file:///C:/Users/sammy/Projects/DriveCommand/node_modules/chai/index.js:1570:27)\n    at Reflect.get (<anonymous>)\n    at Object.proxyGetter [as get] (file:///C:/Users/sammy/Projects/DriveCommand/node_modules/chai/index.js:1659:22)\n    at C:/Users/sammy/Projects/DriveCommand/apps/web/src/__tests__/workflows-complete-step.test.ts:153:5\n    at processTicksAndRejections (node:internal/process/task_queues:103:5)\n    at file:///C:/Users/sammy/Projects/DriveCommand/node_modules/@vitest/runner/dist/index.js:915:20"],"meta":{}},{"ancestorTitles":["completeStep — type-specific validation"],"fullName":"completeStep — type-specific validation INSPECTION_ITEM: rejects with USE_FAIL_ENDPOINT when passOrFail is fail or missing","status":"failed","title":"INSPECTION_ITEM: rejects with USE_FAIL_ENDPOINT when passOrFail is fail or missing","duration":1.8696999999997388,"failureMessages":["AssertionError: expected error to match asymmetric matcher\n    at file:///C:/Users/sammy/Projects/DriveCommand/node_modules/@vitest/expect/dist/index.js:1704:20\n    at processTicksAndRejections (node:internal/process/task_queues:103:5)\n    at C:/Users/sammy/Projects/DriveCommand/apps/web/src/__tests__/workflows-complete-step.test.ts:168:5\n    at file:///C:/Users/sammy/Projects/DriveCommand/node_modules/@vitest/runner/dist/index.js:915:20"],"meta":{}},{"ancestorTitles":["completeStep — type-specific validation"],"fullName":"completeStep — type-specific validation TRAINING_ACK: rejects with MISSING_ACK when neither acknowledged nor note provided","status":"failed","title":"TRAINING_ACK: rejects with MISSING_ACK when neither acknowledged nor note provided","duration":1.7270000000003165,"failureMessages":["AssertionError: expected error to match asymmetric matcher\n    at file:///C:/Users/sammy/Projects/DriveCommand/node_modules/@vitest/expect/dist/index.js:1704:20\n    at processTicksAndRejections (node:internal/process/task_queues:103:5)\n    at C:/Users/sammy/Projects/DriveCommand/apps/web/src/__tests__/workflows-complete-step.test.ts:184:5\n    at file:///C:/Users/sammy/Projects/DriveCommand/node_modules/@vitest/runner/dist/index.js:915:20"],"meta":{}},{"ancestorTitles":["completeStep — type-specific validation"],"fullName":"completeStep — type-specific validation THIRD_PARTY: rejects with MISSING_EVIDENCE when no note and no fileUrls","status":"failed","title":"THIRD_PARTY: rejects with MISSING_EVIDENCE when no note and no fileUrls","duration":3.4697000000001026,"failureMessages":["AssertionError: expected error to match asymmetric matcher\n    at file:///C:/Users/sammy/Projects/DriveCommand/node_modules/@vitest/expect/dist/index.js:1704:20\n    at processTicksAndRejections (node:internal/process/task_queues:103:5)\n    at C:/Users/sammy/Projects/DriveCommand/apps/web/src/__tests__/workflows-complete-step.test.ts:196:5\n    at file:///C:/Users/sammy/Projects/DriveCommand/node_modules/@vitest/runner/dist/index.js:915:20"],"meta":{}},{"ancestorTitles":["completeStep — type-specific validation"],"fullName":"completeStep — type-specific validation CUSTOM_NOTE: rejects with MISSING_NOTE when note is empty (whitespace only)","status":"failed","title":"CUSTOM_NOTE: rejects with MISSING_NOTE when note is empty (whitespace only)","duration":5.599799999999959,"failureMessages":["AssertionError: expected error to match asymmetric matcher\n    at file:///C:/Users/sammy/Projects/DriveCommand/node_modules/@vitest/expect/dist/index.js:1704:20\n    at processTicksAndRejections (node:internal/process/task_queues:103:5)\n    at C:/Users/sammy/Projects/DriveCommand/apps/web/src/__tests__/workflows-complete-step.test.ts:208:5\n    at file:///C:/Users/sammy/Projects/DriveCommand/node_modules/@vitest/runner/dist/index.js:915:20"],"meta":{}}],"startTime":1789595835513,"endTime":1789595838836.5999,"status":"failed","message":"","name":"C:/Users/sammy/Projects/DriveCommand/apps/web/src/__tests__/workflows-complete-step.test.ts"},{"assertionResults":[{"ancestorTitles":["dispatch enforcement + override audit (Phase 4 DoD tests 3 + 4)"],"fullName":"dispatch enforcement + override audit (Phase 4 DoD tests 3 + 4) DoD test 4: throws DRIVER_NOT_DISPATCH_READY and does NOT create dispatch when driver is not ready","status":"failed","title":"DoD test 4: throws DRIVER_NOT_DISPATCH_READY and does NOT create dispatch when driver is not ready","duration":104.60300000000007,"failureMessages":["AssertionError: expected [Function] to throw error including 'DRIVER_NOT_DISPATCH_READY' but got '`cookies` was called outside a reques…'\n    at _Assertion.<anonymous> (file:///C:/Users/sammy/Projects/DriveCommand/node_modules/@vitest/expect/dist/index.js:1485:16)\n    at _Assertion.<anonymous> (file:///C:/Users/sammy/Projects/DriveCommand/node_modules/@vitest/expect/dist/index.js:1090:14)\n    at _Assertion.methodWrapper (file:///C:/Users/sammy/Projects/DriveCommand/node_modules/chai/index.js:1700:25)\n    at file:///C:/Users/sammy/Projects/DriveCommand/node_modules/@vitest/expect/dist/index.js:1704:20\n    at processTicksAndRejections (node:internal/process/task_queues:103:5)\n    at C:/Users/sammy/Projects/DriveCommand/apps/web/src/__tests__/workflows-dispatch-enforcement.test.ts:122:5\n    at file:///C:/Users/sammy/Projects/DriveCommand/node_modules/@vitest/runner/dist/index.js:915:20"],"meta":{}},{"ancestorTitles":["dispatch enforcement + override audit (Phase 4 DoD tests 3 + 4)"],"fullName":"dispatch enforcement + override audit (Phase 4 DoD tests 3 + 4) DoD test 3: admin override creates dispatch and writes DispatchOverrideAudit with all 5 required fields","status":"failed","title":"DoD test 3: admin override creates dispatch and writes DispatchOverrideAudit with all 5 required fields","duration":4.927200000000084,"failureMessages":["Error: `cookies` was called outside a request scope. Read more: https://nextjs.org/docs/messages/next-dynamic-api-wrong-context\n    at throwForMissingRequestStore (C:\\Users\\sammy\\Projects\\DriveCommand\\node_modules\\next\\dist\\server\\app-render\\work-unit-async-storage.external.js:75:33)\n    at cookies (C:\\Users\\sammy\\Projects\\DriveCommand\\node_modules\\next\\dist\\server\\request\\cookies.js:126:67)\n    at createSupabaseServerClient (C:/Users/sammy/Projects/DriveCommand/apps/web/src/lib/supabase/server.ts:5:29)\n    at getSession2 (C:/Users/sammy/Projects/DriveCommand/apps/web/src/lib/auth/supabase.ts:45:26)\n    at processTicksAndRejections (node:internal/process/task_queues:103:5)\n    at resolveSessionTenantId (C:/Users/sammy/Projects/DriveCommand/apps/web/src/lib/context/tenant-context.ts:85:19)\n    at getTenantPrisma (C:/Users/sammy/Projects/DriveCommand/apps/web/src/lib/context/tenant-context.ts:173:20)\n    at Module.createTrip (C:/Users/sammy/Projects/DriveCommand/apps/web/src/lib/carrier/trips.ts:186:24)\n    at C:/Users/sammy/Projects/DriveCommand/apps/web/src/__tests__/workflows-dispatch-enforcement.test.ts:150:5\n    at file:///C:/Users/sammy/Projects/DriveCommand/node_modules/@vitest/runner/dist/index.js:915:20"],"meta":{}},{"ancestorTitles":["dispatch enforcement + override audit (Phase 4 DoD tests 3 + 4)"],"fullName":"dispatch enforcement + override audit (Phase 4 DoD tests 3 + 4) throws OVERRIDE_REQUIRES_ADMIN when a non-admin attempts to override dispatch readiness","status":"failed","title":"throws OVERRIDE_REQUIRES_ADMIN when a non-admin attempts to override dispatch readiness","duration":4.605399999999918,"failureMessages":["AssertionError: expected [Function] to throw error including 'OVERRIDE_REQUIRES_ADMIN' but got '`cookies` was called outside a reques…'\n    at _Assertion.<anonymous> (file:///C:/Users/sammy/Projects/DriveCommand/node_modules/@vitest/expect/dist/index.js:1485:16)\n    at _Assertion.<anonymous> (file:///C:/Users/sammy/Projects/DriveCommand/node_modules/@vitest/expect/dist/index.js:1090:14)\n    at _Assertion.methodWrapper (file:///C:/Users/sammy/Projects/DriveCommand/node_modules/chai/index.js:1700:25)\n    at file:///C:/Users/sammy/Projects/DriveCommand/node_modules/@vitest/expect/dist/index.js:1704:20\n    at processTicksAndRejections (node:internal/process/task_queues:103:5)\n    at C:/Users/sammy/Projects/DriveCommand/apps/web/src/__tests__/workflows-dispatch-enforcement.test.ts:191:5\n    at file:///C:/Users/sammy/Projects/DriveCommand/node_modules/@vitest/runner/dist/index.js:915:20"],"meta":{}},{"ancestorTitles":["dispatch enforcement + override audit (Phase 4 DoD tests 3 + 4)"],"fullName":"dispatch enforcement + override audit (Phase 4 DoD tests 3 + 4) creates dispatch normally for a dispatch-ready driver without writing any audit row","status":"failed","title":"creates dispatch normally for a dispatch-ready driver without writing any audit row","duration":1.6057999999998174,"failureMessages":["Error: `cookies` was called outside a request scope. Read more: https://nextjs.org/docs/messages/next-dynamic-api-wrong-context\n    at throwForMissingRequestStore (C:\\Users\\sammy\\Projects\\DriveCommand\\node_modules\\next\\dist\\server\\app-render\\work-unit-async-storage.external.js:75:33)\n    at cookies (C:\\Users\\sammy\\Projects\\DriveCommand\\node_modules\\next\\dist\\server\\request\\cookies.js:126:67)\n    at createSupabaseServerClient (C:/Users/sammy/Projects/DriveCommand/apps/web/src/lib/supabase/server.ts:5:29)\n    at getSession2 (C:/Users/sammy/Projects/DriveCommand/apps/web/src/lib/auth/supabase.ts:45:26)\n    at processTicksAndRejections (node:internal/process/task_queues:103:5)\n    at resolveSessionTenantId (C:/Users/sammy/Projects/DriveCommand/apps/web/src/lib/context/tenant-context.ts:85:19)\n    at getTenantPrisma (C:/Users/sammy/Projects/DriveCommand/apps/web/src/lib/context/tenant-context.ts:173:20)\n    at Module.createTrip (C:/Users/sammy/Projects/DriveCommand/apps/web/src/lib/carrier/trips.ts:186:24)\n    at C:/Users/sammy/Projects/DriveCommand/apps/web/src/__tests__/workflows-dispatch-enforcement.test.ts:212:5\n    at file:///C:/Users/sammy/Projects/DriveCommand/node_modules/@vitest/runner/dist/index.js:915:20"],"meta":{}},{"ancestorTitles":["dispatch enforcement + override audit (Phase 4 DoD tests 3 + 4)"],"fullName":"dispatch enforcement + override audit (Phase 4 DoD tests 3 + 4) audit row tenantId equals the dispatch orgId — prevents cross-tenant audit bugs","status":"failed","title":"audit row tenantId equals the dispatch orgId — prevents cross-tenant audit bugs","duration":1.298200000000179,"failureMessages":["Error: `cookies` was called outside a request scope. Read more: https://nextjs.org/docs/messages/next-dynamic-api-wrong-context\n    at throwForMissingRequestStore (C:\\Users\\sammy\\Projects\\DriveCommand\\node_modules\\next\\dist\\server\\app-render\\work-unit-async-storage.external.js:75:33)\n    at cookies (C:\\Users\\sammy\\Projects\\DriveCommand\\node_modules\\next\\dist\\server\\request\\cookies.js:126:67)\n    at createSupabaseServerClient (C:/Users/sammy/Projects/DriveCommand/apps/web/src/lib/supabase/server.ts:5:29)\n    at getSession2 (C:/Users/sammy/Projects/DriveCommand/apps/web/src/lib/auth/supabase.ts:45:26)\n    at processTicksAndRejections (node:internal/process/task_queues:103:5)\n    at resolveSessionTenantId (C:/Users/sammy/Projects/DriveCommand/apps/web/src/lib/context/tenant-context.ts:85:19)\n    at getTenantPrisma (C:/Users/sammy/Projects/DriveCommand/apps/web/src/lib/context/tenant-context.ts:173:20)\n    at Module.createTrip (C:/Users/sammy/Projects/DriveCommand/apps/web/src/lib/carrier/trips.ts:186:24)\n    at C:/Users/sammy/Projects/DriveCommand/apps/web/src/__tests__/workflows-dispatch-enforcement.test.ts:235:5\n    at file:///C:/Users/sammy/Projects/DriveCommand/node_modules/@vitest/runner/dist/index.js:915:20"],"meta":{}}],"startTime":1789595838778,"endTime":1789595838896.298,"status":"failed","message":"","name":"C:/Users/sammy/Projects/DriveCommand/apps/web/src/__tests__/workflows-dispatch-enforcement.test.ts"},{"assertionResults":[{"ancestorTitles":["failInspectionItem"],"fullName":"failInspectionItem creates exactly one mechanic APPROVAL step when category is VEHICLE_INSPECTION","status":"failed","title":"creates exactly one mechanic APPROVAL step when category is VEHICLE_INSPECTION","duration":103.28919999999971,"failureMessages":["Error: `cookies` was called outside a request scope. Read more: https://nextjs.org/docs/messages/next-dynamic-api-wrong-context\n    at throwForMissingRequestStore (C:\\Users\\sammy\\Projects\\DriveCommand\\node_modules\\next\\dist\\server\\app-render\\work-unit-async-storage.external.js:75:33)\n    at cookies (C:\\Users\\sammy\\Projects\\DriveCommand\\node_modules\\next\\dist\\server\\request\\cookies.js:126:67)\n    at createSupabaseServerClient (C:/Users/sammy/Projects/DriveCommand/apps/web/src/lib/supabase/server.ts:5:29)\n    at getSession2 (C:/Users/sammy/Projects/DriveCommand/apps/web/src/lib/auth/supabase.ts:45:26)\n    at processTicksAndRejections (node:internal/process/task_queues:103:5)\n    at resolveSessionTenantId (C:/Users/sammy/Projects/DriveCommand/apps/web/src/lib/context/tenant-context.ts:85:19)\n    at getTenantPrisma (C:/Users/sammy/Projects/DriveCommand/apps/web/src/lib/context/tenant-context.ts:173:20)\n    at Module.failInspectionItem (C:/Users/sammy/Projects/DriveCommand/apps/web/src/server/services/workflows/failInspectionItem.ts:26:24)\n    at C:/Users/sammy/Projects/DriveCommand/apps/web/src/__tests__/workflows-fail-inspection.test.ts:91:5\n    at file:///C:/Users/sammy/Projects/DriveCommand/node_modules/@vitest/runner/dist/index.js:915:20"],"meta":{}},{"ancestorTitles":["failInspectionItem"],"fullName":"failInspectionItem creates zero mechanic steps when category is ONBOARDING","status":"failed","title":"creates zero mechanic steps when category is ONBOARDING","duration":1.248700000000099,"failureMessages":["Error: `cookies` was called outside a request scope. Read more: https://nextjs.org/docs/messages/next-dynamic-api-wrong-context\n    at throwForMissingRequestStore (C:\\Users\\sammy\\Projects\\DriveCommand\\node_modules\\next\\dist\\server\\app-render\\work-unit-async-storage.external.js:75:33)\n    at cookies (C:\\Users\\sammy\\Projects\\DriveCommand\\node_modules\\next\\dist\\server\\request\\cookies.js:126:67)\n    at createSupabaseServerClient (C:/Users/sammy/Projects/DriveCommand/apps/web/src/lib/supabase/server.ts:5:29)\n    at getSession2 (C:/Users/sammy/Projects/DriveCommand/apps/web/src/lib/auth/supabase.ts:45:26)\n    at processTicksAndRejections (node:internal/process/task_queues:103:5)\n    at resolveSessionTenantId (C:/Users/sammy/Projects/DriveCommand/apps/web/src/lib/context/tenant-context.ts:85:19)\n    at getTenantPrisma (C:/Users/sammy/Projects/DriveCommand/apps/web/src/lib/context/tenant-context.ts:173:20)\n    at Module.failInspectionItem (C:/Users/sammy/Projects/DriveCommand/apps/web/src/server/services/workflows/failInspectionItem.ts:26:24)\n    at C:/Users/sammy/Projects/DriveCommand/apps/web/src/__tests__/workflows-fail-inspection.test.ts:107:5\n    at file:///C:/Users/sammy/Projects/DriveCommand/node_modules/@vitest/runner/dist/index.js:915:20"],"meta":{}},{"ancestorTitles":["failInspectionItem"],"fullName":"failInspectionItem calls computeDispatchReadiness — readiness flips after fail","status":"failed","title":"calls computeDispatchReadiness — readiness flips after fail","duration":1.3034999999999854,"failureMessages":["Error: `cookies` was called outside a request scope. Read more: https://nextjs.org/docs/messages/next-dynamic-api-wrong-context\n    at throwForMissingRequestStore (C:\\Users\\sammy\\Projects\\DriveCommand\\node_modules\\next\\dist\\server\\app-render\\work-unit-async-storage.external.js:75:33)\n    at cookies (C:\\Users\\sammy\\Projects\\DriveCommand\\node_modules\\next\\dist\\server\\request\\cookies.js:126:67)\n    at createSupabaseServerClient (C:/Users/sammy/Projects/DriveCommand/apps/web/src/lib/supabase/server.ts:5:29)\n    at getSession2 (C:/Users/sammy/Projects/DriveCommand/apps/web/src/lib/auth/supabase.ts:45:26)\n    at processTicksAndRejections (node:internal/process/task_queues:103:5)\n    at resolveSessionTenantId (C:/Users/sammy/Projects/DriveCommand/apps/web/src/lib/context/tenant-context.ts:85:19)\n    at getTenantPrisma (C:/Users/sammy/Projects/DriveCommand/apps/web/src/lib/context/tenant-context.ts:173:20)\n    at Module.failInspectionItem (C:/Users/sammy/Projects/DriveCommand/apps/web/src/server/services/workflows/failInspectionItem.ts:26:24)\n    at C:/Users/sammy/Projects/DriveCommand/apps/web/src/__tests__/workflows-fail-inspection.test.ts:117:5\n    at file:///C:/Users/sammy/Projects/DriveCommand/node_modules/@vitest/runner/dist/index.js:915:20"],"meta":{}},{"ancestorTitles":["failInspectionItem"],"fullName":"failInspectionItem throws PHOTO_REQUIRED when requiresPhoto=true and photoUrls is empty","status":"failed","title":"throws PHOTO_REQUIRED when requiresPhoto=true and photoUrls is empty","duration":11.376600000000053,"failureMessages":["AssertionError: expected error to match asymmetric matcher\n    at file:///C:/Users/sammy/Projects/DriveCommand/node_modules/@vitest/expect/dist/index.js:1704:20\n    at processTicksAndRejections (node:internal/process/task_queues:103:5)\n    at C:/Users/sammy/Projects/DriveCommand/apps/web/src/__tests__/workflows-fail-inspection.test.ts:127:5\n    at file:///C:/Users/sammy/Projects/DriveCommand/node_modules/@vitest/runner/dist/index.js:915:20"],"meta":{}},{"ancestorTitles":["failInspectionItem"],"fullName":"failInspectionItem succeeds when requiresPhoto=true and photoUrls has one item","status":"failed","title":"succeeds when requiresPhoto=true and photoUrls has one item","duration":3.3893000000002758,"failureMessages":["Error: promise rejected \"Error: `cookies` was called outside a req… { __NEXT_ERROR_CODE: '…' }\" instead of resolving\n    at _Assertion.__VITEST_RESOLVES__ (file:///C:/Users/sammy/Projects/DriveCommand/node_modules/@vitest/expect/dist/index.js:1642:17)\n    at _Assertion.propertyGetter (file:///C:/Users/sammy/Projects/DriveCommand/node_modules/chai/index.js:1570:27)\n    at Reflect.get (<anonymous>)\n    at Object.proxyGetter [as get] (file:///C:/Users/sammy/Projects/DriveCommand/node_modules/chai/index.js:1659:22)\n    at C:/Users/sammy/Projects/DriveCommand/apps/web/src/__tests__/workflows-fail-inspection.test.ts:145:5\n    at file:///C:/Users/sammy/Projects/DriveCommand/node_modules/@vitest/runner/dist/index.js:145:11\n    at file:///C:/Users/sammy/Projects/DriveCommand/node_modules/@vitest/runner/dist/index.js:915:26\n    at file:///C:/Users/sammy/Projects/DriveCommand/node_modules/@vitest/runner/dist/index.js:1243:20\n    at new Promise (<anonymous>)\n    at runWithTimeout (file:///C:/Users/sammy/Projects/DriveCommand/node_modules/@vitest/runner/dist/index.js:1209:10)"],"meta":{}}],"startTime":1789595838698,"endTime":1789595838819.3894,"status":"failed","message":"","name":"C:/Users/sammy/Projects/DriveCommand/apps/web/src/__tests__/workflows-fail-inspection.test.ts"},{"assertionResults":[{"ancestorTitles":["fireEvent — match/skip behavior (Phase 4 DoD test 1)"],"fullName":"fireEvent — match/skip behavior (Phase 4 DoD test 1) calls generatePlaybookInstance exactly once when entityData matches conditions","status":"failed","title":"calls generatePlaybookInstance exactly once when entityData matches conditions","duration":122.07310000000007,"failureMessages":["AssertionError: expected \"vi.fn()\" to be called 1 times, but got 0 times\n    at C:/Users/sammy/Projects/DriveCommand/apps/web/src/__tests__/workflows-fire-event.test.ts:82:38\n    at processTicksAndRejections (node:internal/process/task_queues:103:5)\n    at file:///C:/Users/sammy/Projects/DriveCommand/node_modules/@vitest/runner/dist/index.js:915:20"],"meta":{}},{"ancestorTitles":["fireEvent — match/skip behavior (Phase 4 DoD test 1)"],"fullName":"fireEvent — match/skip behavior (Phase 4 DoD test 1) does NOT call generatePlaybookInstance when entityData does not match conditions","status":"passed","title":"does NOT call generatePlaybookInstance when entityData does not match conditions","duration":1.7952000000000226,"failureMessages":[],"meta":{}},{"ancestorTitles":["fireEvent — match/skip behavior (Phase 4 DoD test 1)"],"fullName":"fireEvent — match/skip behavior (Phase 4 DoD test 1) matches when conditions is an empty object (always-match rule)","status":"failed","title":"matches when conditions is an empty object (always-match rule)","duration":1.8018000000001848,"failureMessages":["AssertionError: expected \"vi.fn()\" to be called 1 times, but got 0 times\n    at C:/Users/sammy/Projects/DriveCommand/apps/web/src/__tests__/workflows-fire-event.test.ts:125:38\n    at processTicksAndRejections (node:internal/process/task_queues:103:5)\n    at file:///C:/Users/sammy/Projects/DriveCommand/node_modules/@vitest/runner/dist/index.js:915:20"],"meta":{}},{"ancestorTitles":["fireEvent — match/skip behavior (Phase 4 DoD test 1)"],"fullName":"fireEvent — match/skip behavior (Phase 4 DoD test 1) queries DB with isActive: true — inactive triggers are never loaded","status":"failed","title":"queries DB with isActive: true — inactive triggers are never loaded","duration":3.7703999999998814,"failureMessages":["AssertionError: expected \"vi.fn()\" to be called with arguments: [ ObjectContaining{…} ]\u001b[90m\n\nNumber of calls: \u001b[1m0\u001b[22m\n\u001b[39m\n    at Proxy.<anonymous> (file:///C:/Users/sammy/Projects/DriveCommand/node_modules/@vitest/expect/dist/index.js:1420:10)\n    at Proxy.<anonymous> (file:///C:/Users/sammy/Projects/DriveCommand/node_modules/@vitest/expect/dist/index.js:1090:14)\n    at Proxy.methodWrapper (file:///C:/Users/sammy/Projects/DriveCommand/node_modules/chai/index.js:1700:25)\n    at C:/Users/sammy/Projects/DriveCommand/apps/web/src/__tests__/workflows-fire-event.test.ts:145:45\n    at processTicksAndRejections (node:internal/process/task_queues:103:5)\n    at file:///C:/Users/sammy/Projects/DriveCommand/node_modules/@vitest/runner/dist/index.js:915:20"],"meta":{}},{"ancestorTitles":["fireEvent — match/skip behavior (Phase 4 DoD test 1)"],"fullName":"fireEvent — match/skip behavior (Phase 4 DoD test 1) does not throw when generatePlaybookInstance fails, and continues processing subsequent triggers","status":"failed","title":"does not throw when generatePlaybookInstance fails, and continues processing subsequent triggers","duration":2.894800000000032,"failureMessages":["AssertionError: expected \"vi.fn()\" to be called 2 times, but got 0 times\n    at C:/Users/sammy/Projects/DriveCommand/apps/web/src/__tests__/workflows-fire-event.test.ts:174:38\n    at processTicksAndRejections (node:internal/process/task_queues:103:5)\n    at file:///C:/Users/sammy/Projects/DriveCommand/node_modules/@vitest/runner/dist/index.js:915:20"],"meta":{}},{"ancestorTitles":["fireEvent — match/skip behavior (Phase 4 DoD test 1)"],"fullName":"fireEvent — match/skip behavior (Phase 4 DoD test 1) treats null conditions as an empty object — always matches","status":"failed","title":"treats null conditions as an empty object — always matches","duration":1.9230999999999767,"failureMessages":["AssertionError: expected \"vi.fn()\" to be called 1 times, but got 0 times\n    at C:/Users/sammy/Projects/DriveCommand/apps/web/src/__tests__/workflows-fire-event.test.ts:193:38\n    at processTicksAndRejections (node:internal/process/task_queues:103:5)\n    at file:///C:/Users/sammy/Projects/DriveCommand/node_modules/@vitest/runner/dist/index.js:915:20"],"meta":{}},{"ancestorTitles":["fireEvent — match/skip behavior (Phase 4 DoD test 1)"],"fullName":"fireEvent — match/skip behavior (Phase 4 DoD test 1) is a no-op for MANUAL_ONLY events — does not query DB","status":"passed","title":"is a no-op for MANUAL_ONLY events — does not query DB","duration":0.507799999999861,"failureMessages":[],"meta":{}}],"startTime":1789595838687,"endTime":1789595838821.5078,"status":"failed","message":"","name":"C:/Users/sammy/Projects/DriveCommand/apps/web/src/__tests__/workflows-fire-event.test.ts"},{"assertionResults":[{"ancestorTitles":["generatePlaybookInstance — snapshot immutability"],"fullName":"generatePlaybookInstance — snapshot immutability playbookSnapshot is a deep copy — mutating the source Playbook does not change the snapshot","status":"failed","title":"playbookSnapshot is a deep copy — mutating the source Playbook does not change the snapshot","duration":3276.4509,"failureMessages":["Error: `cookies` was called outside a request scope. Read more: https://nextjs.org/docs/messages/next-dynamic-api-wrong-context\n    at throwForMissingRequestStore (C:\\Users\\sammy\\Projects\\DriveCommand\\node_modules\\next\\dist\\server\\app-render\\work-unit-async-storage.external.js:75:33)\n    at cookies (C:\\Users\\sammy\\Projects\\DriveCommand\\node_modules\\next\\dist\\server\\request\\cookies.js:126:67)\n    at createSupabaseServerClient (C:/Users/sammy/Projects/DriveCommand/apps/web/src/lib/supabase/server.ts:5:29)\n    at getSession2 (C:/Users/sammy/Projects/DriveCommand/apps/web/src/lib/auth/supabase.ts:45:26)\n    at processTicksAndRejections (node:internal/process/task_queues:103:5)\n    at resolveSessionTenantId (C:/Users/sammy/Projects/DriveCommand/apps/web/src/lib/context/tenant-context.ts:85:19)\n    at getTenantPrisma (C:/Users/sammy/Projects/DriveCommand/apps/web/src/lib/context/tenant-context.ts:173:20)\n    at generatePlaybookInstance (C:/Users/sammy/Projects/DriveCommand/apps/web/src/server/services/workflows/generatePlaybookInstance.ts:32:46)\n    at C:/Users/sammy/Projects/DriveCommand/apps/web/src/__tests__/workflows-instance.test.ts:126:5\n    at file:///C:/Users/sammy/Projects/DriveCommand/node_modules/@vitest/runner/dist/index.js:915:20"],"meta":{}},{"ancestorTitles":["computeDispatchReadiness — zero dispatch blockers"],"fullName":"computeDispatchReadiness — zero dispatch blockers returns isReady=true when no steps have isDispatchBlocker=true","status":"failed","title":"returns isReady=true when no steps have isDispatchBlocker=true","duration":5.492700000000241,"failureMessages":["Error: `cookies` was called outside a request scope. Read more: https://nextjs.org/docs/messages/next-dynamic-api-wrong-context\n    at throwForMissingRequestStore (C:\\Users\\sammy\\Projects\\DriveCommand\\node_modules\\next\\dist\\server\\app-render\\work-unit-async-storage.external.js:75:33)\n    at cookies (C:\\Users\\sammy\\Projects\\DriveCommand\\node_modules\\next\\dist\\server\\request\\cookies.js:126:67)\n    at createSupabaseServerClient (C:/Users/sammy/Projects/DriveCommand/apps/web/src/lib/supabase/server.ts:5:29)\n    at getSession2 (C:/Users/sammy/Projects/DriveCommand/apps/web/src/lib/auth/supabase.ts:45:26)\n    at processTicksAndRejections (node:internal/process/task_queues:103:5)\n    at resolveSessionTenantId (C:/Users/sammy/Projects/DriveCommand/apps/web/src/lib/context/tenant-context.ts:85:19)\n    at getTenantPrisma (C:/Users/sammy/Projects/DriveCommand/apps/web/src/lib/context/tenant-context.ts:173:20)\n    at computeDispatchReadiness (C:/Users/sammy/Projects/DriveCommand/apps/web/src/server/services/workflows/computeDispatchReadiness.ts:35:49)\n    at C:/Users/sammy/Projects/DriveCommand/apps/web/src/__tests__/workflows-instance.test.ts:186:20\n    at file:///C:/Users/sammy/Projects/DriveCommand/node_modules/@vitest/runner/dist/index.js:915:20"],"meta":{}}],"startTime":1789595835509,"endTime":1789595838791.4927,"status":"failed","message":"","name":"C:/Users/sammy/Projects/DriveCommand/apps/web/src/__tests__/workflows-instance.test.ts"},{"assertionResults":[{"ancestorTitles":["Workflows naming lint (spec Section 3)"],"fullName":"Workflows naming lint (spec Section 3) does not surface internal names in rendered JSX of the owner checklists route","status":"passed","title":"does not surface internal names in rendered JSX of the owner checklists route","duration":17.37439999999998,"failureMessages":[],"meta":{}}],"startTime":1789595851754,"endTime":1789595851771.3745,"status":"passed","message":"","name":"C:/Users/sammy/Projects/DriveCommand/apps/web/src/__tests__/workflows-naming-lint.test.ts"},{"assertionResults":[{"ancestorTitles":["trigger router — enableRecipe / disableRecipe (Phase 4 DoD test 2)"],"fullName":"trigger router — enableRecipe / disableRecipe (Phase 4 DoD test 2) enableRecipe creates a new PlaybookTrigger with isActive: true and correct triggerEvent","status":"failed","title":"enableRecipe creates a new PlaybookTrigger with isActive: true and correct triggerEvent","duration":96.1235999999999,"failureMessages":["Error: `cookies` was called outside a request scope. Read more: https://nextjs.org/docs/messages/next-dynamic-api-wrong-context\n    at throwForMissingRequestStore (C:\\Users\\sammy\\Projects\\DriveCommand\\node_modules\\next\\dist\\server\\app-render\\work-unit-async-storage.external.js:75:33)\n    at cookies (C:\\Users\\sammy\\Projects\\DriveCommand\\node_modules\\next\\dist\\server\\request\\cookies.js:126:67)\n    at createSupabaseServerClient (C:/Users/sammy/Projects/DriveCommand/apps/web/src/lib/supabase/server.ts:5:29)\n    at getSession2 (C:/Users/sammy/Projects/DriveCommand/apps/web/src/lib/auth/supabase.ts:45:26)\n    at processTicksAndRejections (node:internal/process/task_queues:103:5)\n    at resolveSessionTenantId (C:/Users/sammy/Projects/DriveCommand/apps/web/src/lib/context/tenant-context.ts:85:19)\n    at getTenantPrisma (C:/Users/sammy/Projects/DriveCommand/apps/web/src/lib/context/tenant-context.ts:173:20)\n    at C:/Users/sammy/Projects/DriveCommand/apps/web/src/server/api/routers/workflows/trigger.ts:70:26\n    at resolveMiddleware (file:///C:/Users/sammy/Projects/DriveCommand/node_modules/@trpc/server/dist/initTRPC-B1ggxyJl.mjs:221:17)\n    at callRecursive (file:///C:/Users/sammy/Projects/DriveCommand/node_modules/@trpc/server/dist/initTRPC-B1ggxyJl.mjs:256:18)"],"meta":{}},{"ancestorTitles":["trigger router — enableRecipe / disableRecipe (Phase 4 DoD test 2)"],"fullName":"trigger router — enableRecipe / disableRecipe (Phase 4 DoD test 2) enableRecipe reactivates an existing inactive trigger instead of creating a duplicate","status":"failed","title":"enableRecipe reactivates an existing inactive trigger instead of creating a duplicate","duration":1.5797999999995227,"failureMessages":["Error: `cookies` was called outside a request scope. Read more: https://nextjs.org/docs/messages/next-dynamic-api-wrong-context\n    at throwForMissingRequestStore (C:\\Users\\sammy\\Projects\\DriveCommand\\node_modules\\next\\dist\\server\\app-render\\work-unit-async-storage.external.js:75:33)\n    at cookies (C:\\Users\\sammy\\Projects\\DriveCommand\\node_modules\\next\\dist\\server\\request\\cookies.js:126:67)\n    at createSupabaseServerClient (C:/Users/sammy/Projects/DriveCommand/apps/web/src/lib/supabase/server.ts:5:29)\n    at getSession2 (C:/Users/sammy/Projects/DriveCommand/apps/web/src/lib/auth/supabase.ts:45:26)\n    at processTicksAndRejections (node:internal/process/task_queues:103:5)\n    at resolveSessionTenantId (C:/Users/sammy/Projects/DriveCommand/apps/web/src/lib/context/tenant-context.ts:85:19)\n    at getTenantPrisma (C:/Users/sammy/Projects/DriveCommand/apps/web/src/lib/context/tenant-context.ts:173:20)\n    at C:/Users/sammy/Projects/DriveCommand/apps/web/src/server/api/routers/workflows/trigger.ts:70:26\n    at resolveMiddleware (file:///C:/Users/sammy/Projects/DriveCommand/node_modules/@trpc/server/dist/initTRPC-B1ggxyJl.mjs:221:17)\n    at callRecursive (file:///C:/Users/sammy/Projects/DriveCommand/node_modules/@trpc/server/dist/initTRPC-B1ggxyJl.mjs:256:18)"],"meta":{}},{"ancestorTitles":["trigger router — enableRecipe / disableRecipe (Phase 4 DoD test 2)"],"fullName":"trigger router — enableRecipe / disableRecipe (Phase 4 DoD test 2) enableRecipe throws NOT_FOUND for an unknown recipe key","status":"passed","title":"enableRecipe throws NOT_FOUND for an unknown recipe key","duration":6.147600000000239,"failureMessages":[],"meta":{}},{"ancestorTitles":["trigger router — enableRecipe / disableRecipe (Phase 4 DoD test 2)"],"fullName":"trigger router — enableRecipe / disableRecipe (Phase 4 DoD test 2) enableRecipe throws NOT_FOUND when playbookId does not belong to tenant","status":"failed","title":"enableRecipe throws NOT_FOUND when playbookId does not belong to tenant","duration":12.365700000000288,"failureMessages":["AssertionError: expected TRPCError: `cookies` was called outside a… { code: '…' } to match object { code: 'NOT_FOUND' }\n(2 matching properties omitted from actual)\n    at _Assertion.<anonymous> (file:///C:/Users/sammy/Projects/DriveCommand/node_modules/@vitest/expect/dist/index.js:1216:10)\n    at _Assertion.<anonymous> (file:///C:/Users/sammy/Projects/DriveCommand/node_modules/@vitest/expect/dist/index.js:1090:14)\n    at _Assertion.methodWrapper (file:///C:/Users/sammy/Projects/DriveCommand/node_modules/chai/index.js:1700:25)\n    at file:///C:/Users/sammy/Projects/DriveCommand/node_modules/@vitest/expect/dist/index.js:1704:20\n    at processTicksAndRejections (node:internal/process/task_queues:103:5)\n    at C:/Users/sammy/Projects/DriveCommand/apps/web/src/__tests__/workflows-trigger-router.test.ts:156:5\n    at file:///C:/Users/sammy/Projects/DriveCommand/node_modules/@vitest/runner/dist/index.js:915:20"],"meta":{}},{"ancestorTitles":["trigger router — enableRecipe / disableRecipe (Phase 4 DoD test 2)"],"fullName":"trigger router — enableRecipe / disableRecipe (Phase 4 DoD test 2) disableRecipe sets isActive=false on the trigger but leaves PlaybookInstance rows unchanged (DoD test 2 — critical)","status":"failed","title":"disableRecipe sets isActive=false on the trigger but leaves PlaybookInstance rows unchanged (DoD test 2 — critical)","duration":2.666900000000169,"failureMessages":["Error: `cookies` was called outside a request scope. Read more: https://nextjs.org/docs/messages/next-dynamic-api-wrong-context\n    at throwForMissingRequestStore (C:\\Users\\sammy\\Projects\\DriveCommand\\node_modules\\next\\dist\\server\\app-render\\work-unit-async-storage.external.js:75:33)\n    at cookies (C:\\Users\\sammy\\Projects\\DriveCommand\\node_modules\\next\\dist\\server\\request\\cookies.js:126:67)\n    at createSupabaseServerClient (C:/Users/sammy/Projects/DriveCommand/apps/web/src/lib/supabase/server.ts:5:29)\n    at getSession2 (C:/Users/sammy/Projects/DriveCommand/apps/web/src/lib/auth/supabase.ts:45:26)\n    at processTicksAndRejections (node:internal/process/task_queues:103:5)\n    at resolveSessionTenantId (C:/Users/sammy/Projects/DriveCommand/apps/web/src/lib/context/tenant-context.ts:85:19)\n    at getTenantPrisma (C:/Users/sammy/Projects/DriveCommand/apps/web/src/lib/context/tenant-context.ts:173:20)\n    at C:/Users/sammy/Projects/DriveCommand/apps/web/src/server/api/routers/workflows/trigger.ts:113:26\n    at resolveMiddleware (file:///C:/Users/sammy/Projects/DriveCommand/node_modules/@trpc/server/dist/initTRPC-B1ggxyJl.mjs:221:17)\n    at callRecursive (file:///C:/Users/sammy/Projects/DriveCommand/node_modules/@trpc/server/dist/initTRPC-B1ggxyJl.mjs:256:18)"],"meta":{}},{"ancestorTitles":["trigger router — enableRecipe / disableRecipe (Phase 4 DoD test 2)"],"fullName":"trigger router — enableRecipe / disableRecipe (Phase 4 DoD test 2) disableRecipe returns { disabled: 0 } when no matching triggers exist — idempotent","status":"failed","title":"disableRecipe returns { disabled: 0 } when no matching triggers exist — idempotent","duration":0.6884000000000015,"failureMessages":["Error: `cookies` was called outside a request scope. Read more: https://nextjs.org/docs/messages/next-dynamic-api-wrong-context\n    at throwForMissingRequestStore (C:\\Users\\sammy\\Projects\\DriveCommand\\node_modules\\next\\dist\\server\\app-render\\work-unit-async-storage.external.js:75:33)\n    at cookies (C:\\Users\\sammy\\Projects\\DriveCommand\\node_modules\\next\\dist\\server\\request\\cookies.js:126:67)\n    at createSupabaseServerClient (C:/Users/sammy/Projects/DriveCommand/apps/web/src/lib/supabase/server.ts:5:29)\n    at getSession2 (C:/Users/sammy/Projects/DriveCommand/apps/web/src/lib/auth/supabase.ts:45:26)\n    at processTicksAndRejections (node:internal/process/task_queues:103:5)\n    at resolveSessionTenantId (C:/Users/sammy/Projects/DriveCommand/apps/web/src/lib/context/tenant-context.ts:85:19)\n    at getTenantPrisma (C:/Users/sammy/Projects/DriveCommand/apps/web/src/lib/context/tenant-context.ts:173:20)\n    at C:/Users/sammy/Projects/DriveCommand/apps/web/src/server/api/routers/workflows/trigger.ts:113:26\n    at resolveMiddleware (file:///C:/Users/sammy/Projects/DriveCommand/node_modules/@trpc/server/dist/initTRPC-B1ggxyJl.mjs:221:17)\n    at callRecursive (file:///C:/Users/sammy/Projects/DriveCommand/node_modules/@trpc/server/dist/initTRPC-B1ggxyJl.mjs:256:18)"],"meta":{}},{"ancestorTitles":["trigger router — enableRecipe / disableRecipe (Phase 4 DoD test 2)"],"fullName":"trigger router — enableRecipe / disableRecipe (Phase 4 DoD test 2) enableRecipe and disableRecipe reject DRIVER-role callers with FORBIDDEN","status":"passed","title":"enableRecipe and disableRecipe reject DRIVER-role callers with FORBIDDEN","duration":0.7529999999997017,"failureMessages":[],"meta":{}}],"startTime":1789595839262,"endTime":1789595839382.753,"status":"failed","message":"","name":"C:/Users/sammy/Projects/DriveCommand/apps/web/src/__tests__/workflows-trigger-router.test.ts"},{"assertionResults":[{"ancestorTitles":["Contracted Recurring Route Journey (E2E)"],"fullName":"Contracted Recurring Route Journey (E2E) completes the full 15-step contracted recurring route journey","status":"skipped","title":"completes the full 15-step contracted recurring route journey","failureMessages":[],"meta":{}}],"startTime":1789595834486,"endTime":1789595834486,"status":"passed","message":"","name":"C:/Users/sammy/Projects/DriveCommand/apps/web/tests/carrier/contracted-route-journey.test.ts"},{"assertionResults":[],"startTime":1789595834486,"endTime":1789595834486,"status":"failed","message":"\ndocument-import-commit-notification-isolation.test.ts REFUSING TO RUN — DATABASE_URL names the PRODUCTION project (oqdhberkghtnszrkdvfm).\nPoint DATABASE_URL at a disposable database, or set ALLOW_PRODUCTION_TEST_WRITES=1.\n","name":"C:/Users/sammy/Projects/DriveCommand/apps/web/tests/carrier/document-import-commit-notification-isolation.test.ts"},{"assertionResults":[],"startTime":1789595834486,"endTime":1789595834486,"status":"failed","message":"\ndocument-import-commit-out-of-service.test.ts REFUSING TO RUN — DATABASE_URL names the PRODUCTION project (oqdhberkghtnszrkdvfm).\nPoint DATABASE_URL at a disposable database, or set ALLOW_PRODUCTION_TEST_WRITES=1.\n","name":"C:/Users/sammy/Projects/DriveCommand/apps/web/tests/carrier/document-import-commit-out-of-service.test.ts"},{"assertionResults":[],"startTime":1789595834486,"endTime":1789595834486,"status":"failed","message":"\ndocument-import-commit-rollback.test.ts REFUSING TO RUN — DATABASE_URL names the PRODUCTION project (oqdhberkghtnszrkdvfm).\nPoint DATABASE_URL at a disposable database, or set ALLOW_PRODUCTION_TEST_WRITES=1.\n","name":"C:/Users/sammy/Projects/DriveCommand/apps/web/tests/carrier/document-import-commit-rollback.test.ts"},{"assertionResults":[],"startTime":1789595834486,"endTime":1789595834486,"status":"failed","message":"\ndocument-import-commit-windows.test.ts REFUSING TO RUN — DATABASE_URL names the PRODUCTION project (oqdhberkghtnszrkdvfm).\nPoint DATABASE_URL at a disposable database, or set ALLOW_PRODUCTION_TEST_WRITES=1.\n","name":"C:/Users/sammy/Projects/DriveCommand/apps/web/tests/carrier/document-import-commit-windows.test.ts"},{"assertionResults":[],"startTime":1789595834486,"endTime":1789595834486,"status":"failed","message":"\ndriver-incident-report-persists.test.ts REFUSING TO RUN — DATABASE_URL names the PRODUCTION project (oqdhberkghtnszrkdvfm).\nPoint DATABASE_URL at a disposable database, or set ALLOW_PRODUCTION_TEST_WRITES=1.\n","name":"C:/Users/sammy/Projects/DriveCommand/apps/web/tests/carrier/driver-incident-report-persists.test.ts"},{"assertionResults":[{"ancestorTitles":["Carrier Ops Financial Integrity (Spec 8.3)"],"fullName":"Carrier Ops Financial Integrity (Spec 8.3) createLoad throws when clientId is missing","status":"skipped","title":"createLoad throws when clientId is missing","failureMessages":[],"meta":{}},{"ancestorTitles":["Carrier Ops Financial Integrity (Spec 8.3)"],"fullName":"Carrier Ops Financial Integrity (Spec 8.3) Paid pay records cannot be voided or approved","status":"skipped","title":"Paid pay records cannot be voided or approved","failureMessages":[],"meta":{}},{"ancestorTitles":["Carrier Ops Financial Integrity (Spec 8.3)"],"fullName":"Carrier Ops Financial Integrity (Spec 8.3) Revenue stored as computed field does not change on unrelated DB update","status":"skipped","title":"Revenue stored as computed field does not change on unrelated DB update","failureMessages":[],"meta":{}},{"ancestorTitles":["Carrier Ops Financial Integrity (Spec 8.3)"],"fullName":"Carrier Ops Financial Integrity (Spec 8.3) Money fields are string-serialized via decStr (Prisma Decimal → string)","status":"skipped","title":"Money fields are string-serialized via decStr (Prisma Decimal → string)","failureMessages":[],"meta":{}}],"startTime":1789595834486,"endTime":1789595834486,"status":"passed","message":"","name":"C:/Users/sammy/Projects/DriveCommand/apps/web/tests/carrier/financial-integrity.test.ts"},{"assertionResults":[],"startTime":1789595834486,"endTime":1789595834486,"status":"failed","message":"\ninspection-blocked-side-effects.test.ts REFUSING TO RUN — DATABASE_URL names the PRODUCTION project (oqdhberkghtnszrkdvfm).\nPoint DATABASE_URL at a disposable database, or set ALLOW_PRODUCTION_TEST_WRITES=1.\n","name":"C:/Users/sammy/Projects/DriveCommand/apps/web/tests/carrier/inspection-blocked-side-effects.test.ts"},{"assertionResults":[{"ancestorTitles":["Carrier Ops Multi-Tenancy (Spec 8.4)"],"fullName":"Carrier Ops Multi-Tenancy (Spec 8.4) Org B cannot access Org A carrier data via service functions","status":"skipped","title":"Org B cannot access Org A carrier data via service functions","failureMessages":[],"meta":{}},{"ancestorTitles":["Carrier Ops Multi-Tenancy (Spec 8.4)"],"fullName":"Carrier Ops Multi-Tenancy (Spec 8.4) org_id injection via request body is ignored — createClient overwrites orgId with caller orgId","status":"skipped","title":"org_id injection via request body is ignored — createClient overwrites orgId with caller orgId","failureMessages":[],"meta":{}},{"ancestorTitles":["Carrier Ops Multi-Tenancy (Spec 8.4)"],"fullName":"Carrier Ops Multi-Tenancy (Spec 8.4) Driver can only see dispatches assigned to them via driverId filter","status":"skipped","title":"Driver can only see dispatches assigned to them via driverId filter","failureMessages":[],"meta":{}},{"ancestorTitles":["Carrier Ops Multi-Tenancy (Spec 8.4)"],"fullName":"Carrier Ops Multi-Tenancy (Spec 8.4) Service functions are org-scoped but role-agnostic — route-level role checks are required","status":"skipped","title":"Service functions are org-scoped but role-agnostic — route-level role checks are required","failureMessages":[],"meta":{}}],"startTime":1789595834486,"endTime":1789595834486,"status":"passed","message":"","name":"C:/Users/sammy/Projects/DriveCommand/apps/web/tests/carrier/multi-tenancy.test.ts"},{"assertionResults":[],"startTime":1789595834486,"endTime":1789595834486,"status":"failed","message":"\nsample-record-picker-filtering.test.ts REFUSING TO RUN — DATABASE_URL names the PRODUCTION project (oqdhberkghtnszrkdvfm).\nPoint DATABASE_URL at a disposable database, or set ALLOW_PRODUCTION_TEST_WRITES=1.\n","name":"C:/Users/sammy/Projects/DriveCommand/apps/web/tests/carrier/sample-record-picker-filtering.test.ts"},{"assertionResults":[{"ancestorTitles":["cron/automations — injection"],"fullName":"cron/automations — injection COUNTS a failed scheduling — the catch that had 
[...]
orTitles":["playbook router","addStep"],"fullName":"playbook router addStep uses sequence 0 when playbook has no steps yet","status":"failed","title":"uses sequence 0 when playbook has no steps yet","duration":1.7021999999997206,"failureMessages":["Error: `cookies` was called outside a request scope. Read more: https://nextjs.org/docs/messages/next-dynamic-api-wrong-context\n    at throwForMissingRequestStore (C:\\Users\\sammy\\Projects\\DriveCommand\\node_modules\\next\\dist\\server\\app-render\\work-unit-async-storage.external.js:75:33)\n    at cookies (C:\\Users\\sammy\\Projects\\DriveCommand\\node_modules\\next\\dist\\server\\request\\cookies.js:126:67)\n    at createSupabaseServerClient (C:/Users/sammy/Projects/DriveCommand/apps/web/src/lib/supabase/server.ts:5:29)\n    at getSession2 (C:/Users/sammy/Projects/DriveCommand/apps/web/src/lib/auth/supabase.ts:45:26)\n    at processTicksAndRejections (node:internal/process/task_queues:103:5)\n    at resolveSessionTenantId (C:/Users/sammy/Projects/DriveCommand/apps/web/src/lib/context/tenant-context.ts:85:19)\n    at getTenantPrisma (C:/Users/sammy/Projects/DriveCommand/apps/web/src/lib/context/tenant-context.ts:173:20)\n    at C:/Users/sammy/Projects/DriveCommand/apps/web/src/server/api/routers/workflows/playbook.ts:157:26\n    at resolveMiddleware (file:///C:/Users/sammy/Projects/DriveCommand/node_modules/@trpc/server/dist/initTRPC-B1ggxyJl.mjs:221:17)\n    at callRecursive (file:///C:/Users/sammy/Projects/DriveCommand/node_modules/@trpc/server/dist/initTRPC-B1ggxyJl.mjs:256:18)"],"meta":{}},{"ancestorTitles":["playbook router","addStep"],"fullName":"playbook router addStep uses provided sequence directly","status":"failed","title":"uses provided sequence directly","duration":2.1080000000001746,"failureMessages":["Error: `cookies` was called outside a request scope. Read more: https://nextjs.org/docs/messages/next-dynamic-api-wrong-context\n    at throwForMissingRequestStore (C:\\Users\\sammy\\Projects\\DriveCommand\\node_modules\\next\\dist\\server\\app-render\\work-unit-async-storage.external.js:75:33)\n    at cookies (C:\\Users\\sammy\\Projects\\DriveCommand\\node_modules\\next\\dist\\server\\request\\cookies.js:126:67)\n    at createSupabaseServerClient (C:/Users/sammy/Projects/DriveCommand/apps/web/src/lib/supabase/server.ts:5:29)\n    at getSession2 (C:/Users/sammy/Projects/DriveCommand/apps/web/src/lib/auth/supabase.ts:45:26)\n    at processTicksAndRejections (node:internal/process/task_queues:103:5)\n    at resolveSessionTenantId (C:/Users/sammy/Projects/DriveCommand/apps/web/src/lib/context/tenant-context.ts:85:19)\n    at getTenantPrisma (C:/Users/sammy/Projects/DriveCommand/apps/web/src/lib/context/tenant-context.ts:173:20)\n    at C:/Users/sammy/Projects/DriveCommand/apps/web/src/server/api/routers/workflows/playbook.ts:157:26\n    at resolveMiddleware (file:///C:/Users/sammy/Projects/DriveCommand/node_modules/@trpc/server/dist/initTRPC-B1ggxyJl.mjs:221:17)\n    at callRecursive (file:///C:/Users/sammy/Projects/DriveCommand/node_modules/@trpc/server/dist/initTRPC-B1ggxyJl.mjs:256:18)"],"meta":{}},{"ancestorTitles":["playbook router","removeStep"],"fullName":"playbook router removeStep deletes the PlaybookStep and returns success","status":"failed","title":"deletes the PlaybookStep and returns success","duration":1.7727999999997337,"failureMessages":["Error: `cookies` was called outside a request scope. Read more: https://nextjs.org/docs/messages/next-dynamic-api-wrong-context\n    at throwForMissingRequestStore (C:\\Users\\sammy\\Projects\\DriveCommand\\node_modules\\next\\dist\\server\\app-render\\work-unit-async-storage.external.js:75:33)\n    at cookies (C:\\Users\\sammy\\Projects\\DriveCommand\\node_modules\\next\\dist\\server\\request\\cookies.js:126:67)\n    at createSupabaseServerClient (C:/Users/sammy/Projects/DriveCommand/apps/web/src/lib/supabase/server.ts:5:29)\n    at getSession2 (C:/Users/sammy/Projects/DriveCommand/apps/web/src/lib/auth/supabase.ts:45:26)\n    at processTicksAndRejections (node:internal/process/task_queues:103:5)\n    at resolveSessionTenantId (C:/Users/sammy/Projects/DriveCommand/apps/web/src/lib/context/tenant-context.ts:85:19)\n    at getTenantPrisma (C:/Users/sammy/Projects/DriveCommand/apps/web/src/lib/context/tenant-context.ts:173:20)\n    at C:/Users/sammy/Projects/DriveCommand/apps/web/src/server/api/routers/workflows/playbook.ts:204:26\n    at resolveMiddleware (file:///C:/Users/sammy/Projects/DriveCommand/node_modules/@trpc/server/dist/initTRPC-B1ggxyJl.mjs:221:17)\n    at callRecursive (file:///C:/Users/sammy/Projects/DriveCommand/node_modules/@trpc/server/dist/initTRPC-B1ggxyJl.mjs:256:18)"],"meta":{}},{"ancestorTitles":["playbook router","reorderSteps"],"fullName":"playbook router reorderSteps calls reorderPlaybookSteps with correct tenant and playbook","status":"failed","title":"calls reorderPlaybookSteps with correct tenant and playbook","duration":3.050799999999981,"failureMessages":["Error: `cookies` was called outside a request scope. Read more: https://nextjs.org/docs/messages/next-dynamic-api-wrong-context\n    at throwForMissingRequestStore (C:\\Users\\sammy\\Projects\\DriveCommand\\node_modules\\next\\dist\\server\\app-render\\work-unit-async-storage.external.js:75:33)\n    at cookies (C:\\Users\\sammy\\Projects\\DriveCommand\\node_modules\\next\\dist\\server\\request\\cookies.js:126:67)\n    at createSupabaseServerClient (C:/Users/sammy/Projects/DriveCommand/apps/web/src/lib/supabase/server.ts:5:29)\n    at getSession2 (C:/Users/sammy/Projects/DriveCommand/apps/web/src/lib/auth/supabase.ts:45:26)\n    at processTicksAndRejections (node:internal/process/task_queues:103:5)\n    at resolveSessionTenantId (C:/Users/sammy/Projects/DriveCommand/apps/web/src/lib/context/tenant-context.ts:85:19)\n    at getTenantPrisma (C:/Users/sammy/Projects/DriveCommand/apps/web/src/lib/context/tenant-context.ts:173:20)\n    at reorderPlaybookSteps (C:/Users/sammy/Projects/DriveCommand/apps/web/src/server/services/workflows/playbookStepService.ts:19:24)\n    at C:/Users/sammy/Projects/DriveCommand/apps/web/src/server/api/routers/workflows/playbook.ts:289:5\n    at resolveMiddleware (file:///C:/Users/sammy/Projects/DriveCommand/node_modules/@trpc/server/dist/initTRPC-B1ggxyJl.mjs:221:17)"],"meta":{}},{"ancestorTitles":["playbook router","reorderSteps"],"fullName":"playbook router reorderSteps rejects stepIds that do not belong to the playbook","status":"passed","title":"rejects stepIds that do not belong to the playbook","duration":2.0428000000001703,"failureMessages":[],"meta":{}},{"ancestorTitles":["playbook router","duplicate"],"fullName":"playbook router duplicate clones playbook with (copy) suffix and copies all steps","status":"failed","title":"clones playbook with (copy) suffix and copies all steps","duration":2.6875,"failureMessages":["Error: `cookies` was called outside a request scope. Read more: https://nextjs.org/docs/messages/next-dynamic-api-wrong-context\n    at throwForMissingRequestStore (C:\\Users\\sammy\\Projects\\DriveCommand\\node_modules\\next\\dist\\server\\app-render\\work-unit-async-storage.external.js:75:33)\n    at cookies (C:\\Users\\sammy\\Projects\\DriveCommand\\node_modules\\next\\dist\\server\\request\\cookies.js:126:67)\n    at createSupabaseServerClient (C:/Users/sammy/Projects/DriveCommand/apps/web/src/lib/supabase/server.ts:5:29)\n    at getSession2 (C:/Users/sammy/Projects/DriveCommand/apps/web/src/lib/auth/supabase.ts:45:26)\n    at processTicksAndRejections (node:internal/process/task_queues:103:5)\n    at resolveSessionTenantId (C:/Users/sammy/Projects/DriveCommand/apps/web/src/lib/context/tenant-context.ts:85:19)\n    at getTenantPrisma (C:/Users/sammy/Projects/DriveCommand/apps/web/src/lib/context/tenant-context.ts:173:20)\n    at C:/Users/sammy/Projects/DriveCommand/apps/web/src/server/api/routers/workflows/playbook.ts:113:26\n    at resolveMiddleware (file:///C:/Users/sammy/Projects/DriveCommand/node_modules/@trpc/server/dist/initTRPC-B1ggxyJl.mjs:221:17)\n    at callRecursive (file:///C:/Users/sammy/Projects/DriveCommand/node_modules/@trpc/server/dist/initTRPC-B1ggxyJl.mjs:256:18)"],"meta":{}},{"ancestorTitles":["playbook router","duplicate"],"fullName":"playbook router duplicate throws NOT_FOUND for a cross-tenant playbook","status":"passed","title":"throws NOT_FOUND for a cross-tenant playbook","duration":1.6781999999993786,"failureMessages":[],"meta":{}},{"ancestorTitles":["playbook router","archive"],"fullName":"playbook router archive soft-deletes playbook (isActive=false + deletedAt set)","status":"failed","title":"soft-deletes playbook (isActive=false + deletedAt set)","duration":1.7597999999998137,"failureMessages":["Error: `cookies` was called outside a request scope. Read more: https://nextjs.org/docs/messages/next-dynamic-api-wrong-context\n    at throwForMissingRequestStore (C:\\Users\\sammy\\Projects\\DriveCommand\\node_modules\\next\\dist\\server\\app-render\\work-unit-async-storage.external.js:75:33)\n    at cookies (C:\\Users\\sammy\\Projects\\DriveCommand\\node_modules\\next\\dist\\server\\request\\cookies.js:126:67)\n    at createSupabaseServerClient (C:/Users/sammy/Projects/DriveCommand/apps/web/src/lib/supabase/server.ts:5:29)\n    at getSession2 (C:/Users/sammy/Projects/DriveCommand/apps/web/src/lib/auth/supabase.ts:45:26)\n    at processTicksAndRejections (node:internal/process/task_queues:103:5)\n    at resolveSessionTenantId (C:/Users/sammy/Projects/DriveCommand/apps/web/src/lib/context/tenant-context.ts:85:19)\n    at getTenantPrisma (C:/Users/sammy/Projects/DriveCommand/apps/web/src/lib/context/tenant-context.ts:173:20)\n    at C:/Users/sammy/Projects/DriveCommand/apps/web/src/server/api/routers/workflows/playbook.ts:96:26\n    at resolveMiddleware (file:///C:/Users/sammy/Projects/DriveCommand/node_modules/@trpc/server/dist/initTRPC-B1ggxyJl.mjs:221:17)\n    at callRecursive (file:///C:/Users/sammy/Projects/DriveCommand/node_modules/@trpc/server/dist/initTRPC-B1ggxyJl.mjs:256:18)"],"meta":{}}],"startTime":1789595839253,"endTime":1789595839373.7598,"status":"failed","message":"","name":"C:/Users/sammy/Projects/DriveCommand/apps/web/src/server/api/routers/workflows/__tests__/playbook.test.ts"},{"assertionResults":[{"ancestorTitles":["seedStarterPlaybooks"],"fullName":"seedStarterPlaybooks creates exactly 3 playbooks for a new tenant","status":"passed","title":"creates exactly 3 playbooks for a new tenant","duration":32.09349999999995,"failureMessages":[],"meta":{}},{"ancestorTitles":["seedStarterPlaybooks"],"fullName":"seedStarterPlaybooks CDL Driver Onboarding creates 9 PlaybookStep rows","status":"passed","title":"CDL Driver Onboarding creates 9 PlaybookStep rows","duration":2.02030000000002,"failureMessages":[],"meta":{}},{"ancestorTitles":["seedStarterPlaybooks"],"fullName":"seedStarterPlaybooks Pre-Trip Inspection creates 12 PlaybookStep rows","status":"passed","title":"Pre-Trip Inspection creates 12 PlaybookStep rows","duration":0.9137999999999238,"failureMessages":[],"meta":{}},{"ancestorTitles":["seedStarterPlaybooks"],"fullName":"seedStarterPlaybooks New Partner Setup creates 6 PlaybookStep rows","status":"passed","title":"New Partner Setup creates 6 PlaybookStep rows","duration":0.904700000000048,"failureMessages":[],"meta":{}},{"ancestorTitles":["seedStarterPlaybooks"],"fullName":"seedStarterPlaybooks creates a default-on ON_DRIVER_CREATE PlaybookTrigger linked to the CDL Onboarding playbook","status":"passed","title":"creates a default-on ON_DRIVER_CREATE PlaybookTrigger linked to the CDL Onboarding playbook","duration":2.954499999999939,"failureMessages":[],"meta":{}},{"ancestorTitles":["seedStarterPlaybooks"],"fullName":"seedStarterPlaybooks acquires the tenant client with the tenantId ONLY (no userId) before any statement","status":"passed","title":"acquires the tenant client with the tenantId ONLY (no userId) before any statement","duration":0.9225999999999885,"failureMessages":[],"meta":{}},{"ancestorTitles":["seedStarterPlaybooks"],"fullName":"seedStarterPlaybooks propagates a failed transaction to the caller instead of resolving","status":"passed","title":"propagates a failed transaction to the caller instead of resolving","duration":2.4027999999999565,"failureMessages":[],"meta":{}},{"ancestorTitles":["seedStarterPlaybooks"],"fullName":"seedStarterPlaybooks is idempotent — skips seeding when CDL Onboarding already exists","status":"passed","title":"is idempotent — skips seeding when CDL Onboarding already exists","duration":0.7051999999999907,"failureMessages":[],"meta":{}}],"startTime":1789595846535,"endTime":1789595846578.705,"status":"passed","message":"","name":"C:/Users/sammy/Projects/DriveCommand/apps/web/src/server/api/routers/workflows/__tests__/seed.test.ts"},{"assertionResults":[{"ancestorTitles":["stepTemplate router","list"],"fullName":"stepTemplate router list returns only records for calling tenant","status":"failed","title":"returns only records for calling tenant","duration":99.83060000000023,"failureMessages":["Error: `cookies` was called outside a request scope. Read more: https://nextjs.org/docs/messages/next-dynamic-api-wrong-context\n    at throwForMissingRequestStore (C:\\Users\\sammy\\Projects\\DriveCommand\\node_modules\\next\\dist\\server\\app-render\\work-unit-async-storage.external.js:75:33)\n    at cookies (C:\\Users\\sammy\\Projects\\DriveCommand\\node_modules\\next\\dist\\server\\request\\cookies.js:126:67)\n    at createSupabaseServerClient (C:/Users/sammy/Projects/DriveCommand/apps/web/src/lib/supabase/server.ts:5:29)\n    at getSession2 (C:/Users/sammy/Projects/DriveCommand/apps/web/src/lib/auth/supabase.ts:45:26)\n    at processTicksAndRejections (node:internal/process/task_queues:103:5)\n    at resolveSessionTenantId (C:/Users/sammy/Projects/DriveCommand/apps/web/src/lib/context/tenant-context.ts:85:19)\n    at getTenantPrisma (C:/Users/sammy/Projects/DriveCommand/apps/web/src/lib/context/tenant-context.ts:173:20)\n    at C:/Users/sammy/Projects/DriveCommand/apps/web/src/server/api/routers/workflows/stepTemplate.ts:26:26\n    at resolveMiddleware (file:///C:/Users/sammy/Projects/DriveCommand/node_modules/@trpc/server/dist/initTRPC-B1ggxyJl.mjs:221:17)\n    at callRecursive (file:///C:/Users/sammy/Projects/DriveCommand/node_modules/@trpc/server/dist/initTRPC-B1ggxyJl.mjs:256:18)"],"meta":{}},{"ancestorTitles":["stepTemplate router","list"],"fullName":"stepTemplate router list excludes archived (isActive=false) templates","status":"failed","title":"excludes archived (isActive=false) templates","duration":1.566200000000208,"failureMessages":["Error: `cookies` was called outside a request scope. Read more: https://nextjs.org/docs/messages/next-dynamic-api-wrong-context\n    at throwForMissingRequestStore (C:\\Users\\sammy\\Projects\\DriveCommand\\node_modules\\next\\dist\\server\\app-render\\work-unit-async-storage.external.js:75:33)\n    at cookies (C:\\Users\\sammy\\Projects\\DriveCommand\\node_modules\\next\\dist\\server\\request\\cookies.js:126:67)\n    at createSupabaseServerClient (C:/Users/sammy/Projects/DriveCommand/apps/web/src/lib/supabase/server.ts:5:29)\n    at getSession2 (C:/Users/sammy/Projects/DriveCommand/apps/web/src/lib/auth/supabase.ts:45:26)\n    at processTicksAndRejections (node:internal/process/task_queues:103:5)\n    at resolveSessionTenantId (C:/Users/sammy/Projects/DriveCommand/apps/web/src/lib/context/tenant-context.ts:85:19)\n    at getTenantPrisma (C:/Users/sammy/Projects/DriveCommand/apps/web/src/lib/context/tenant-context.ts:173:20)\n    at C:/Users/sammy/Projects/DriveCommand/apps/web/src/server/api/routers/workflows/stepTemplate.ts:26:26\n    at resolveMiddleware (file:///C:/Users/sammy/Projects/DriveCommand/node_modules/@trpc/server/dist/initTRPC-B1ggxyJl.mjs:221:17)\n    at callRecursive (file:///C:/Users/sammy/Projects/DriveCommand/node_modules/@trpc/server/dist/initTRPC-B1ggxyJl.mjs:256:18)"],"meta":{}},{"ancestorTitles":["stepTemplate router","create"],"fullName":"stepTemplate router create sets tenantId from ctx, not from input","status":"failed","title":"sets tenantId from ctx, not from input","duration":2.8760000000002037,"failureMessages":["Error: `cookies` was called outside a request scope. Read more: https://nextjs.org/docs/messages/next-dynamic-api-wrong-context\n    at throwForMissingRequestStore (C:\\Users\\sammy\\Projects\\DriveCommand\\node_modules\\next\\dist\\server\\app-render\\work-unit-async-storage.external.js:75:33)\n    at cookies (C:\\Users\\sammy\\Projects\\DriveCommand\\node_modules\\next\\dist\\server\\request\\cookies.js:126:67)\n    at createSupabaseServerClient (C:/Users/sammy/Projects/DriveCommand/apps/web/src/lib/supabase/server.ts:5:29)\n    at getSession2 (C:/Users/sammy/Projects/DriveCommand/apps/web/src/lib/auth/supabase.ts:45:26)\n    at processTicksAndRejections (node:internal/process/task_queues:103:5)\n    at resolveSessionTenantId (C:/Users/sammy/Projects/DriveCommand/apps/web/src/lib/context/tenant-context.ts:85:19)\n    at getTenantPrisma (C:/Users/sammy/Projects/DriveCommand/apps/web/src/lib/context/tenant-context.ts:173:20)\n    at C:/Users/sammy/Projects/DriveCommand/apps/web/src/server/api/routers/workflows/stepTemplate.ts:55:26\n    at resolveMiddleware (file:///C:/Users/sammy/Projects/DriveCommand/node_modules/@trpc/server/dist/initTRPC-B1ggxyJl.mjs:221:17)\n    at callRecursive (file:///C:/Users/sammy/Projects/DriveCommand/node_modules/@trpc/server/dist/initTRPC-B1ggxyJl.mjs:256:18)"],"meta":{}},{"ancestorTitles":["stepTemplate router","archive"],"fullName":"stepTemplate router archive soft-deletes by setting isActive=false and deletedAt","status":"failed","title":"soft-deletes by setting isActive=false and deletedAt","duration":2.019100000000435,"failureMessages":["Error: `cookies` was called outside a request scope. Read more: https://nextjs.org/docs/messages/next-dynamic-api-wrong-context\n    at throwForMissingRequestStore (C:\\Users\\sammy\\Projects\\DriveCommand\\node_modules\\next\\dist\\server\\app-render\\work-unit-async-storage.external.js:75:33)\n    at cookies (C:\\Users\\sammy\\Projects\\DriveCommand\\node_modules\\next\\dist\\server\\request\\cookies.js:126:67)\n    at createSupabaseServerClient (C:/Users/sammy/Projects/DriveCommand/apps/web/src/lib/supabase/server.ts:5:29)\n    at getSession2 (C:/Users/sammy/Projects/DriveCommand/apps/web/src/lib/auth/supabase.ts:45:26)\n    at processTicksAndRejections (node:internal/process/task_queues:103:5)\n    at resolveSessionTenantId (C:/Users/sammy/Projects/DriveCommand/apps/web/src/lib/context/tenant-context.ts:85:19)\n    at getTenantPrisma (C:/Users/sammy/Projects/DriveCommand/apps/web/src/lib/context/tenant-context.ts:173:20)\n    at C:/Users/sammy/Projects/DriveCommand/apps/web/src/server/api/routers/workflows/stepTemplate.ts:84:26\n    at resolveMiddleware (file:///C:/Users/sammy/Projects/DriveCommand/node_modules/@trpc/server/dist/initTRPC-B1ggxyJl.mjs:221:17)\n    at callRecursive (file:///C:/Users/sammy/Projects/DriveCommand/node_modules/@trpc/server/dist/initTRPC-B1ggxyJl.mjs:256:18)"],"meta":{}},{"ancestorTitles":["stepTemplate router","archive"],"fullName":"stepTemplate router archive throws NOT_FOUND for a cross-tenant id (tenant isolation)","status":"failed","title":"throws NOT_FOUND for a cross-tenant id (tenant isolation)","duration":4.809699999999793,"failureMessages":["TypeError: Cannot read properties of undefined (reading '0')\n    at C:/Users/sammy/Projects/DriveCommand/apps/web/src/server/api/routers/workflows/__tests__/stepTemplate.test.ts:137:73\n    at processTicksAndRejections (node:internal/process/task_queues:103:5)\n    at file:///C:/Users/sammy/Projects/DriveCommand/node_modules/@vitest/runner/dist/index.js:915:20"],"meta":{}}],"startTime":1789595839249,"endTime":1789595839360.8098,"status":"failed","message":"","name":"C:/Users/sammy/Projects/DriveCommand/apps/web/src/server/api/routers/workflows/__tests__/stepTemplate.test.ts"}]}